Vocabulary Size:  27710
Total number of model parameters: 18.10M
| epoch   1 |   500/15983 batches | lr 2.00 | ms/batch  5.07 | loss  9.35 | ppl 11487.98
| epoch   1 |  1000/15983 batches | lr 2.00 | ms/batch  4.94 | loss  6.63 | ppl   755.32
| epoch   1 |  1500/15983 batches | lr 2.00 | ms/batch  4.94 | loss  6.37 | ppl   586.70
| epoch   1 |  2000/15983 batches | lr 2.00 | ms/batch  4.94 | loss  6.14 | ppl   464.02
| epoch   1 |  2500/15983 batches | lr 2.00 | ms/batch  4.94 | loss  5.96 | ppl   387.15
| epoch   1 |  3000/15983 batches | lr 2.00 | ms/batch  4.94 | loss  5.97 | ppl   390.28
| epoch   1 |  3500/15983 batches | lr 2.00 | ms/batch  4.94 | loss  5.92 | ppl   373.26
| epoch   1 |  4000/15983 batches | lr 2.00 | ms/batch  4.94 | loss  5.90 | ppl   366.10
| epoch   1 |  4500/15983 batches | lr 2.00 | ms/batch  4.93 | loss  5.87 | ppl   353.90
| epoch   1 |  5000/15983 batches | lr 2.00 | ms/batch  4.94 | loss  5.83 | ppl   340.86
| epoch   1 |  5500/15983 batches | lr 2.00 | ms/batch  4.94 | loss  5.76 | ppl   318.79
| epoch   1 |  6000/15983 batches | lr 2.00 | ms/batch  4.94 | loss  5.75 | ppl   314.79
| epoch   1 |  6500/15983 batches | lr 2.00 | ms/batch  4.94 | loss  5.67 | ppl   290.30
| epoch   1 |  7000/15983 batches | lr 2.00 | ms/batch  4.94 | loss  5.68 | ppl   293.30
| epoch   1 |  7500/15983 batches | lr 2.00 | ms/batch  4.94 | loss  5.61 | ppl   273.73
| epoch   1 |  8000/15983 batches | lr 2.00 | ms/batch  4.94 | loss  5.67 | ppl   290.55
| epoch   1 |  8500/15983 batches | lr 2.00 | ms/batch  4.94 | loss  5.58 | ppl   265.14
| epoch   1 |  9000/15983 batches | lr 2.00 | ms/batch  4.94 | loss  5.53 | ppl   252.80
| epoch   1 |  9500/15983 batches | lr 2.00 | ms/batch  4.94 | loss  5.52 | ppl   249.55
| epoch   1 | 10000/15983 batches | lr 2.00 | ms/batch  4.94 | loss  5.51 | ppl   247.79
| epoch   1 | 10500/15983 batches | lr 2.00 | ms/batch  4.94 | loss  5.52 | ppl   250.87
| epoch   1 | 11000/15983 batches | lr 2.00 | ms/batch  4.94 | loss  5.52 | ppl   249.49
| epoch   1 | 11500/15983 batches | lr 2.00 | ms/batch  4.94 | loss  5.48 | ppl   239.88
| epoch   1 | 12000/15983 batches | lr 2.00 | ms/batch  4.94 | loss  5.44 | ppl   230.93
| epoch   1 | 12500/15983 batches | lr 2.00 | ms/batch  4.94 | loss  5.40 | ppl   222.12
| epoch   1 | 13000/15983 batches | lr 2.00 | ms/batch  4.93 | loss  5.42 | ppl   225.35
| epoch   1 | 13500/15983 batches | lr 2.00 | ms/batch  4.94 | loss  5.44 | ppl   231.37
| epoch   1 | 14000/15983 batches | lr 2.00 | ms/batch  4.94 | loss  5.46 | ppl   236.20
| epoch   1 | 14500/15983 batches | lr 2.00 | ms/batch  4.93 | loss  5.36 | ppl   211.98
| epoch   1 | 15000/15983 batches | lr 2.00 | ms/batch  4.94 | loss  5.33 | ppl   207.14
| epoch   1 | 15500/15983 batches | lr 2.00 | ms/batch  4.93 | loss  5.36 | ppl   212.35
-----------------------------------------------------------------------------------------
| end of epoch   1 | time: 79.44s | valid loss  5.43 | valid ppl   227.48
-----------------------------------------------------------------------------------------
| epoch   2 |   500/15983 batches | lr 2.00 | ms/batch  4.95 | loss  5.40 | ppl   220.83
| epoch   2 |  1000/15983 batches | lr 2.00 | ms/batch  4.94 | loss  5.39 | ppl   219.97
| epoch   2 |  1500/15983 batches | lr 2.00 | ms/batch  4.94 | loss  5.45 | ppl   233.06
| epoch   2 |  2000/15983 batches | lr 2.00 | ms/batch  4.94 | loss  5.35 | ppl   211.62
| epoch   2 |  2500/15983 batches | lr 2.00 | ms/batch  4.94 | loss  5.28 | ppl   195.64
| epoch   2 |  3000/15983 batches | lr 2.00 | ms/batch  4.94 | loss  5.34 | ppl   208.87
| epoch   2 |  3500/15983 batches | lr 2.00 | ms/batch  4.94 | loss  5.36 | ppl   211.78
| epoch   2 |  4000/15983 batches | lr 2.00 | ms/batch  4.94 | loss  5.36 | ppl   213.76
| epoch   2 |  4500/15983 batches | lr 2.00 | ms/batch  4.94 | loss  5.37 | ppl   214.42
| epoch   2 |  5000/15983 batches | lr 2.00 | ms/batch  4.94 | loss  5.36 | ppl   212.00
| epoch   2 |  5500/15983 batches | lr 2.00 | ms/batch  4.94 | loss  5.34 | ppl   207.83
| epoch   2 |  6000/15983 batches | lr 2.00 | ms/batch  4.94 | loss  5.35 | ppl   211.16
| epoch   2 |  6500/15983 batches | lr 2.00 | ms/batch  4.94 | loss  5.30 | ppl   199.51
| epoch   2 |  7000/15983 batches | lr 2.00 | ms/batch  4.94 | loss  5.30 | ppl   201.05
| epoch   2 |  7500/15983 batches | lr 2.00 | ms/batch  4.94 | loss  5.26 | ppl   192.72
| epoch   2 |  8000/15983 batches | lr 2.00 | ms/batch  4.94 | loss  5.34 | ppl   208.33
| epoch   2 |  8500/15983 batches | lr 2.00 | ms/batch  4.94 | loss  5.26 | ppl   192.83
| epoch   2 |  9000/15983 batches | lr 2.00 | ms/batch  4.94 | loss  5.21 | ppl   184.00
| epoch   2 |  9500/15983 batches | lr 2.00 | ms/batch  4.94 | loss  5.22 | ppl   184.74
| epoch   2 | 10000/15983 batches | lr 2.00 | ms/batch  4.94 | loss  5.22 | ppl   184.23
| epoch   2 | 10500/15983 batches | lr 2.00 | ms/batch  4.94 | loss  5.25 | ppl   191.32
| epoch   2 | 11000/15983 batches | lr 2.00 | ms/batch  4.94 | loss  5.26 | ppl   193.31
| epoch   2 | 11500/15983 batches | lr 2.00 | ms/batch  4.94 | loss  5.22 | ppl   185.85
| epoch   2 | 12000/15983 batches | lr 2.00 | ms/batch  4.94 | loss  5.21 | ppl   182.79
| epoch   2 | 12500/15983 batches | lr 2.00 | ms/batch  4.94 | loss  5.17 | ppl   176.44
| epoch   2 | 13000/15983 batches | lr 2.00 | ms/batch  4.94 | loss  5.19 | ppl   178.96
| epoch   2 | 13500/15983 batches | lr 2.00 | ms/batch  4.94 | loss  5.21 | ppl   183.66
| epoch   2 | 14000/15983 batches | lr 2.00 | ms/batch  4.94 | loss  5.24 | ppl   188.55
| epoch   2 | 14500/15983 batches | lr 2.00 | ms/batch  4.94 | loss  5.15 | ppl   171.99
| epoch   2 | 15000/15983 batches | lr 2.00 | ms/batch  4.94 | loss  5.14 | ppl   170.37
| epoch   2 | 15500/15983 batches | lr 2.00 | ms/batch  4.94 | loss  5.16 | ppl   174.05
-----------------------------------------------------------------------------------------
| end of epoch   2 | time: 79.41s | valid loss  5.27 | valid ppl   195.38
-----------------------------------------------------------------------------------------
| epoch   3 |   500/15983 batches | lr 2.00 | ms/batch  4.95 | loss  5.20 | ppl   181.80
| epoch   3 |  1000/15983 batches | lr 2.00 | ms/batch  4.94 | loss  5.20 | ppl   181.86
| epoch   3 |  1500/15983 batches | lr 2.00 | ms/batch  4.94 | loss  5.25 | ppl   191.00
| epoch   3 |  2000/15983 batches | lr 2.00 | ms/batch  4.94 | loss  5.17 | ppl   175.70
| epoch   3 |  2500/15983 batches | lr 2.00 | ms/batch  4.94 | loss  5.11 | ppl   166.00
| epoch   3 |  3000/15983 batches | lr 2.00 | ms/batch  4.94 | loss  5.18 | ppl   177.00
| epoch   3 |  3500/15983 batches | lr 2.00 | ms/batch  4.94 | loss  5.19 | ppl   179.41
| epoch   3 |  4000/15983 batches | lr 2.00 | ms/batch  4.94 | loss  5.19 | ppl   180.02
| epoch   3 |  4500/15983 batches | lr 2.00 | ms/batch  4.94 | loss  5.20 | ppl   181.82
| epoch   3 |  5000/15983 batches | lr 2.00 | ms/batch  4.94 | loss  5.20 | ppl   180.87
| epoch   3 |  5500/15983 batches | lr 2.00 | ms/batch  4.94 | loss  5.19 | ppl   178.98
| epoch   3 |  6000/15983 batches | lr 2.00 | ms/batch  4.94 | loss  5.21 | ppl   182.35
| epoch   3 |  6500/15983 batches | lr 2.00 | ms/batch  4.94 | loss  5.15 | ppl   173.03
| epoch   3 |  7000/15983 batches | lr 2.00 | ms/batch  4.94 | loss  5.16 | ppl   174.23
| epoch   3 |  7500/15983 batches | lr 2.00 | ms/batch  4.94 | loss  5.12 | ppl   167.95
| epoch   3 |  8000/15983 batches | lr 2.00 | ms/batch  4.94 | loss  5.20 | ppl   181.44
| epoch   3 |  8500/15983 batches | lr 2.00 | ms/batch  4.94 | loss  5.13 | ppl   168.90
| epoch   3 |  9000/15983 batches | lr 2.00 | ms/batch  4.94 | loss  5.09 | ppl   161.58
| epoch   3 |  9500/15983 batches | lr 2.00 | ms/batch  4.94 | loss  5.09 | ppl   162.96
| epoch   3 | 10000/15983 batches | lr 2.00 | ms/batch  4.94 | loss  5.09 | ppl   161.97
| epoch   3 | 10500/15983 batches | lr 2.00 | ms/batch  4.94 | loss  5.13 | ppl   169.24
| epoch   3 | 11000/15983 batches | lr 2.00 | ms/batch  4.94 | loss  5.14 | ppl   171.54
| epoch   3 | 11500/15983 batches | lr 2.00 | ms/batch  4.94 | loss  5.11 | ppl   165.19
| epoch   3 | 12000/15983 batches | lr 2.00 | ms/batch  4.94 | loss  5.10 | ppl   163.46
| epoch   3 | 12500/15983 batches | lr 2.00 | ms/batch  4.94 | loss  5.06 | ppl   158.27
| epoch   3 | 13000/15983 batches | lr 2.00 | ms/batch  4.94 | loss  5.08 | ppl   160.51
| epoch   3 | 13500/15983 batches | lr 2.00 | ms/batch  4.94 | loss  5.10 | ppl   164.41
| epoch   3 | 14000/15983 batches | lr 2.00 | ms/batch  4.94 | loss  5.13 | ppl   168.37
| epoch   3 | 14500/15983 batches | lr 2.00 | ms/batch  4.94 | loss  5.04 | ppl   155.22
| epoch   3 | 15000/15983 batches | lr 2.00 | ms/batch  4.94 | loss  5.04 | ppl   155.10
| epoch   3 | 15500/15983 batches | lr 2.00 | ms/batch  4.94 | loss  5.05 | ppl   156.33
-----------------------------------------------------------------------------------------
| end of epoch   3 | time: 79.39s | valid loss  5.21 | valid ppl   182.78
-----------------------------------------------------------------------------------------
| epoch   4 |   500/15983 batches | lr 2.00 | ms/batch  4.95 | loss  5.10 | ppl   164.00
| epoch   4 |  1000/15983 batches | lr 2.00 | ms/batch  4.94 | loss  5.10 | ppl   164.66
| epoch   4 |  1500/15983 batches | lr 2.00 | ms/batch  4.94 | loss  5.14 | ppl   170.94
| epoch   4 |  2000/15983 batches | lr 2.00 | ms/batch  4.94 | loss  5.06 | ppl   157.94
| epoch   4 |  2500/15983 batches | lr 2.00 | ms/batch  4.94 | loss  5.02 | ppl   151.73
| epoch   4 |  3000/15983 batches | lr 2.00 | ms/batch  4.94 | loss  5.09 | ppl   161.68
| epoch   4 |  3500/15983 batches | lr 2.00 | ms/batch  4.94 | loss  5.10 | ppl   163.62
| epoch   4 |  4000/15983 batches | lr 2.00 | ms/batch  4.94 | loss  5.10 | ppl   163.93
| epoch   4 |  4500/15983 batches | lr 2.00 | ms/batch  4.94 | loss  5.11 | ppl   165.18
| epoch   4 |  5000/15983 batches | lr 2.00 | ms/batch  4.94 | loss  5.10 | ppl   164.77
| epoch   4 |  5500/15983 batches | lr 2.00 | ms/batch  4.94 | loss  5.10 | ppl   164.04
| epoch   4 |  6000/15983 batches | lr 2.00 | ms/batch  4.94 | loss  5.12 | ppl   167.25
| epoch   4 |  6500/15983 batches | lr 2.00 | ms/batch  4.94 | loss  5.07 | ppl   159.22
| epoch   4 |  7000/15983 batches | lr 2.00 | ms/batch  4.94 | loss  5.07 | ppl   159.36
| epoch   4 |  7500/15983 batches | lr 2.00 | ms/batch  4.94 | loss  5.04 | ppl   154.70
| epoch   4 |  8000/15983 batches | lr 2.00 | ms/batch  4.94 | loss  5.12 | ppl   166.87
| epoch   4 |  8500/15983 batches | lr 2.00 | ms/batch  4.94 | loss  5.05 | ppl   155.96
| epoch   4 |  9000/15983 batches | lr 2.00 | ms/batch  4.94 | loss  5.01 | ppl   149.69
| epoch   4 |  9500/15983 batches | lr 2.00 | ms/batch  4.94 | loss  5.02 | ppl   151.29
| epoch   4 | 10000/15983 batches | lr 2.00 | ms/batch  4.94 | loss  5.01 | ppl   149.44
| epoch   4 | 10500/15983 batches | lr 2.00 | ms/batch  4.94 | loss  5.06 | ppl   156.84
| epoch   4 | 11000/15983 batches | lr 2.00 | ms/batch  4.94 | loss  5.07 | ppl   159.60
| epoch   4 | 11500/15983 batches | lr 2.00 | ms/batch  4.94 | loss  5.03 | ppl   153.51
| epoch   4 | 12000/15983 batches | lr 2.00 | ms/batch  4.94 | loss  5.03 | ppl   152.79
| epoch   4 | 12500/15983 batches | lr 2.00 | ms/batch  4.94 | loss  4.99 | ppl   147.23
| epoch   4 | 13000/15983 batches | lr 2.00 | ms/batch  4.94 | loss  5.01 | ppl   149.72
| epoch   4 | 13500/15983 batches | lr 2.00 | ms/batch  4.94 | loss  5.03 | ppl   152.94
| epoch   4 | 14000/15983 batches | lr 2.00 | ms/batch  4.94 | loss  5.05 | ppl   156.80
| epoch   4 | 14500/15983 batches | lr 2.00 | ms/batch  4.94 | loss  4.98 | ppl   145.40
| epoch   4 | 15000/15983 batches | lr 2.00 | ms/batch  4.94 | loss  4.98 | ppl   145.56
| epoch   4 | 15500/15983 batches | lr 2.00 | ms/batch  4.94 | loss  4.99 | ppl   146.39
-----------------------------------------------------------------------------------------
| end of epoch   4 | time: 79.40s | valid loss  5.17 | valid ppl   176.35
-----------------------------------------------------------------------------------------
| epoch   5 |   500/15983 batches | lr 2.00 | ms/batch  4.95 | loss  5.03 | ppl   153.29
| epoch   5 |  1000/15983 batches | lr 2.00 | ms/batch  4.94 | loss  5.04 | ppl   154.28
| epoch   5 |  1500/15983 batches | lr 2.00 | ms/batch  4.94 | loss  5.07 | ppl   158.58
| epoch   5 |  2000/15983 batches | lr 2.00 | ms/batch  4.94 | loss  4.99 | ppl   147.53
| epoch   5 |  2500/15983 batches | lr 2.00 | ms/batch  4.94 | loss  4.96 | ppl   142.81
| epoch   5 |  3000/15983 batches | lr 2.00 | ms/batch  4.94 | loss  5.02 | ppl   151.47
| epoch   5 |  3500/15983 batches | lr 2.00 | ms/batch  4.94 | loss  5.03 | ppl   153.11
| epoch   5 |  4000/15983 batches | lr 2.00 | ms/batch  4.94 | loss  5.03 | ppl   153.21
| epoch   5 |  4500/15983 batches | lr 2.00 | ms/batch  4.94 | loss  5.04 | ppl   154.44
| epoch   5 |  5000/15983 batches | lr 2.00 | ms/batch  4.94 | loss  5.04 | ppl   155.14
| epoch   5 |  5500/15983 batches | lr 2.00 | ms/batch  4.94 | loss  5.04 | ppl   153.73
| epoch   5 |  6000/15983 batches | lr 2.00 | ms/batch  4.94 | loss  5.06 | ppl   157.44
| epoch   5 |  6500/15983 batches | lr 2.00 | ms/batch  4.94 | loss  5.01 | ppl   149.93
| epoch   5 |  7000/15983 batches | lr 2.00 | ms/batch  4.94 | loss  5.01 | ppl   150.36
| epoch   5 |  7500/15983 batches | lr 2.00 | ms/batch  4.94 | loss  4.99 | ppl   146.24
| epoch   5 |  8000/15983 batches | lr 2.00 | ms/batch  4.94 | loss  5.06 | ppl   157.47
| epoch   5 |  8500/15983 batches | lr 2.00 | ms/batch  4.94 | loss  4.99 | ppl   147.66
| epoch   5 |  9000/15983 batches | lr 2.00 | ms/batch  4.94 | loss  4.95 | ppl   141.52
| epoch   5 |  9500/15983 batches | lr 2.00 | ms/batch  4.94 | loss  4.96 | ppl   143.13
| epoch   5 | 10000/15983 batches | lr 2.00 | ms/batch  4.94 | loss  4.95 | ppl   141.59
| epoch   5 | 10500/15983 batches | lr 2.00 | ms/batch  4.94 | loss  5.00 | ppl   148.91
| epoch   5 | 11000/15983 batches | lr 2.00 | ms/batch  4.94 | loss  5.02 | ppl   151.65
| epoch   5 | 11500/15983 batches | lr 2.00 | ms/batch  4.94 | loss  4.98 | ppl   145.33
| epoch   5 | 12000/15983 batches | lr 2.00 | ms/batch  4.94 | loss  4.98 | ppl   144.88
| epoch   5 | 12500/15983 batches | lr 2.00 | ms/batch  4.93 | loss  4.94 | ppl   139.71
| epoch   5 | 13000/15983 batches | lr 2.00 | ms/batch  4.93 | loss  4.96 | ppl   142.16
| epoch   5 | 13500/15983 batches | lr 2.00 | ms/batch  4.94 | loss  4.98 | ppl   145.32
| epoch   5 | 14000/15983 batches | lr 2.00 | ms/batch  4.94 | loss  5.00 | ppl   148.37
| epoch   5 | 14500/15983 batches | lr 2.00 | ms/batch  4.94 | loss  4.93 | ppl   138.88
| epoch   5 | 15000/15983 batches | lr 2.00 | ms/batch  4.93 | loss  4.93 | ppl   139.03
| epoch   5 | 15500/15983 batches | lr 2.00 | ms/batch  4.94 | loss  4.94 | ppl   139.25
-----------------------------------------------------------------------------------------
| end of epoch   5 | time: 79.39s | valid loss  5.13 | valid ppl   169.48
-----------------------------------------------------------------------------------------
| epoch   6 |   500/15983 batches | lr 2.00 | ms/batch  4.95 | loss  4.98 | ppl   145.47
| epoch   6 |  1000/15983 batches | lr 2.00 | ms/batch  4.94 | loss  4.99 | ppl   146.76
| epoch   6 |  1500/15983 batches | lr 2.00 | ms/batch  4.94 | loss  5.01 | ppl   150.02
| epoch   6 |  2000/15983 batches | lr 2.00 | ms/batch  4.94 | loss  4.94 | ppl   140.23
| epoch   6 |  2500/15983 batches | lr 2.00 | ms/batch  4.94 | loss  4.92 | ppl   136.81
| epoch   6 |  3000/15983 batches | lr 2.00 | ms/batch  4.94 | loss  4.97 | ppl   143.99
| epoch   6 |  3500/15983 batches | lr 2.00 | ms/batch  4.94 | loss  4.98 | ppl   145.89
| epoch   6 |  4000/15983 batches | lr 2.00 | ms/batch  4.93 | loss  4.98 | ppl   145.38
| epoch   6 |  4500/15983 batches | lr 2.00 | ms/batch  4.93 | loss  4.99 | ppl   147.04
| epoch   6 |  5000/15983 batches | lr 2.00 | ms/batch  4.94 | loss  4.99 | ppl   147.52
| epoch   6 |  5500/15983 batches | lr 2.00 | ms/batch  4.94 | loss  4.99 | ppl   147.17
| epoch   6 |  6000/15983 batches | lr 2.00 | ms/batch  4.94 | loss  5.01 | ppl   150.41
| epoch   6 |  6500/15983 batches | lr 2.00 | ms/batch  4.93 | loss  4.96 | ppl   142.87
| epoch   6 |  7000/15983 batches | lr 2.00 | ms/batch  4.94 | loss  4.97 | ppl   143.49
| epoch   6 |  7500/15983 batches | lr 2.00 | ms/batch  4.94 | loss  4.94 | ppl   139.51
| epoch   6 |  8000/15983 batches | lr 2.00 | ms/batch  4.94 | loss  5.01 | ppl   149.96
| epoch   6 |  8500/15983 batches | lr 2.00 | ms/batch  4.94 | loss  4.95 | ppl   141.31
| epoch   6 |  9000/15983 batches | lr 2.00 | ms/batch  4.94 | loss  4.91 | ppl   135.30
| epoch   6 |  9500/15983 batches | lr 2.00 | ms/batch  4.94 | loss  4.92 | ppl   137.05
| epoch   6 | 10000/15983 batches | lr 2.00 | ms/batch  4.94 | loss  4.91 | ppl   135.25
| epoch   6 | 10500/15983 batches | lr 2.00 | ms/batch  4.94 | loss  4.96 | ppl   142.33
| epoch   6 | 11000/15983 batches | lr 2.00 | ms/batch  4.94 | loss  4.98 | ppl   145.03
| epoch   6 | 11500/15983 batches | lr 2.00 | ms/batch  4.94 | loss  4.94 | ppl   139.55
| epoch   6 | 12000/15983 batches | lr 2.00 | ms/batch  4.94 | loss  4.94 | ppl   139.27
| epoch   6 | 12500/15983 batches | lr 2.00 | ms/batch  4.94 | loss  4.90 | ppl   134.64
| epoch   6 | 13000/15983 batches | lr 2.00 | ms/batch  4.94 | loss  4.92 | ppl   136.75
| epoch   6 | 13500/15983 batches | lr 2.00 | ms/batch  4.94 | loss  4.94 | ppl   139.12
| epoch   6 | 14000/15983 batches | lr 2.00 | ms/batch  4.94 | loss  4.96 | ppl   142.58
| epoch   6 | 14500/15983 batches | lr 2.00 | ms/batch  4.94 | loss  4.89 | ppl   133.57
| epoch   6 | 15000/15983 batches | lr 2.00 | ms/batch  4.94 | loss  4.90 | ppl   133.97
| epoch   6 | 15500/15983 batches | lr 2.00 | ms/batch  4.94 | loss  4.90 | ppl   133.97
-----------------------------------------------------------------------------------------
| end of epoch   6 | time: 79.37s | valid loss  5.13 | valid ppl   168.88
-----------------------------------------------------------------------------------------
| epoch   7 |   500/15983 batches | lr 2.00 | ms/batch  4.95 | loss  4.94 | ppl   139.60
| epoch   7 |  1000/15983 batches | lr 2.00 | ms/batch  4.94 | loss  4.95 | ppl   140.96
| epoch   7 |  1500/15983 batches | lr 2.00 | ms/batch  4.94 | loss  4.97 | ppl   144.11
| epoch   7 |  2000/15983 batches | lr 2.00 | ms/batch  4.94 | loss  4.91 | ppl   135.00
| epoch   7 |  2500/15983 batches | lr 2.00 | ms/batch  4.94 | loss  4.88 | ppl   131.87
| epoch   7 |  3000/15983 batches | lr 2.00 | ms/batch  4.94 | loss  4.93 | ppl   138.92
| epoch   7 |  3500/15983 batches | lr 2.00 | ms/batch  4.94 | loss  4.95 | ppl   140.60
| epoch   7 |  4000/15983 batches | lr 2.00 | ms/batch  4.94 | loss  4.94 | ppl   139.58
| epoch   7 |  4500/15983 batches | lr 2.00 | ms/batch  4.94 | loss  4.95 | ppl   141.25
| epoch   7 |  5000/15983 batches | lr 2.00 | ms/batch  4.94 | loss  4.96 | ppl   141.91
| epoch   7 |  5500/15983 batches | lr 2.00 | ms/batch  4.93 | loss  4.95 | ppl   141.29
| epoch   7 |  6000/15983 batches | lr 2.00 | ms/batch  4.94 | loss  4.98 | ppl   144.85
| epoch   7 |  6500/15983 batches | lr 2.00 | ms/batch  4.94 | loss  4.92 | ppl   137.60
| epoch   7 |  7000/15983 batches | lr 2.00 | ms/batch  4.94 | loss  4.93 | ppl   138.26
| epoch   7 |  7500/15983 batches | lr 2.00 | ms/batch  4.94 | loss  4.90 | ppl   134.75
| epoch   7 |  8000/15983 batches | lr 2.00 | ms/batch  4.94 | loss  4.97 | ppl   144.16
| epoch   7 |  8500/15983 batches | lr 2.00 | ms/batch  4.94 | loss  4.92 | ppl   136.74
| epoch   7 |  9000/15983 batches | lr 2.00 | ms/batch  4.94 | loss  4.87 | ppl   130.93
| epoch   7 |  9500/15983 batches | lr 2.00 | ms/batch  4.94 | loss  4.89 | ppl   132.81
| epoch   7 | 10000/15983 batches | lr 2.00 | ms/batch  4.94 | loss  4.87 | ppl   130.38
| epoch   7 | 10500/15983 batches | lr 2.00 | ms/batch  4.94 | loss  4.93 | ppl   137.92
| epoch   7 | 11000/15983 batches | lr 2.00 | ms/batch  4.94 | loss  4.94 | ppl   140.00
| epoch   7 | 11500/15983 batches | lr 2.00 | ms/batch  4.94 | loss  4.90 | ppl   134.83
| epoch   7 | 12000/15983 batches | lr 2.00 | ms/batch  4.94 | loss  4.90 | ppl   134.77
| epoch   7 | 12500/15983 batches | lr 2.00 | ms/batch  4.94 | loss  4.87 | ppl   130.17
| epoch   7 | 13000/15983 batches | lr 2.00 | ms/batch  4.94 | loss  4.88 | ppl   132.10
| epoch   7 | 13500/15983 batches | lr 2.00 | ms/batch  4.94 | loss  4.90 | ppl   134.27
| epoch   7 | 14000/15983 batches | lr 2.00 | ms/batch  4.94 | loss  4.92 | ppl   137.16
| epoch   7 | 14500/15983 batches | lr 2.00 | ms/batch  4.94 | loss  4.87 | ppl   129.84
| epoch   7 | 15000/15983 batches | lr 2.00 | ms/batch  4.94 | loss  4.87 | ppl   129.99
| epoch   7 | 15500/15983 batches | lr 2.00 | ms/batch  4.94 | loss  4.86 | ppl   129.56
-----------------------------------------------------------------------------------------
| end of epoch   7 | time: 79.39s | valid loss  5.09 | valid ppl   162.78
-----------------------------------------------------------------------------------------
| epoch   8 |   500/15983 batches | lr 2.00 | ms/batch  4.95 | loss  4.90 | ppl   134.96
| epoch   8 |  1000/15983 batches | lr 2.00 | ms/batch  4.93 | loss  4.91 | ppl   136.25
| epoch   8 |  1500/15983 batches | lr 2.00 | ms/batch  4.94 | loss  4.93 | ppl   139.06
| epoch   8 |  2000/15983 batches | lr 2.00 | ms/batch  4.94 | loss  4.87 | ppl   130.32
| epoch   8 |  2500/15983 batches | lr 2.00 | ms/batch  4.94 | loss  4.85 | ppl   128.06
| epoch   8 |  3000/15983 batches | lr 2.00 | ms/batch  4.93 | loss  4.90 | ppl   134.73
| epoch   8 |  3500/15983 batches | lr 2.00 | ms/batch  4.93 | loss  4.91 | ppl   136.08
| epoch   8 |  4000/15983 batches | lr 2.00 | ms/batch  4.94 | loss  4.90 | ppl   134.87
| epoch   8 |  4500/15983 batches | lr 2.00 | ms/batch  4.94 | loss  4.92 | ppl   136.47
| epoch   8 |  5000/15983 batches | lr 2.00 | ms/batch  4.94 | loss  4.92 | ppl   137.50
| epoch   8 |  5500/15983 batches | lr 2.00 | ms/batch  4.94 | loss  4.92 | ppl   137.44
| epoch   8 |  6000/15983 batches | lr 2.00 | ms/batch  4.94 | loss  4.95 | ppl   140.80
| epoch   8 |  6500/15983 batches | lr 2.00 | ms/batch  4.94 | loss  4.89 | ppl   133.32
| epoch   8 |  7000/15983 batches | lr 2.00 | ms/batch  4.94 | loss  4.89 | ppl   133.60
| epoch   8 |  7500/15983 batches | lr 2.00 | ms/batch  4.94 | loss  4.87 | ppl   130.60
| epoch   8 |  8000/15983 batches | lr 2.00 | ms/batch  4.94 | loss  4.94 | ppl   139.88
| epoch   8 |  8500/15983 batches | lr 2.00 | ms/batch  4.94 | loss  4.89 | ppl   132.53
| epoch   8 |  9000/15983 batches | lr 2.00 | ms/batch  4.94 | loss  4.85 | ppl   127.22
| epoch   8 |  9500/15983 batches | lr 2.00 | ms/batch  4.94 | loss  4.86 | ppl   128.88
| epoch   8 | 10000/15983 batches | lr 2.00 | ms/batch  4.94 | loss  4.84 | ppl   126.70
| epoch   8 | 10500/15983 batches | lr 2.00 | ms/batch  4.94 | loss  4.90 | ppl   134.15
| epoch   8 | 11000/15983 batches | lr 2.00 | ms/batch  4.94 | loss  4.91 | ppl   136.30
| epoch   8 | 11500/15983 batches | lr 2.00 | ms/batch  4.94 | loss  4.88 | ppl   131.31
| epoch   8 | 12000/15983 batches | lr 2.00 | ms/batch  4.94 | loss  4.87 | ppl   130.95
| epoch   8 | 12500/15983 batches | lr 2.00 | ms/batch  4.94 | loss  4.84 | ppl   126.76
| epoch   8 | 13000/15983 batches | lr 2.00 | ms/batch  4.94 | loss  4.86 | ppl   129.05
| epoch   8 | 13500/15983 batches | lr 2.00 | ms/batch  4.94 | loss  4.87 | ppl   130.74
| epoch   8 | 14000/15983 batches | lr 2.00 | ms/batch  4.94 | loss  4.90 | ppl   133.63
| epoch   8 | 14500/15983 batches | lr 2.00 | ms/batch  4.94 | loss  4.84 | ppl   126.44
| epoch   8 | 15000/15983 batches | lr 2.00 | ms/batch  4.94 | loss  4.84 | ppl   126.84
| epoch   8 | 15500/15983 batches | lr 2.00 | ms/batch  4.94 | loss  4.84 | ppl   126.14
-----------------------------------------------------------------------------------------
| end of epoch   8 | time: 79.38s | valid loss  5.08 | valid ppl   161.37
-----------------------------------------------------------------------------------------
| epoch   9 |   500/15983 batches | lr 2.00 | ms/batch  4.95 | loss  4.88 | ppl   131.01
| epoch   9 |  1000/15983 batches | lr 2.00 | ms/batch  4.94 | loss  4.88 | ppl   132.14
| epoch   9 |  1500/15983 batches | lr 2.00 | ms/batch  4.94 | loss  4.90 | ppl   134.84
| epoch   9 |  2000/15983 batches | lr 2.00 | ms/batch  4.94 | loss  4.84 | ppl   126.41
| epoch   9 |  2500/15983 batches | lr 2.00 | ms/batch  4.94 | loss  4.82 | ppl   124.49
| epoch   9 |  3000/15983 batches | lr 2.00 | ms/batch  4.94 | loss  4.88 | ppl   131.24
| epoch   9 |  3500/15983 batches | lr 2.00 | ms/batch  4.94 | loss  4.89 | ppl   132.60
| epoch   9 |  4000/15983 batches | lr 2.00 | ms/batch  4.94 | loss  4.88 | ppl   131.34
| epoch   9 |  4500/15983 batches | lr 2.00 | ms/batch  4.94 | loss  4.89 | ppl   132.90
| epoch   9 |  5000/15983 batches | lr 2.00 | ms/batch  4.94 | loss  4.90 | ppl   133.84
| epoch   9 |  5500/15983 batches | lr 2.00 | ms/batch  4.94 | loss  4.90 | ppl   134.09
| epoch   9 |  6000/15983 batches | lr 2.00 | ms/batch  4.94 | loss  4.92 | ppl   136.67
| epoch   9 |  6500/15983 batches | lr 2.00 | ms/batch  4.94 | loss  4.87 | ppl   130.11
| epoch   9 |  7000/15983 batches | lr 2.00 | ms/batch  4.94 | loss  4.87 | ppl   130.77
| epoch   9 |  7500/15983 batches | lr 2.00 | ms/batch  4.94 | loss  4.85 | ppl   127.41
| epoch   9 |  8000/15983 batches | lr 2.00 | ms/batch  4.94 | loss  4.91 | ppl   136.15
| epoch   9 |  8500/15983 batches | lr 2.00 | ms/batch  4.94 | loss  4.86 | ppl   128.95
| epoch   9 |  9000/15983 batches | lr 2.00 | ms/batch  4.94 | loss  4.82 | ppl   123.96
| epoch   9 |  9500/15983 batches | lr 2.00 | ms/batch  4.94 | loss  4.84 | ppl   125.95
| epoch   9 | 10000/15983 batches | lr 2.00 | ms/batch  4.94 | loss  4.81 | ppl   123.18
| epoch   9 | 10500/15983 batches | lr 2.00 | ms/batch  4.94 | loss  4.87 | ppl   130.74
| epoch   9 | 11000/15983 batches | lr 2.00 | ms/batch  4.94 | loss  4.89 | ppl   132.79
| epoch   9 | 11500/15983 batches | lr 2.00 | ms/batch  4.94 | loss  4.85 | ppl   128.12
| epoch   9 | 12000/15983 batches | lr 2.00 | ms/batch  4.94 | loss  4.85 | ppl   128.25
| epoch   9 | 12500/15983 batches | lr 2.00 | ms/batch  4.94 | loss  4.82 | ppl   123.85
| epoch   9 | 13000/15983 batches | lr 2.00 | ms/batch  4.94 | loss  4.83 | ppl   125.74
| epoch   9 | 13500/15983 batches | lr 2.00 | ms/batch  4.94 | loss  4.85 | ppl   127.54
| epoch   9 | 14000/15983 batches | lr 2.00 | ms/batch  4.94 | loss  4.87 | ppl   130.33
| epoch   9 | 14500/15983 batches | lr 2.00 | ms/batch  4.94 | loss  4.82 | ppl   123.51
| epoch   9 | 15000/15983 batches | lr 2.00 | ms/batch  4.94 | loss  4.82 | ppl   123.77
| epoch   9 | 15500/15983 batches | lr 2.00 | ms/batch  4.94 | loss  4.81 | ppl   123.04
-----------------------------------------------------------------------------------------
| end of epoch   9 | time: 79.40s | valid loss  5.08 | valid ppl   160.34
-----------------------------------------------------------------------------------------
| epoch  10 |   500/15983 batches | lr 2.00 | ms/batch  4.95 | loss  4.85 | ppl   128.18
| epoch  10 |  1000/15983 batches | lr 2.00 | ms/batch  4.94 | loss  4.86 | ppl   129.34
| epoch  10 |  1500/15983 batches | lr 2.00 | ms/batch  4.94 | loss  4.88 | ppl   131.44
| epoch  10 |  2000/15983 batches | lr 2.00 | ms/batch  4.94 | loss  4.81 | ppl   123.05
| epoch  10 |  2500/15983 batches | lr 2.00 | ms/batch  4.94 | loss  4.80 | ppl   121.92
| epoch  10 |  3000/15983 batches | lr 2.00 | ms/batch  4.94 | loss  4.86 | ppl   128.44
| epoch  10 |  3500/15983 batches | lr 2.00 | ms/batch  4.94 | loss  4.86 | ppl   129.20
| epoch  10 |  4000/15983 batches | lr 2.00 | ms/batch  4.94 | loss  4.86 | ppl   128.41
| epoch  10 |  4500/15983 batches | lr 2.00 | ms/batch  4.93 | loss  4.86 | ppl   129.64
| epoch  10 |  5000/15983 batches | lr 2.00 | ms/batch  4.93 | loss  4.88 | ppl   131.08
| epoch  10 |  5500/15983 batches | lr 2.00 | ms/batch  4.94 | loss  4.88 | ppl   131.46
| epoch  10 |  6000/15983 batches | lr 2.00 | ms/batch  4.93 | loss  4.89 | ppl   133.57
| epoch  10 |  6500/15983 batches | lr 2.00 | ms/batch  4.94 | loss  4.85 | ppl   127.20
| epoch  10 |  7000/15983 batches | lr 2.00 | ms/batch  4.93 | loss  4.85 | ppl   127.17
| epoch  10 |  7500/15983 batches | lr 2.00 | ms/batch  4.93 | loss  4.82 | ppl   124.28
| epoch  10 |  8000/15983 batches | lr 2.00 | ms/batch  4.93 | loss  4.89 | ppl   132.95
| epoch  10 |  8500/15983 batches | lr 2.00 | ms/batch  4.93 | loss  4.84 | ppl   126.06
| epoch  10 |  9000/15983 batches | lr 2.00 | ms/batch  4.93 | loss  4.80 | ppl   121.45
| epoch  10 |  9500/15983 batches | lr 2.00 | ms/batch  4.94 | loss  4.81 | ppl   123.26
| epoch  10 | 10000/15983 batches | lr 2.00 | ms/batch  4.94 | loss  4.79 | ppl   120.88
| epoch  10 | 10500/15983 batches | lr 2.00 | ms/batch  4.94 | loss  4.85 | ppl   128.23
| epoch  10 | 11000/15983 batches | lr 2.00 | ms/batch  4.93 | loss  4.87 | ppl   130.23
| epoch  10 | 11500/15983 batches | lr 2.00 | ms/batch  4.94 | loss  4.83 | ppl   125.54
| epoch  10 | 12000/15983 batches | lr 2.00 | ms/batch  4.93 | loss  4.83 | ppl   125.67
| epoch  10 | 12500/15983 batches | lr 2.00 | ms/batch  4.94 | loss  4.80 | ppl   121.35
| epoch  10 | 13000/15983 batches | lr 2.00 | ms/batch  4.93 | loss  4.81 | ppl   123.33
| epoch  10 | 13500/15983 batches | lr 2.00 | ms/batch  4.94 | loss  4.83 | ppl   125.12
| epoch  10 | 14000/15983 batches | lr 2.00 | ms/batch  4.94 | loss  4.85 | ppl   127.91
| epoch  10 | 14500/15983 batches | lr 2.00 | ms/batch  4.94 | loss  4.80 | ppl   121.32
| epoch  10 | 15000/15983 batches | lr 2.00 | ms/batch  4.93 | loss  4.80 | ppl   121.70
| epoch  10 | 15500/15983 batches | lr 2.00 | ms/batch  4.94 | loss  4.79 | ppl   120.73
-----------------------------------------------------------------------------------------
| end of epoch  10 | time: 79.37s | valid loss  5.07 | valid ppl   158.99
-----------------------------------------------------------------------------------------
| epoch  11 |   500/15983 batches | lr 2.00 | ms/batch  4.95 | loss  4.83 | ppl   125.36
| epoch  11 |  1000/15983 batches | lr 2.00 | ms/batch  4.94 | loss  4.84 | ppl   126.68
| epoch  11 |  1500/15983 batches | lr 2.00 | ms/batch  4.94 | loss  4.86 | ppl   128.51
| epoch  11 |  2000/15983 batches | lr 2.00 | ms/batch  4.94 | loss  4.79 | ppl   120.46
| epoch  11 |  2500/15983 batches | lr 2.00 | ms/batch  4.94 | loss  4.79 | ppl   119.78
| epoch  11 |  3000/15983 batches | lr 2.00 | ms/batch  4.93 | loss  4.84 | ppl   125.91
| epoch  11 |  3500/15983 batches | lr 2.00 | ms/batch  4.94 | loss  4.84 | ppl   127.08
| epoch  11 |  4000/15983 batches | lr 2.00 | ms/batch  4.94 | loss  4.83 | ppl   125.60
| epoch  11 |  4500/15983 batches | lr 2.00 | ms/batch  4.94 | loss  4.84 | ppl   127.08
| epoch  11 |  5000/15983 batches | lr 2.00 | ms/batch  4.93 | loss  4.85 | ppl   128.17
| epoch  11 |  5500/15983 batches | lr 2.00 | ms/batch  4.94 | loss  4.86 | ppl   128.70
| epoch  11 |  6000/15983 batches | lr 2.00 | ms/batch  4.93 | loss  4.88 | ppl   131.34
| epoch  11 |  6500/15983 batches | lr 2.00 | ms/batch  4.94 | loss  4.83 | ppl   124.84
| epoch  11 |  7000/15983 batches | lr 2.00 | ms/batch  4.94 | loss  4.83 | ppl   125.03
| epoch  11 |  7500/15983 batches | lr 2.00 | ms/batch  4.94 | loss  4.80 | ppl   121.97
| epoch  11 |  8000/15983 batches | lr 2.00 | ms/batch  4.94 | loss  4.87 | ppl   130.30
| epoch  11 |  8500/15983 batches | lr 2.00 | ms/batch  4.94 | loss  4.82 | ppl   124.35
| epoch  11 |  9000/15983 batches | lr 2.00 | ms/batch  4.94 | loss  4.78 | ppl   119.11
| epoch  11 |  9500/15983 batches | lr 2.00 | ms/batch  4.94 | loss  4.79 | ppl   120.87
| epoch  11 | 10000/15983 batches | lr 2.00 | ms/batch  4.94 | loss  4.78 | ppl   118.74
| epoch  11 | 10500/15983 batches | lr 2.00 | ms/batch  4.93 | loss  4.83 | ppl   125.76
| epoch  11 | 11000/15983 batches | lr 2.00 | ms/batch  4.94 | loss  4.85 | ppl   127.93
| epoch  11 | 11500/15983 batches | lr 2.00 | ms/batch  4.94 | loss  4.82 | ppl   123.43
| epoch  11 | 12000/15983 batches | lr 2.00 | ms/batch  4.93 | loss  4.82 | ppl   123.65
| epoch  11 | 12500/15983 batches | lr 2.00 | ms/batch  4.94 | loss  4.79 | ppl   119.80
| epoch  11 | 13000/15983 batches | lr 2.00 | ms/batch  4.93 | loss  4.80 | ppl   121.72
| epoch  11 | 13500/15983 batches | lr 2.00 | ms/batch  4.94 | loss  4.82 | ppl   123.39
| epoch  11 | 14000/15983 batches | lr 2.00 | ms/batch  4.94 | loss  4.83 | ppl   125.51
| epoch  11 | 14500/15983 batches | lr 2.00 | ms/batch  4.94 | loss  4.78 | ppl   119.05
| epoch  11 | 15000/15983 batches | lr 2.00 | ms/batch  4.94 | loss  4.79 | ppl   119.84
| epoch  11 | 15500/15983 batches | lr 2.00 | ms/batch  4.94 | loss  4.78 | ppl   118.73
-----------------------------------------------------------------------------------------
| end of epoch  11 | time: 79.38s | valid loss  5.06 | valid ppl   157.24
-----------------------------------------------------------------------------------------
| epoch  12 |   500/15983 batches | lr 2.00 | ms/batch  4.95 | loss  4.82 | ppl   123.60
| epoch  12 |  1000/15983 batches | lr 2.00 | ms/batch  4.94 | loss  4.82 | ppl   124.21
| epoch  12 |  1500/15983 batches | lr 2.00 | ms/batch  4.94 | loss  4.84 | ppl   126.63
| epoch  12 |  2000/15983 batches | lr 2.00 | ms/batch  4.94 | loss  4.78 | ppl   118.69
| epoch  12 |  2500/15983 batches | lr 2.00 | ms/batch  4.94 | loss  4.77 | ppl   117.74
| epoch  12 |  3000/15983 batches | lr 2.00 | ms/batch  4.94 | loss  4.82 | ppl   123.69
| epoch  12 |  3500/15983 batches | lr 2.00 | ms/batch  4.94 | loss  4.83 | ppl   124.77
| epoch  12 |  4000/15983 batches | lr 2.00 | ms/batch  4.94 | loss  4.82 | ppl   123.58
| epoch  12 |  4500/15983 batches | lr 2.00 | ms/batch  4.94 | loss  4.83 | ppl   124.77
| epoch  12 |  5000/15983 batches | lr 2.00 | ms/batch  4.94 | loss  4.84 | ppl   126.26
| epoch  12 |  5500/15983 batches | lr 2.00 | ms/batch  4.94 | loss  4.84 | ppl   126.43
| epoch  12 |  6000/15983 batches | lr 2.00 | ms/batch  4.94 | loss  4.86 | ppl   129.25
| epoch  12 |  6500/15983 batches | lr 2.00 | ms/batch  4.94 | loss  4.81 | ppl   123.07
| epoch  12 |  7000/15983 batches | lr 2.00 | ms/batch  4.94 | loss  4.81 | ppl   122.99
| epoch  12 |  7500/15983 batches | lr 2.00 | ms/batch  4.94 | loss  4.79 | ppl   120.10
| epoch  12 |  8000/15983 batches | lr 2.00 | ms/batch  4.94 | loss  4.85 | ppl   128.38
| epoch  12 |  8500/15983 batches | lr 2.00 | ms/batch  4.94 | loss  4.81 | ppl   122.24
| epoch  12 |  9000/15983 batches | lr 2.00 | ms/batch  4.94 | loss  4.77 | ppl   117.35
| epoch  12 |  9500/15983 batches | lr 2.00 | ms/batch  4.94 | loss  4.78 | ppl   119.26
| epoch  12 | 10000/15983 batches | lr 2.00 | ms/batch  4.94 | loss  4.76 | ppl   116.42
| epoch  12 | 10500/15983 batches | lr 2.00 | ms/batch  4.94 | loss  4.82 | ppl   123.85
| epoch  12 | 11000/15983 batches | lr 2.00 | ms/batch  4.94 | loss  4.84 | ppl   125.97
| epoch  12 | 11500/15983 batches | lr 2.00 | ms/batch  4.93 | loss  4.80 | ppl   121.47
| epoch  12 | 12000/15983 batches | lr 2.00 | ms/batch  4.94 | loss  4.80 | ppl   121.74
| epoch  12 | 12500/15983 batches | lr 2.00 | ms/batch  4.94 | loss  4.77 | ppl   118.04
| epoch  12 | 13000/15983 batches | lr 2.00 | ms/batch  4.94 | loss  4.79 | ppl   119.82
| epoch  12 | 13500/15983 batches | lr 2.00 | ms/batch  4.94 | loss  4.80 | ppl   120.99
| epoch  12 | 14000/15983 batches | lr 2.00 | ms/batch  4.94 | loss  4.82 | ppl   123.46
| epoch  12 | 14500/15983 batches | lr 2.00 | ms/batch  4.94 | loss  4.77 | ppl   117.80
| epoch  12 | 15000/15983 batches | lr 2.00 | ms/batch  4.94 | loss  4.77 | ppl   117.85
| epoch  12 | 15500/15983 batches | lr 2.00 | ms/batch  4.94 | loss  4.76 | ppl   116.45
-----------------------------------------------------------------------------------------
| end of epoch  12 | time: 79.41s | valid loss  5.05 | valid ppl   156.24
-----------------------------------------------------------------------------------------
| epoch  13 |   500/15983 batches | lr 2.00 | ms/batch  4.95 | loss  4.80 | ppl   121.70
| epoch  13 |  1000/15983 batches | lr 2.00 | ms/batch  4.94 | loss  4.81 | ppl   122.44
| epoch  13 |  1500/15983 batches | lr 2.00 | ms/batch  4.94 | loss  4.82 | ppl   124.19
| epoch  13 |  2000/15983 batches | lr 2.00 | ms/batch  4.94 | loss  4.76 | ppl   116.30
| epoch  13 |  2500/15983 batches | lr 2.00 | ms/batch  4.94 | loss  4.75 | ppl   115.75
| epoch  13 |  3000/15983 batches | lr 2.00 | ms/batch  4.94 | loss  4.80 | ppl   121.64
| epoch  13 |  3500/15983 batches | lr 2.00 | ms/batch  4.94 | loss  4.81 | ppl   122.86
| epoch  13 |  4000/15983 batches | lr 2.00 | ms/batch  4.94 | loss  4.80 | ppl   121.31
| epoch  13 |  4500/15983 batches | lr 2.00 | ms/batch  4.94 | loss  4.81 | ppl   122.35
| epoch  13 |  5000/15983 batches | lr 2.00 | ms/batch  4.94 | loss  4.82 | ppl   123.52
| epoch  13 |  5500/15983 batches | lr 2.00 | ms/batch  4.94 | loss  4.83 | ppl   124.68
| epoch  13 |  6000/15983 batches | lr 2.00 | ms/batch  4.94 | loss  4.85 | ppl   127.21
| epoch  13 |  6500/15983 batches | lr 2.00 | ms/batch  4.94 | loss  4.80 | ppl   121.07
| epoch  13 |  7000/15983 batches | lr 2.00 | ms/batch  4.94 | loss  4.80 | ppl   121.09
| epoch  13 |  7500/15983 batches | lr 2.00 | ms/batch  4.94 | loss  4.78 | ppl   118.70
| epoch  13 |  8000/15983 batches | lr 2.00 | ms/batch  4.94 | loss  4.84 | ppl   125.97
| epoch  13 |  8500/15983 batches | lr 2.00 | ms/batch  4.94 | loss  4.79 | ppl   120.43
| epoch  13 |  9000/15983 batches | lr 2.00 | ms/batch  4.94 | loss  4.75 | ppl   115.54
| epoch  13 |  9500/15983 batches | lr 2.00 | ms/batch  4.94 | loss  4.77 | ppl   117.46
| epoch  13 | 10000/15983 batches | lr 2.00 | ms/batch  4.94 | loss  4.74 | ppl   114.95
| epoch  13 | 10500/15983 batches | lr 2.00 | ms/batch  4.94 | loss  4.81 | ppl   122.32
| epoch  13 | 11000/15983 batches | lr 2.00 | ms/batch  4.94 | loss  4.82 | ppl   124.28
| epoch  13 | 11500/15983 batches | lr 2.00 | ms/batch  4.94 | loss  4.79 | ppl   119.87
| epoch  13 | 12000/15983 batches | lr 2.00 | ms/batch  4.94 | loss  4.78 | ppl   119.54
| epoch  13 | 12500/15983 batches | lr 2.00 | ms/batch  4.94 | loss  4.76 | ppl   116.27
| epoch  13 | 13000/15983 batches | lr 2.00 | ms/batch  4.94 | loss  4.77 | ppl   118.24
| epoch  13 | 13500/15983 batches | lr 2.00 | ms/batch  4.94 | loss  4.78 | ppl   119.02
| epoch  13 | 14000/15983 batches | lr 2.00 | ms/batch  4.94 | loss  4.80 | ppl   121.79
| epoch  13 | 14500/15983 batches | lr 2.00 | ms/batch  4.94 | loss  4.76 | ppl   116.30
| epoch  13 | 15000/15983 batches | lr 2.00 | ms/batch  4.94 | loss  4.76 | ppl   116.35
| epoch  13 | 15500/15983 batches | lr 2.00 | ms/batch  4.94 | loss  4.75 | ppl   115.06
-----------------------------------------------------------------------------------------
| end of epoch  13 | time: 79.42s | valid loss  5.06 | valid ppl   157.90
-----------------------------------------------------------------------------------------
| epoch  14 |   500/15983 batches | lr 0.50 | ms/batch  4.95 | loss  4.78 | ppl   119.11
| epoch  14 |  1000/15983 batches | lr 0.50 | ms/batch  4.94 | loss  4.78 | ppl   119.59
| epoch  14 |  1500/15983 batches | lr 0.50 | ms/batch  4.94 | loss  4.80 | ppl   121.00
| epoch  14 |  2000/15983 batches | lr 0.50 | ms/batch  4.94 | loss  4.72 | ppl   112.04
| epoch  14 |  2500/15983 batches | lr 0.50 | ms/batch  4.94 | loss  4.70 | ppl   110.45
| epoch  14 |  3000/15983 batches | lr 0.50 | ms/batch  4.94 | loss  4.75 | ppl   115.89
| epoch  14 |  3500/15983 batches | lr 0.50 | ms/batch  4.94 | loss  4.76 | ppl   116.48
| epoch  14 |  4000/15983 batches | lr 0.50 | ms/batch  4.94 | loss  4.74 | ppl   114.99
| epoch  14 |  4500/15983 batches | lr 0.50 | ms/batch  4.94 | loss  4.75 | ppl   115.73
| epoch  14 |  5000/15983 batches | lr 0.50 | ms/batch  4.94 | loss  4.76 | ppl   116.77
| epoch  14 |  5500/15983 batches | lr 0.50 | ms/batch  4.94 | loss  4.77 | ppl   117.36
| epoch  14 |  6000/15983 batches | lr 0.50 | ms/batch  4.94 | loss  4.78 | ppl   119.59
| epoch  14 |  6500/15983 batches | lr 0.50 | ms/batch  4.94 | loss  4.74 | ppl   113.89
| epoch  14 |  7000/15983 batches | lr 0.50 | ms/batch  4.94 | loss  4.73 | ppl   113.48
| epoch  14 |  7500/15983 batches | lr 0.50 | ms/batch  4.94 | loss  4.71 | ppl   110.75
| epoch  14 |  8000/15983 batches | lr 0.50 | ms/batch  4.94 | loss  4.77 | ppl   117.58
| epoch  14 |  8500/15983 batches | lr 0.50 | ms/batch  4.94 | loss  4.72 | ppl   112.06
| epoch  14 |  9000/15983 batches | lr 0.50 | ms/batch  4.94 | loss  4.67 | ppl   107.17
| epoch  14 |  9500/15983 batches | lr 0.50 | ms/batch  4.94 | loss  4.69 | ppl   108.45
| epoch  14 | 10000/15983 batches | lr 0.50 | ms/batch  4.94 | loss  4.67 | ppl   106.40
| epoch  14 | 10500/15983 batches | lr 0.50 | ms/batch  4.94 | loss  4.72 | ppl   112.52
| epoch  14 | 11000/15983 batches | lr 0.50 | ms/batch  4.94 | loss  4.74 | ppl   114.32
| epoch  14 | 11500/15983 batches | lr 0.50 | ms/batch  4.94 | loss  4.70 | ppl   110.15
| epoch  14 | 12000/15983 batches | lr 0.50 | ms/batch  4.94 | loss  4.70 | ppl   109.57
| epoch  14 | 12500/15983 batches | lr 0.50 | ms/batch  4.94 | loss  4.67 | ppl   106.38
| epoch  14 | 13000/15983 batches | lr 0.50 | ms/batch  4.93 | loss  4.68 | ppl   107.59
| epoch  14 | 13500/15983 batches | lr 0.50 | ms/batch  4.93 | loss  4.68 | ppl   108.18
| epoch  14 | 14000/15983 batches | lr 0.50 | ms/batch  4.94 | loss  4.70 | ppl   110.13
| epoch  14 | 14500/15983 batches | lr 0.50 | ms/batch  4.94 | loss  4.66 | ppl   105.73
| epoch  14 | 15000/15983 batches | lr 0.50 | ms/batch  4.94 | loss  4.66 | ppl   105.37
| epoch  14 | 15500/15983 batches | lr 0.50 | ms/batch  4.94 | loss  4.64 | ppl   103.63
-----------------------------------------------------------------------------------------
| end of epoch  14 | time: 79.40s | valid loss  5.00 | valid ppl   147.95
-----------------------------------------------------------------------------------------
| epoch  15 |   500/15983 batches | lr 0.50 | ms/batch  4.95 | loss  4.72 | ppl   112.17
| epoch  15 |  1000/15983 batches | lr 0.50 | ms/batch  4.94 | loss  4.73 | ppl   113.25
| epoch  15 |  1500/15983 batches | lr 0.50 | ms/batch  4.94 | loss  4.74 | ppl   114.95
| epoch  15 |  2000/15983 batches | lr 0.50 | ms/batch  4.94 | loss  4.68 | ppl   107.43
| epoch  15 |  2500/15983 batches | lr 0.50 | ms/batch  4.94 | loss  4.67 | ppl   106.68
| epoch  15 |  3000/15983 batches | lr 0.50 | ms/batch  4.94 | loss  4.72 | ppl   111.86
| epoch  15 |  3500/15983 batches | lr 0.50 | ms/batch  4.94 | loss  4.72 | ppl   112.73
| epoch  15 |  4000/15983 batches | lr 0.50 | ms/batch  4.94 | loss  4.70 | ppl   110.48
| epoch  15 |  4500/15983 batches | lr 0.50 | ms/batch  4.94 | loss  4.72 | ppl   111.70
| epoch  15 |  5000/15983 batches | lr 0.50 | ms/batch  4.94 | loss  4.73 | ppl   113.12
| epoch  15 |  5500/15983 batches | lr 0.50 | ms/batch  4.94 | loss  4.73 | ppl   113.83
| epoch  15 |  6000/15983 batches | lr 0.50 | ms/batch  4.94 | loss  4.76 | ppl   116.22
| epoch  15 |  6500/15983 batches | lr 0.50 | ms/batch  4.94 | loss  4.71 | ppl   110.53
| epoch  15 |  7000/15983 batches | lr 0.50 | ms/batch  4.94 | loss  4.71 | ppl   110.53
| epoch  15 |  7500/15983 batches | lr 0.50 | ms/batch  4.94 | loss  4.68 | ppl   108.23
| epoch  15 |  8000/15983 batches | lr 0.50 | ms/batch  4.94 | loss  4.74 | ppl   114.56
| epoch  15 |  8500/15983 batches | lr 0.50 | ms/batch  4.94 | loss  4.70 | ppl   109.65
| epoch  15 |  9000/15983 batches | lr 0.50 | ms/batch  4.94 | loss  4.65 | ppl   104.95
| epoch  15 |  9500/15983 batches | lr 0.50 | ms/batch  4.94 | loss  4.67 | ppl   106.40
| epoch  15 | 10000/15983 batches | lr 0.50 | ms/batch  4.94 | loss  4.65 | ppl   104.45
| epoch  15 | 10500/15983 batches | lr 0.50 | ms/batch  4.94 | loss  4.71 | ppl   110.54
| epoch  15 | 11000/15983 batches | lr 0.50 | ms/batch  4.94 | loss  4.72 | ppl   112.15
| epoch  15 | 11500/15983 batches | lr 0.50 | ms/batch  4.94 | loss  4.69 | ppl   108.41
| epoch  15 | 12000/15983 batches | lr 0.50 | ms/batch  4.94 | loss  4.68 | ppl   107.91
| epoch  15 | 12500/15983 batches | lr 0.50 | ms/batch  4.94 | loss  4.65 | ppl   104.72
| epoch  15 | 13000/15983 batches | lr 0.50 | ms/batch  4.94 | loss  4.67 | ppl   106.47
| epoch  15 | 13500/15983 batches | lr 0.50 | ms/batch  4.94 | loss  4.67 | ppl   106.72
| epoch  15 | 14000/15983 batches | lr 0.50 | ms/batch  4.94 | loss  4.69 | ppl   108.68
| epoch  15 | 14500/15983 batches | lr 0.50 | ms/batch  4.94 | loss  4.65 | ppl   104.66
| epoch  15 | 15000/15983 batches | lr 0.50 | ms/batch  4.94 | loss  4.65 | ppl   104.57
| epoch  15 | 15500/15983 batches | lr 0.50 | ms/batch  4.94 | loss  4.63 | ppl   102.97
-----------------------------------------------------------------------------------------
| end of epoch  15 | time: 79.41s | valid loss  4.99 | valid ppl   146.62
-----------------------------------------------------------------------------------------
| epoch  16 |   500/15983 batches | lr 0.50 | ms/batch  4.95 | loss  4.70 | ppl   110.38
| epoch  16 |  1000/15983 batches | lr 0.50 | ms/batch  4.94 | loss  4.71 | ppl   110.74
| epoch  16 |  1500/15983 batches | lr 0.50 | ms/batch  4.94 | loss  4.73 | ppl   112.82
| epoch  16 |  2000/15983 batches | lr 0.50 | ms/batch  4.94 | loss  4.66 | ppl   105.62
| epoch  16 |  2500/15983 batches | lr 0.50 | ms/batch  4.94 | loss  4.65 | ppl   105.08
| epoch  16 |  3000/15983 batches | lr 0.50 | ms/batch  4.94 | loss  4.70 | ppl   110.10
| epoch  16 |  3500/15983 batches | lr 0.50 | ms/batch  4.94 | loss  4.71 | ppl   110.91
| epoch  16 |  4000/15983 batches | lr 0.50 | ms/batch  4.94 | loss  4.69 | ppl   109.15
| epoch  16 |  4500/15983 batches | lr 0.50 | ms/batch  4.94 | loss  4.70 | ppl   110.20
| epoch  16 |  5000/15983 batches | lr 0.50 | ms/batch  4.94 | loss  4.71 | ppl   111.46
| epoch  16 |  5500/15983 batches | lr 0.50 | ms/batch  4.94 | loss  4.72 | ppl   112.31
| epoch  16 |  6000/15983 batches | lr 0.50 | ms/batch  4.94 | loss  4.74 | ppl   114.39
| epoch  16 |  6500/15983 batches | lr 0.50 | ms/batch  4.94 | loss  4.69 | ppl   109.15
| epoch  16 |  7000/15983 batches | lr 0.50 | ms/batch  4.94 | loss  4.69 | ppl   109.19
| epoch  16 |  7500/15983 batches | lr 0.50 | ms/batch  4.94 | loss  4.67 | ppl   106.51
| epoch  16 |  8000/15983 batches | lr 0.50 | ms/batch  4.94 | loss  4.73 | ppl   113.01
| epoch  16 |  8500/15983 batches | lr 0.50 | ms/batch  4.94 | loss  4.68 | ppl   108.08
| epoch  16 |  9000/15983 batches | lr 0.50 | ms/batch  4.94 | loss  4.64 | ppl   103.75
| epoch  16 |  9500/15983 batches | lr 0.50 | ms/batch  4.94 | loss  4.66 | ppl   105.41
| epoch  16 | 10000/15983 batches | lr 0.50 | ms/batch  4.94 | loss  4.64 | ppl   103.28
| epoch  16 | 10500/15983 batches | lr 0.50 | ms/batch  4.94 | loss  4.69 | ppl   109.31
| epoch  16 | 11000/15983 batches | lr 0.50 | ms/batch  4.94 | loss  4.71 | ppl   110.98
| epoch  16 | 11500/15983 batches | lr 0.50 | ms/batch  4.94 | loss  4.68 | ppl   107.28
| epoch  16 | 12000/15983 batches | lr 0.50 | ms/batch  4.94 | loss  4.67 | ppl   107.16
| epoch  16 | 12500/15983 batches | lr 0.50 | ms/batch  4.94 | loss  4.64 | ppl   103.66
| epoch  16 | 13000/15983 batches | lr 0.50 | ms/batch  4.94 | loss  4.66 | ppl   105.35
| epoch  16 | 13500/15983 batches | lr 0.50 | ms/batch  4.94 | loss  4.66 | ppl   105.75
| epoch  16 | 14000/15983 batches | lr 0.50 | ms/batch  4.94 | loss  4.68 | ppl   107.85
| epoch  16 | 14500/15983 batches | lr 0.50 | ms/batch  4.94 | loss  4.64 | ppl   103.76
| epoch  16 | 15000/15983 batches | lr 0.50 | ms/batch  4.94 | loss  4.64 | ppl   104.00
| epoch  16 | 15500/15983 batches | lr 0.50 | ms/batch  4.94 | loss  4.63 | ppl   102.16
-----------------------------------------------------------------------------------------
| end of epoch  16 | time: 79.40s | valid loss  4.98 | valid ppl   146.10
-----------------------------------------------------------------------------------------
| epoch  17 |   500/15983 batches | lr 0.50 | ms/batch  4.95 | loss  4.69 | ppl   109.04
| epoch  17 |  1000/15983 batches | lr 0.50 | ms/batch  4.94 | loss  4.70 | ppl   109.45
| epoch  17 |  1500/15983 batches | lr 0.50 | ms/batch  4.93 | loss  4.71 | ppl   111.55
| epoch  17 |  2000/15983 batches | lr 0.50 | ms/batch  4.94 | loss  4.65 | ppl   104.47
| epoch  17 |  2500/15983 batches | lr 0.50 | ms/batch  4.93 | loss  4.65 | ppl   104.18
| epoch  17 |  3000/15983 batches | lr 0.50 | ms/batch  4.94 | loss  4.69 | ppl   108.86
| epoch  17 |  3500/15983 batches | lr 0.50 | ms/batch  4.94 | loss  4.70 | ppl   109.87
| epoch  17 |  4000/15983 batches | lr 0.50 | ms/batch  4.93 | loss  4.68 | ppl   107.89
| epoch  17 |  4500/15983 batches | lr 0.50 | ms/batch  4.94 | loss  4.69 | ppl   108.94
| epoch  17 |  5000/15983 batches | lr 0.50 | ms/batch  4.94 | loss  4.70 | ppl   110.23
| epoch  17 |  5500/15983 batches | lr 0.50 | ms/batch  4.94 | loss  4.71 | ppl   111.19
| epoch  17 |  6000/15983 batches | lr 0.50 | ms/batch  4.94 | loss  4.73 | ppl   113.34
| epoch  17 |  6500/15983 batches | lr 0.50 | ms/batch  4.94 | loss  4.68 | ppl   108.05
| epoch  17 |  7000/15983 batches | lr 0.50 | ms/batch  4.94 | loss  4.68 | ppl   107.88
| epoch  17 |  7500/15983 batches | lr 0.50 | ms/batch  4.94 | loss  4.66 | ppl   105.76
| epoch  17 |  8000/15983 batches | lr 0.50 | ms/batch  4.94 | loss  4.72 | ppl   112.08
| epoch  17 |  8500/15983 batches | lr 0.50 | ms/batch  4.94 | loss  4.68 | ppl   107.36
| epoch  17 |  9000/15983 batches | lr 0.50 | ms/batch  4.94 | loss  4.63 | ppl   102.94
| epoch  17 |  9500/15983 batches | lr 0.50 | ms/batch  4.94 | loss  4.65 | ppl   104.50
| epoch  17 | 10000/15983 batches | lr 0.50 | ms/batch  4.94 | loss  4.63 | ppl   102.37
| epoch  17 | 10500/15983 batches | lr 0.50 | ms/batch  4.94 | loss  4.68 | ppl   108.24
| epoch  17 | 11000/15983 batches | lr 0.50 | ms/batch  4.94 | loss  4.70 | ppl   110.33
| epoch  17 | 11500/15983 batches | lr 0.50 | ms/batch  4.94 | loss  4.67 | ppl   106.24
| epoch  17 | 12000/15983 batches | lr 0.50 | ms/batch  4.94 | loss  4.67 | ppl   106.19
| epoch  17 | 12500/15983 batches | lr 0.50 | ms/batch  4.94 | loss  4.64 | ppl   103.03
| epoch  17 | 13000/15983 batches | lr 0.50 | ms/batch  4.94 | loss  4.65 | ppl   104.83
| epoch  17 | 13500/15983 batches | lr 0.50 | ms/batch  4.94 | loss  4.65 | ppl   105.02
| epoch  17 | 14000/15983 batches | lr 0.50 | ms/batch  4.94 | loss  4.68 | ppl   107.38
| epoch  17 | 14500/15983 batches | lr 0.50 | ms/batch  4.94 | loss  4.64 | ppl   103.07
| epoch  17 | 15000/15983 batches | lr 0.50 | ms/batch  4.94 | loss  4.64 | ppl   103.32
| epoch  17 | 15500/15983 batches | lr 0.50 | ms/batch  4.94 | loss  4.62 | ppl   101.63
-----------------------------------------------------------------------------------------
| end of epoch  17 | time: 79.40s | valid loss  4.98 | valid ppl   145.35
-----------------------------------------------------------------------------------------
| epoch  18 |   500/15983 batches | lr 0.50 | ms/batch  4.95 | loss  4.68 | ppl   108.02
| epoch  18 |  1000/15983 batches | lr 0.50 | ms/batch  4.94 | loss  4.69 | ppl   108.51
| epoch  18 |  1500/15983 batches | lr 0.50 | ms/batch  4.94 | loss  4.70 | ppl   110.22
| epoch  18 |  2000/15983 batches | lr 0.50 | ms/batch  4.94 | loss  4.64 | ppl   103.53
| epoch  18 |  2500/15983 batches | lr 0.50 | ms/batch  4.94 | loss  4.64 | ppl   103.13
| epoch  18 |  3000/15983 batches | lr 0.50 | ms/batch  4.94 | loss  4.68 | ppl   107.99
| epoch  18 |  3500/15983 batches | lr 0.50 | ms/batch  4.94 | loss  4.69 | ppl   108.81
| epoch  18 |  4000/15983 batches | lr 0.50 | ms/batch  4.94 | loss  4.67 | ppl   106.72
| epoch  18 |  4500/15983 batches | lr 0.50 | ms/batch  4.94 | loss  4.68 | ppl   107.90
| epoch  18 |  5000/15983 batches | lr 0.50 | ms/batch  4.94 | loss  4.69 | ppl   109.29
| epoch  18 |  5500/15983 batches | lr 0.50 | ms/batch  4.94 | loss  4.70 | ppl   110.34
| epoch  18 |  6000/15983 batches | lr 0.50 | ms/batch  4.94 | loss  4.72 | ppl   112.24
| epoch  18 |  6500/15983 batches | lr 0.50 | ms/batch  4.94 | loss  4.67 | ppl   107.23
| epoch  18 |  7000/15983 batches | lr 0.50 | ms/batch  4.94 | loss  4.67 | ppl   107.09
| epoch  18 |  7500/15983 batches | lr 0.50 | ms/batch  4.94 | loss  4.65 | ppl   104.81
| epoch  18 |  8000/15983 batches | lr 0.50 | ms/batch  4.94 | loss  4.71 | ppl   111.17
| epoch  18 |  8500/15983 batches | lr 0.50 | ms/batch  4.94 | loss  4.66 | ppl   106.06
| epoch  18 |  9000/15983 batches | lr 0.50 | ms/batch  4.94 | loss  4.63 | ppl   102.16
| epoch  18 |  9500/15983 batches | lr 0.50 | ms/batch  4.94 | loss  4.64 | ppl   103.88
| epoch  18 | 10000/15983 batches | lr 0.50 | ms/batch  4.94 | loss  4.62 | ppl   101.70
| epoch  18 | 10500/15983 batches | lr 0.50 | ms/batch  4.94 | loss  4.68 | ppl   107.66
| epoch  18 | 11000/15983 batches | lr 0.50 | ms/batch  4.94 | loss  4.69 | ppl   109.15
| epoch  18 | 11500/15983 batches | lr 0.50 | ms/batch  4.94 | loss  4.66 | ppl   105.44
| epoch  18 | 12000/15983 batches | lr 0.50 | ms/batch  4.94 | loss  4.66 | ppl   105.45
| epoch  18 | 12500/15983 batches | lr 0.50 | ms/batch  4.94 | loss  4.63 | ppl   102.19
| epoch  18 | 13000/15983 batches | lr 0.50 | ms/batch  4.94 | loss  4.64 | ppl   103.98
| epoch  18 | 13500/15983 batches | lr 0.50 | ms/batch  4.94 | loss  4.65 | ppl   104.39
| epoch  18 | 14000/15983 batches | lr 0.50 | ms/batch  4.94 | loss  4.67 | ppl   106.27
| epoch  18 | 14500/15983 batches | lr 0.50 | ms/batch  4.94 | loss  4.63 | ppl   102.44
| epoch  18 | 15000/15983 batches | lr 0.50 | ms/batch  4.94 | loss  4.63 | ppl   102.94
| epoch  18 | 15500/15983 batches | lr 0.50 | ms/batch  4.94 | loss  4.62 | ppl   101.04
-----------------------------------------------------------------------------------------
| end of epoch  18 | time: 79.40s | valid loss  4.97 | valid ppl   144.65
-----------------------------------------------------------------------------------------
| epoch  19 |   500/15983 batches | lr 0.50 | ms/batch  4.95 | loss  4.67 | ppl   107.13
| epoch  19 |  1000/15983 batches | lr 0.50 | ms/batch  4.94 | loss  4.68 | ppl   107.72
| epoch  19 |  1500/15983 batches | lr 0.50 | ms/batch  4.94 | loss  4.69 | ppl   109.36
| epoch  19 |  2000/15983 batches | lr 0.50 | ms/batch  4.94 | loss  4.63 | ppl   102.32
| epoch  19 |  2500/15983 batches | lr 0.50 | ms/batch  4.94 | loss  4.63 | ppl   102.36
| epoch  19 |  3000/15983 batches | lr 0.50 | ms/batch  4.94 | loss  4.67 | ppl   106.77
| epoch  19 |  3500/15983 batches | lr 0.50 | ms/batch  4.94 | loss  4.68 | ppl   107.89
| epoch  19 |  4000/15983 batches | lr 0.50 | ms/batch  4.94 | loss  4.66 | ppl   105.69
| epoch  19 |  4500/15983 batches | lr 0.50 | ms/batch  4.94 | loss  4.67 | ppl   107.14
| epoch  19 |  5000/15983 batches | lr 0.50 | ms/batch  4.94 | loss  4.69 | ppl   108.49
| epoch  19 |  5500/15983 batches | lr 0.50 | ms/batch  4.94 | loss  4.69 | ppl   109.20
| epoch  19 |  6000/15983 batches | lr 0.50 | ms/batch  4.94 | loss  4.71 | ppl   111.41
| epoch  19 |  6500/15983 batches | lr 0.50 | ms/batch  4.94 | loss  4.67 | ppl   106.41
| epoch  19 |  7000/15983 batches | lr 0.50 | ms/batch  4.94 | loss  4.67 | ppl   106.39
| epoch  19 |  7500/15983 batches | lr 0.50 | ms/batch  4.94 | loss  4.64 | ppl   103.99
| epoch  19 |  8000/15983 batches | lr 0.50 | ms/batch  4.93 | loss  4.70 | ppl   110.23
| epoch  19 |  8500/15983 batches | lr 0.50 | ms/batch  4.93 | loss  4.66 | ppl   105.61
| epoch  19 |  9000/15983 batches | lr 0.50 | ms/batch  4.94 | loss  4.62 | ppl   101.33
| epoch  19 |  9500/15983 batches | lr 0.50 | ms/batch  4.93 | loss  4.64 | ppl   103.07
| epoch  19 | 10000/15983 batches | lr 0.50 | ms/batch  4.93 | loss  4.62 | ppl   101.01
| epoch  19 | 10500/15983 batches | lr 0.50 | ms/batch  4.93 | loss  4.67 | ppl   107.05
| epoch  19 | 11000/15983 batches | lr 0.50 | ms/batch  4.94 | loss  4.69 | ppl   108.79
| epoch  19 | 11500/15983 batches | lr 0.50 | ms/batch  4.93 | loss  4.65 | ppl   104.88
| epoch  19 | 12000/15983 batches | lr 0.50 | ms/batch  4.93 | loss  4.65 | ppl   104.92
| epoch  19 | 12500/15983 batches | lr 0.50 | ms/batch  4.93 | loss  4.62 | ppl   101.98
| epoch  19 | 13000/15983 batches | lr 0.50 | ms/batch  4.94 | loss  4.64 | ppl   103.36
| epoch  19 | 13500/15983 batches | lr 0.50 | ms/batch  4.94 | loss  4.64 | ppl   103.78
| epoch  19 | 14000/15983 batches | lr 0.50 | ms/batch  4.94 | loss  4.66 | ppl   105.80
| epoch  19 | 14500/15983 batches | lr 0.50 | ms/batch  4.94 | loss  4.63 | ppl   102.01
| epoch  19 | 15000/15983 batches | lr 0.50 | ms/batch  4.94 | loss  4.63 | ppl   102.32
| epoch  19 | 15500/15983 batches | lr 0.50 | ms/batch  4.94 | loss  4.61 | ppl   100.56
-----------------------------------------------------------------------------------------
| end of epoch  19 | time: 79.37s | valid loss  4.97 | valid ppl   144.42
-----------------------------------------------------------------------------------------
| epoch  20 |   500/15983 batches | lr 0.50 | ms/batch  4.95 | loss  4.67 | ppl   106.42
| epoch  20 |  1000/15983 batches | lr 0.50 | ms/batch  4.93 | loss  4.67 | ppl   107.05
| epoch  20 |  1500/15983 batches | lr 0.50 | ms/batch  4.94 | loss  4.69 | ppl   108.36
| epoch  20 |  2000/15983 batches | lr 0.50 | ms/batch  4.94 | loss  4.62 | ppl   101.56
| epoch  20 |  2500/15983 batches | lr 0.50 | ms/batch  4.94 | loss  4.62 | ppl   101.81
| epoch  20 |  3000/15983 batches | lr 0.50 | ms/batch  4.94 | loss  4.67 | ppl   106.36
| epoch  20 |  3500/15983 batches | lr 0.50 | ms/batch  4.94 | loss  4.67 | ppl   107.02
| epoch  20 |  4000/15983 batches | lr 0.50 | ms/batch  4.94 | loss  4.65 | ppl   105.08
| epoch  20 |  4500/15983 batches | lr 0.50 | ms/batch  4.94 | loss  4.67 | ppl   106.41
| epoch  20 |  5000/15983 batches | lr 0.50 | ms/batch  4.94 | loss  4.68 | ppl   107.71
| epoch  20 |  5500/15983 batches | lr 0.50 | ms/batch  4.94 | loss  4.69 | ppl   108.58
| epoch  20 |  6000/15983 batches | lr 0.50 | ms/batch  4.94 | loss  4.71 | ppl   110.64
| epoch  20 |  6500/15983 batches | lr 0.50 | ms/batch  4.94 | loss  4.66 | ppl   105.76
| epoch  20 |  7000/15983 batches | lr 0.50 | ms/batch  4.94 | loss  4.66 | ppl   105.67
| epoch  20 |  7500/15983 batches | lr 0.50 | ms/batch  4.94 | loss  4.64 | ppl   103.50
| epoch  20 |  8000/15983 batches | lr 0.50 | ms/batch  4.94 | loss  4.70 | ppl   109.62
| epoch  20 |  8500/15983 batches | lr 0.50 | ms/batch  4.94 | loss  4.65 | ppl   104.79
| epoch  20 |  9000/15983 batches | lr 0.50 | ms/batch  4.94 | loss  4.61 | ppl   100.80
| epoch  20 |  9500/15983 batches | lr 0.50 | ms/batch  4.94 | loss  4.63 | ppl   102.60
| epoch  20 | 10000/15983 batches | lr 0.50 | ms/batch  4.94 | loss  4.61 | ppl   100.32
| epoch  20 | 10500/15983 batches | lr 0.50 | ms/batch  4.94 | loss  4.67 | ppl   106.30
| epoch  20 | 11000/15983 batches | lr 0.50 | ms/batch  4.94 | loss  4.68 | ppl   108.00
| epoch  20 | 11500/15983 batches | lr 0.50 | ms/batch  4.94 | loss  4.65 | ppl   104.35
| epoch  20 | 12000/15983 batches | lr 0.50 | ms/batch  4.94 | loss  4.65 | ppl   104.37
| epoch  20 | 12500/15983 batches | lr 0.50 | ms/batch  4.94 | loss  4.62 | ppl   101.15
| epoch  20 | 13000/15983 batches | lr 0.50 | ms/batch  4.94 | loss  4.64 | ppl   103.04
| epoch  20 | 13500/15983 batches | lr 0.50 | ms/batch  4.94 | loss  4.64 | ppl   103.18
| epoch  20 | 14000/15983 batches | lr 0.50 | ms/batch  4.94 | loss  4.66 | ppl   105.11
| epoch  20 | 14500/15983 batches | lr 0.50 | ms/batch  4.94 | loss  4.62 | ppl   101.59
| epoch  20 | 15000/15983 batches | lr 0.50 | ms/batch  4.94 | loss  4.62 | ppl   101.72
| epoch  20 | 15500/15983 batches | lr 0.50 | ms/batch  4.94 | loss  4.61 | ppl   100.15
-----------------------------------------------------------------------------------------
| end of epoch  20 | time: 79.38s | valid loss  4.97 | valid ppl   143.88
-----------------------------------------------------------------------------------------
| epoch  21 |   500/15983 batches | lr 0.50 | ms/batch  4.95 | loss  4.66 | ppl   105.68
| epoch  21 |  1000/15983 batches | lr 0.50 | ms/batch  4.94 | loss  4.67 | ppl   106.47
| epoch  21 |  1500/15983 batches | lr 0.50 | ms/batch  4.94 | loss  4.68 | ppl   107.82
| epoch  21 |  2000/15983 batches | lr 0.50 | ms/batch  4.94 | loss  4.62 | ppl   101.07
| epoch  21 |  2500/15983 batches | lr 0.50 | ms/batch  4.94 | loss  4.61 | ppl   100.92
| epoch  21 |  3000/15983 batches | lr 0.50 | ms/batch  4.94 | loss  4.66 | ppl   105.70
| epoch  21 |  3500/15983 batches | lr 0.50 | ms/batch  4.93 | loss  4.67 | ppl   106.59
| epoch  21 |  4000/15983 batches | lr 0.50 | ms/batch  4.94 | loss  4.65 | ppl   104.27
| epoch  21 |  4500/15983 batches | lr 0.50 | ms/batch  4.93 | loss  4.66 | ppl   105.79
| epoch  21 |  5000/15983 batches | lr 0.50 | ms/batch  4.94 | loss  4.67 | ppl   106.95
| epoch  21 |  5500/15983 batches | lr 0.50 | ms/batch  4.94 | loss  4.68 | ppl   107.94
| epoch  21 |  6000/15983 batches | lr 0.50 | ms/batch  4.94 | loss  4.70 | ppl   109.91
| epoch  21 |  6500/15983 batches | lr 0.50 | ms/batch  4.94 | loss  4.65 | ppl   105.01
| epoch  21 |  7000/15983 batches | lr 0.50 | ms/batch  4.94 | loss  4.65 | ppl   104.87
| epoch  21 |  7500/15983 batches | lr 0.50 | ms/batch  4.93 | loss  4.63 | ppl   103.00
| epoch  21 |  8000/15983 batches | lr 0.50 | ms/batch  4.94 | loss  4.69 | ppl   108.99
| epoch  21 |  8500/15983 batches | lr 0.50 | ms/batch  4.94 | loss  4.65 | ppl   104.08
| epoch  21 |  9000/15983 batches | lr 0.50 | ms/batch  4.94 | loss  4.61 | ppl   100.26
| epoch  21 |  9500/15983 batches | lr 0.50 | ms/batch  4.93 | loss  4.63 | ppl   102.01
| epoch  21 | 10000/15983 batches | lr 0.50 | ms/batch  4.93 | loss  4.60 | ppl    99.55
| epoch  21 | 10500/15983 batches | lr 0.50 | ms/batch  4.94 | loss  4.66 | ppl   105.56
| epoch  21 | 11000/15983 batches | lr 0.50 | ms/batch  4.94 | loss  4.68 | ppl   107.46
| epoch  21 | 11500/15983 batches | lr 0.50 | ms/batch  4.94 | loss  4.64 | ppl   103.85
| epoch  21 | 12000/15983 batches | lr 0.50 | ms/batch  4.93 | loss  4.64 | ppl   103.62
| epoch  21 | 12500/15983 batches | lr 0.50 | ms/batch  4.93 | loss  4.61 | ppl   100.58
| epoch  21 | 13000/15983 batches | lr 0.50 | ms/batch  4.94 | loss  4.63 | ppl   102.29
| epoch  21 | 13500/15983 batches | lr 0.50 | ms/batch  4.94 | loss  4.63 | ppl   102.39
| epoch  21 | 14000/15983 batches | lr 0.50 | ms/batch  4.94 | loss  4.65 | ppl   104.45
| epoch  21 | 14500/15983 batches | lr 0.50 | ms/batch  4.94 | loss  4.61 | ppl   100.87
| epoch  21 | 15000/15983 batches | lr 0.50 | ms/batch  4.94 | loss  4.62 | ppl   101.04
| epoch  21 | 15500/15983 batches | lr 0.50 | ms/batch  4.94 | loss  4.60 | ppl    99.38
-----------------------------------------------------------------------------------------
| end of epoch  21 | time: 79.37s | valid loss  4.97 | valid ppl   144.17
-----------------------------------------------------------------------------------------
| epoch  22 |   500/15983 batches | lr 0.12 | ms/batch  4.94 | loss  4.66 | ppl   105.91
| epoch  22 |  1000/15983 batches | lr 0.12 | ms/batch  4.94 | loss  4.67 | ppl   106.64
| epoch  22 |  1500/15983 batches | lr 0.12 | ms/batch  4.94 | loss  4.68 | ppl   108.30
| epoch  22 |  2000/15983 batches | lr 0.12 | ms/batch  4.94 | loss  4.62 | ppl   101.13
| epoch  22 |  2500/15983 batches | lr 0.12 | ms/batch  4.94 | loss  4.61 | ppl   100.47
| epoch  22 |  3000/15983 batches | lr 0.12 | ms/batch  4.94 | loss  4.66 | ppl   105.51
| epoch  22 |  3500/15983 batches | lr 0.12 | ms/batch  4.94 | loss  4.66 | ppl   106.00
| epoch  22 |  4000/15983 batches | lr 0.12 | ms/batch  4.94 | loss  4.64 | ppl   103.74
| epoch  22 |  4500/15983 batches | lr 0.12 | ms/batch  4.93 | loss  4.65 | ppl   104.80
| epoch  22 |  5000/15983 batches | lr 0.12 | ms/batch  4.94 | loss  4.66 | ppl   106.16
| epoch  22 |  5500/15983 batches | lr 0.12 | ms/batch  4.93 | loss  4.68 | ppl   107.34
| epoch  22 |  6000/15983 batches | lr 0.12 | ms/batch  4.94 | loss  4.69 | ppl   109.18
| epoch  22 |  6500/15983 batches | lr 0.12 | ms/batch  4.93 | loss  4.64 | ppl   104.06
| epoch  22 |  7000/15983 batches | lr 0.12 | ms/batch  4.94 | loss  4.64 | ppl   103.84
| epoch  22 |  7500/15983 batches | lr 0.12 | ms/batch  4.94 | loss  4.62 | ppl   101.67
| epoch  22 |  8000/15983 batches | lr 0.12 | ms/batch  4.94 | loss  4.68 | ppl   107.32
| epoch  22 |  8500/15983 batches | lr 0.12 | ms/batch  4.94 | loss  4.63 | ppl   102.63
| epoch  22 |  9000/15983 batches | lr 0.12 | ms/batch  4.94 | loss  4.59 | ppl    98.80
| epoch  22 |  9500/15983 batches | lr 0.12 | ms/batch  4.94 | loss  4.61 | ppl   100.23
| epoch  22 | 10000/15983 batches | lr 0.12 | ms/batch  4.94 | loss  4.59 | ppl    98.10
| epoch  22 | 10500/15983 batches | lr 0.12 | ms/batch  4.94 | loss  4.64 | ppl   104.04
| epoch  22 | 11000/15983 batches | lr 0.12 | ms/batch  4.94 | loss  4.66 | ppl   105.65
| epoch  22 | 11500/15983 batches | lr 0.12 | ms/batch  4.94 | loss  4.62 | ppl   101.75
| epoch  22 | 12000/15983 batches | lr 0.12 | ms/batch  4.93 | loss  4.62 | ppl   101.36
| epoch  22 | 12500/15983 batches | lr 0.12 | ms/batch  4.94 | loss  4.59 | ppl    98.44
| epoch  22 | 13000/15983 batches | lr 0.12 | ms/batch  4.94 | loss  4.61 | ppl   100.15
| epoch  22 | 13500/15983 batches | lr 0.12 | ms/batch  4.94 | loss  4.61 | ppl   100.04
| epoch  22 | 14000/15983 batches | lr 0.12 | ms/batch  4.94 | loss  4.62 | ppl   101.93
| epoch  22 | 14500/15983 batches | lr 0.12 | ms/batch  4.93 | loss  4.59 | ppl    98.49
| epoch  22 | 15000/15983 batches | lr 0.12 | ms/batch  4.93 | loss  4.59 | ppl    98.52
| epoch  22 | 15500/15983 batches | lr 0.12 | ms/batch  4.94 | loss  4.57 | ppl    96.90
-----------------------------------------------------------------------------------------
| end of epoch  22 | time: 79.37s | valid loss  4.96 | valid ppl   142.06
-----------------------------------------------------------------------------------------
| epoch  23 |   500/15983 batches | lr 0.12 | ms/batch  4.95 | loss  4.64 | ppl   103.99
| epoch  23 |  1000/15983 batches | lr 0.12 | ms/batch  4.93 | loss  4.65 | ppl   104.87
| epoch  23 |  1500/15983 batches | lr 0.12 | ms/batch  4.94 | loss  4.67 | ppl   106.44
| epoch  23 |  2000/15983 batches | lr 0.12 | ms/batch  4.94 | loss  4.60 | ppl    99.63
| epoch  23 |  2500/15983 batches | lr 0.12 | ms/batch  4.94 | loss  4.60 | ppl    99.46
| epoch  23 |  3000/15983 batches | lr 0.12 | ms/batch  4.94 | loss  4.65 | ppl   104.07
| epoch  23 |  3500/15983 batches | lr 0.12 | ms/batch  4.94 | loss  4.65 | ppl   104.74
| epoch  23 |  4000/15983 batches | lr 0.12 | ms/batch  4.94 | loss  4.63 | ppl   102.52
| epoch  23 |  4500/15983 batches | lr 0.12 | ms/batch  4.94 | loss  4.64 | ppl   103.72
| epoch  23 |  5000/15983 batches | lr 0.12 | ms/batch  4.94 | loss  4.66 | ppl   105.33
| epoch  23 |  5500/15983 batches | lr 0.12 | ms/batch  4.94 | loss  4.67 | ppl   106.28
| epoch  23 |  6000/15983 batches | lr 0.12 | ms/batch  4.94 | loss  4.68 | ppl   108.03
| epoch  23 |  6500/15983 batches | lr 0.12 | ms/batch  4.94 | loss  4.64 | ppl   103.21
| epoch  23 |  7000/15983 batches | lr 0.12 | ms/batch  4.94 | loss  4.64 | ppl   103.13
| epoch  23 |  7500/15983 batches | lr 0.12 | ms/batch  4.94 | loss  4.61 | ppl   100.93
| epoch  23 |  8000/15983 batches | lr 0.12 | ms/batch  4.94 | loss  4.67 | ppl   106.78
| epoch  23 |  8500/15983 batches | lr 0.12 | ms/batch  4.94 | loss  4.63 | ppl   102.23
| epoch  23 |  9000/15983 batches | lr 0.12 | ms/batch  4.94 | loss  4.59 | ppl    98.07
| epoch  23 |  9500/15983 batches | lr 0.12 | ms/batch  4.94 | loss  4.60 | ppl    99.70
| epoch  23 | 10000/15983 batches | lr 0.12 | ms/batch  4.94 | loss  4.58 | ppl    97.52
| epoch  23 | 10500/15983 batches | lr 0.12 | ms/batch  4.94 | loss  4.64 | ppl   103.24
| epoch  23 | 11000/15983 batches | lr 0.12 | ms/batch  4.94 | loss  4.65 | ppl   105.08
| epoch  23 | 11500/15983 batches | lr 0.12 | ms/batch  4.94 | loss  4.62 | ppl   101.49
| epoch  23 | 12000/15983 batches | lr 0.12 | ms/batch  4.94 | loss  4.61 | ppl   100.94
| epoch  23 | 12500/15983 batches | lr 0.12 | ms/batch  4.94 | loss  4.59 | ppl    98.20
| epoch  23 | 13000/15983 batches | lr 0.12 | ms/batch  4.94 | loss  4.60 | ppl    99.76
| epoch  23 | 13500/15983 batches | lr 0.12 | ms/batch  4.94 | loss  4.60 | ppl    99.86
| epoch  23 | 14000/15983 batches | lr 0.12 | ms/batch  4.93 | loss  4.62 | ppl   101.52
| epoch  23 | 14500/15983 batches | lr 0.12 | ms/batch  4.93 | loss  4.59 | ppl    98.38
| epoch  23 | 15000/15983 batches | lr 0.12 | ms/batch  4.94 | loss  4.59 | ppl    98.46
| epoch  23 | 15500/15983 batches | lr 0.12 | ms/batch  4.94 | loss  4.57 | ppl    96.87
-----------------------------------------------------------------------------------------
| end of epoch  23 | time: 79.38s | valid loss  4.95 | valid ppl   141.70
-----------------------------------------------------------------------------------------
| epoch  24 |   500/15983 batches | lr 0.12 | ms/batch  4.95 | loss  4.64 | ppl   103.48
| epoch  24 |  1000/15983 batches | lr 0.12 | ms/batch  4.94 | loss  4.65 | ppl   104.32
| epoch  24 |  1500/15983 batches | lr 0.12 | ms/batch  4.94 | loss  4.66 | ppl   105.94
| epoch  24 |  2000/15983 batches | lr 0.12 | ms/batch  4.94 | loss  4.60 | ppl    99.20
| epoch  24 |  2500/15983 batches | lr 0.12 | ms/batch  4.94 | loss  4.60 | ppl    99.07
| epoch  24 |  3000/15983 batches | lr 0.12 | ms/batch  4.94 | loss  4.64 | ppl   103.62
| epoch  24 |  3500/15983 batches | lr 0.12 | ms/batch  4.94 | loss  4.65 | ppl   104.54
| epoch  24 |  4000/15983 batches | lr 0.12 | ms/batch  4.94 | loss  4.63 | ppl   102.10
| epoch  24 |  4500/15983 batches | lr 0.12 | ms/batch  4.94 | loss  4.64 | ppl   103.27
| epoch  24 |  5000/15983 batches | lr 0.12 | ms/batch  4.94 | loss  4.65 | ppl   104.78
| epoch  24 |  5500/15983 batches | lr 0.12 | ms/batch  4.94 | loss  4.66 | ppl   105.64
| epoch  24 |  6000/15983 batches | lr 0.12 | ms/batch  4.94 | loss  4.68 | ppl   107.48
| epoch  24 |  6500/15983 batches | lr 0.12 | ms/batch  4.93 | loss  4.63 | ppl   102.86
| epoch  24 |  7000/15983 batches | lr 0.12 | ms/batch  4.94 | loss  4.63 | ppl   102.45
| epoch  24 |  7500/15983 batches | lr 0.12 | ms/batch  4.93 | loss  4.61 | ppl   100.47
| epoch  24 |  8000/15983 batches | lr 0.12 | ms/batch  4.94 | loss  4.67 | ppl   106.37
| epoch  24 |  8500/15983 batches | lr 0.12 | ms/batch  4.94 | loss  4.62 | ppl   101.88
| epoch  24 |  9000/15983 batches | lr 0.12 | ms/batch  4.94 | loss  4.58 | ppl    97.86
| epoch  24 |  9500/15983 batches | lr 0.12 | ms/batch  4.93 | loss  4.60 | ppl    99.48
| epoch  24 | 10000/15983 batches | lr 0.12 | ms/batch  4.94 | loss  4.58 | ppl    97.49
| epoch  24 | 10500/15983 batches | lr 0.12 | ms/batch  4.93 | loss  4.64 | ppl   103.09
| epoch  24 | 11000/15983 batches | lr 0.12 | ms/batch  4.94 | loss  4.65 | ppl   104.87
| epoch  24 | 11500/15983 batches | lr 0.12 | ms/batch  4.94 | loss  4.62 | ppl   101.09
| epoch  24 | 12000/15983 batches | lr 0.12 | ms/batch  4.94 | loss  4.62 | ppl   101.09
| epoch  24 | 12500/15983 batches | lr 0.12 | ms/batch  4.94 | loss  4.58 | ppl    97.77
| epoch  24 | 13000/15983 batches | lr 0.12 | ms/batch  4.94 | loss  4.60 | ppl    99.63
| epoch  24 | 13500/15983 batches | lr 0.12 | ms/batch  4.94 | loss  4.60 | ppl    99.51
| epoch  24 | 14000/15983 batches | lr 0.12 | ms/batch  4.94 | loss  4.62 | ppl   101.47
| epoch  24 | 14500/15983 batches | lr 0.12 | ms/batch  4.93 | loss  4.59 | ppl    98.29
| epoch  24 | 15000/15983 batches | lr 0.12 | ms/batch  4.94 | loss  4.59 | ppl    98.43
| epoch  24 | 15500/15983 batches | lr 0.12 | ms/batch  4.94 | loss  4.57 | ppl    96.67
-----------------------------------------------------------------------------------------
| end of epoch  24 | time: 79.37s | valid loss  4.95 | valid ppl   141.48
-----------------------------------------------------------------------------------------
| epoch  25 |   500/15983 batches | lr 0.12 | ms/batch  4.95 | loss  4.64 | ppl   103.09
| epoch  25 |  1000/15983 batches | lr 0.12 | ms/batch  4.94 | loss  4.64 | ppl   103.68
| epoch  25 |  1500/15983 batches | lr 0.12 | ms/batch  4.94 | loss  4.66 | ppl   105.33
| epoch  25 |  2000/15983 batches | lr 0.12 | ms/batch  4.94 | loss  4.59 | ppl    98.88
| epoch  25 |  2500/15983 batches | lr 0.12 | ms/batch  4.94 | loss  4.59 | ppl    98.56
| epoch  25 |  3000/15983 batches | lr 0.12 | ms/batch  4.94 | loss  4.64 | ppl   103.24
| epoch  25 |  3500/15983 batches | lr 0.12 | ms/batch  4.94 | loss  4.65 | ppl   104.09
| epoch  25 |  4000/15983 batches | lr 0.12 | ms/batch  4.94 | loss  4.62 | ppl   101.79
| epoch  25 |  4500/15983 batches | lr 0.12 | ms/batch  4.94 | loss  4.63 | ppl   102.85
| epoch  25 |  5000/15983 batches | lr 0.12 | ms/batch  4.94 | loss  4.65 | ppl   104.53
| epoch  25 |  5500/15983 batches | lr 0.12 | ms/batch  4.94 | loss  4.66 | ppl   105.43
| epoch  25 |  6000/15983 batches | lr 0.12 | ms/batch  4.94 | loss  4.67 | ppl   107.23
| epoch  25 |  6500/15983 batches | lr 0.12 | ms/batch  4.94 | loss  4.63 | ppl   102.36
| epoch  25 |  7000/15983 batches | lr 0.12 | ms/batch  4.94 | loss  4.63 | ppl   102.45
| epoch  25 |  7500/15983 batches | lr 0.12 | ms/batch  4.94 | loss  4.61 | ppl   100.16
| epoch  25 |  8000/15983 batches | lr 0.12 | ms/batch  4.94 | loss  4.66 | ppl   106.09
| epoch  25 |  8500/15983 batches | lr 0.12 | ms/batch  4.93 | loss  4.62 | ppl   101.61
| epoch  25 |  9000/15983 batches | lr 0.12 | ms/batch  4.93 | loss  4.58 | ppl    97.80
| epoch  25 |  9500/15983 batches | lr 0.12 | ms/batch  4.93 | loss  4.60 | ppl    99.27
| epoch  25 | 10000/15983 batches | lr 0.12 | ms/batch  4.94 | loss  4.58 | ppl    97.07
| epoch  25 | 10500/15983 batches | lr 0.12 | ms/batch  4.93 | loss  4.63 | ppl   102.61
| epoch  25 | 11000/15983 batches | lr 0.12 | ms/batch  4.94 | loss  4.65 | ppl   104.51
| epoch  25 | 11500/15983 batches | lr 0.12 | ms/batch  4.94 | loss  4.61 | ppl   100.81
| epoch  25 | 12000/15983 batches | lr 0.12 | ms/batch  4.94 | loss  4.61 | ppl   100.76
| epoch  25 | 12500/15983 batches | lr 0.12 | ms/batch  4.94 | loss  4.58 | ppl    97.71
| epoch  25 | 13000/15983 batches | lr 0.12 | ms/batch  4.94 | loss  4.60 | ppl    99.44
| epoch  25 | 13500/15983 batches | lr 0.12 | ms/batch  4.93 | loss  4.60 | ppl    99.63
| epoch  25 | 14000/15983 batches | lr 0.12 | ms/batch  4.94 | loss  4.62 | ppl   101.26
| epoch  25 | 14500/15983 batches | lr 0.12 | ms/batch  4.94 | loss  4.59 | ppl    98.17
| epoch  25 | 15000/15983 batches | lr 0.12 | ms/batch  4.94 | loss  4.59 | ppl    98.25
| epoch  25 | 15500/15983 batches | lr 0.12 | ms/batch  4.94 | loss  4.57 | ppl    96.72
-----------------------------------------------------------------------------------------
| end of epoch  25 | time: 79.38s | valid loss  4.95 | valid ppl   141.34
-----------------------------------------------------------------------------------------
| epoch  26 |   500/15983 batches | lr 0.12 | ms/batch  4.95 | loss  4.63 | ppl   103.00
| epoch  26 |  1000/15983 batches | lr 0.12 | ms/batch  4.94 | loss  4.64 | ppl   103.63
| epoch  26 |  1500/15983 batches | lr 0.12 | ms/batch  4.94 | loss  4.65 | ppl   105.01
| epoch  26 |  2000/15983 batches | lr 0.12 | ms/batch  4.93 | loss  4.59 | ppl    98.69
| epoch  26 |  2500/15983 batches | lr 0.12 | ms/batch  4.94 | loss  4.59 | ppl    98.51
| epoch  26 |  3000/15983 batches | lr 0.12 | ms/batch  4.94 | loss  4.64 | ppl   103.04
| epoch  26 |  3500/15983 batches | lr 0.12 | ms/batch  4.94 | loss  4.64 | ppl   103.88
| epoch  26 |  4000/15983 batches | lr 0.12 | ms/batch  4.93 | loss  4.62 | ppl   101.37
| epoch  26 |  4500/15983 batches | lr 0.12 | ms/batch  4.94 | loss  4.63 | ppl   102.68
| epoch  26 |  5000/15983 batches | lr 0.12 | ms/batch  4.94 | loss  4.65 | ppl   104.15
| epoch  26 |  5500/15983 batches | lr 0.12 | ms/batch  4.94 | loss  4.65 | ppl   105.00
| epoch  26 |  6000/15983 batches | lr 0.12 | ms/batch  4.94 | loss  4.67 | ppl   107.09
| epoch  26 |  6500/15983 batches | lr 0.12 | ms/batch  4.94 | loss  4.63 | ppl   102.06
| epoch  26 |  7000/15983 batches | lr 0.12 | ms/batch  4.94 | loss  4.63 | ppl   102.22
| epoch  26 |  7500/15983 batches | lr 0.12 | ms/batch  4.94 | loss  4.60 | ppl    99.97
| epoch  26 |  8000/15983 batches | lr 0.12 | ms/batch  4.94 | loss  4.66 | ppl   105.69
| epoch  26 |  8500/15983 batches | lr 0.12 | ms/batch  4.94 | loss  4.62 | ppl   101.08
| epoch  26 |  9000/15983 batches | lr 0.12 | ms/batch  4.94 | loss  4.58 | ppl    97.43
| epoch  26 |  9500/15983 batches | lr 0.12 | ms/batch  4.93 | loss  4.59 | ppl    98.96
| epoch  26 | 10000/15983 batches | lr 0.12 | ms/batch  4.94 | loss  4.57 | ppl    97.02
| epoch  26 | 10500/15983 batches | lr 0.12 | ms/batch  4.94 | loss  4.63 | ppl   102.77
| epoch  26 | 11000/15983 batches | lr 0.12 | ms/batch  4.94 | loss  4.65 | ppl   104.30
| epoch  26 | 11500/15983 batches | lr 0.12 | ms/batch  4.94 | loss  4.61 | ppl   100.79
| epoch  26 | 12000/15983 batches | lr 0.12 | ms/batch  4.94 | loss  4.61 | ppl   100.44
| epoch  26 | 12500/15983 batches | lr 0.12 | ms/batch  4.94 | loss  4.58 | ppl    97.57
| epoch  26 | 13000/15983 batches | lr 0.12 | ms/batch  4.94 | loss  4.60 | ppl    99.42
| epoch  26 | 13500/15983 batches | lr 0.12 | ms/batch  4.94 | loss  4.60 | ppl    99.36
| epoch  26 | 14000/15983 batches | lr 0.12 | ms/batch  4.94 | loss  4.62 | ppl   101.15
| epoch  26 | 14500/15983 batches | lr 0.12 | ms/batch  4.93 | loss  4.58 | ppl    97.98
| epoch  26 | 15000/15983 batches | lr 0.12 | ms/batch  4.94 | loss  4.59 | ppl    98.03
| epoch  26 | 15500/15983 batches | lr 0.12 | ms/batch  4.93 | loss  4.57 | ppl    96.35
-----------------------------------------------------------------------------------------
| end of epoch  26 | time: 79.37s | valid loss  4.95 | valid ppl   141.30
-----------------------------------------------------------------------------------------
| epoch  27 |   500/15983 batches | lr 0.12 | ms/batch  4.95 | loss  4.63 | ppl   102.53
| epoch  27 |  1000/15983 batches | lr 0.12 | ms/batch  4.94 | loss  4.64 | ppl   103.14
| epoch  27 |  1500/15983 batches | lr 0.12 | ms/batch  4.94 | loss  4.65 | ppl   104.84
| epoch  27 |  2000/15983 batches | lr 0.12 | ms/batch  4.94 | loss  4.59 | ppl    98.25
| epoch  27 |  2500/15983 batches | lr 0.12 | ms/batch  4.94 | loss  4.59 | ppl    98.22
| epoch  27 |  3000/15983 batches | lr 0.12 | ms/batch  4.94 | loss  4.63 | ppl   102.82
| epoch  27 |  3500/15983 batches | lr 0.12 | ms/batch  4.94 | loss  4.64 | ppl   103.51
| epoch  27 |  4000/15983 batches | lr 0.12 | ms/batch  4.94 | loss  4.61 | ppl   100.94
| epoch  27 |  4500/15983 batches | lr 0.12 | ms/batch  4.94 | loss  4.63 | ppl   102.22
| epoch  27 |  5000/15983 batches | lr 0.12 | ms/batch  4.94 | loss  4.64 | ppl   103.71
| epoch  27 |  5500/15983 batches | lr 0.12 | ms/batch  4.94 | loss  4.65 | ppl   104.82
| epoch  27 |  6000/15983 batches | lr 0.12 | ms/batch  4.94 | loss  4.67 | ppl   106.71
| epoch  27 |  6500/15983 batches | lr 0.12 | ms/batch  4.94 | loss  4.62 | ppl   101.95
| epoch  27 |  7000/15983 batches | lr 0.12 | ms/batch  4.94 | loss  4.62 | ppl   101.89
| epoch  27 |  7500/15983 batches | lr 0.12 | ms/batch  4.94 | loss  4.60 | ppl    99.82
| epoch  27 |  8000/15983 batches | lr 0.12 | ms/batch  4.94 | loss  4.66 | ppl   105.68
| epoch  27 |  8500/15983 batches | lr 0.12 | ms/batch  4.94 | loss  4.61 | ppl   100.81
| epoch  27 |  9000/15983 batches | lr 0.12 | ms/batch  4.94 | loss  4.58 | ppl    97.25
| epoch  27 |  9500/15983 batches | lr 0.12 | ms/batch  4.94 | loss  4.59 | ppl    98.88
| epoch  27 | 10000/15983 batches | lr 0.12 | ms/batch  4.94 | loss  4.57 | ppl    96.62
| epoch  27 | 10500/15983 batches | lr 0.12 | ms/batch  4.94 | loss  4.63 | ppl   102.49
| epoch  27 | 11000/15983 batches | lr 0.12 | ms/batch  4.94 | loss  4.65 | ppl   104.18
| epoch  27 | 11500/15983 batches | lr 0.12 | ms/batch  4.94 | loss  4.61 | ppl   100.46
| epoch  27 | 12000/15983 batches | lr 0.12 | ms/batch  4.94 | loss  4.61 | ppl   100.10
| epoch  27 | 12500/15983 batches | lr 0.12 | ms/batch  4.94 | loss  4.58 | ppl    97.43
| epoch  27 | 13000/15983 batches | lr 0.12 | ms/batch  4.94 | loss  4.60 | ppl    99.17
| epoch  27 | 13500/15983 batches | lr 0.12 | ms/batch  4.94 | loss  4.60 | ppl    99.15
| epoch  27 | 14000/15983 batches | lr 0.12 | ms/batch  4.94 | loss  4.62 | ppl   100.99
| epoch  27 | 14500/15983 batches | lr 0.12 | ms/batch  4.94 | loss  4.58 | ppl    97.88
| epoch  27 | 15000/15983 batches | lr 0.12 | ms/batch  4.94 | loss  4.59 | ppl    98.02
| epoch  27 | 15500/15983 batches | lr 0.12 | ms/batch  4.94 | loss  4.57 | ppl    96.15
-----------------------------------------------------------------------------------------
| end of epoch  27 | time: 79.39s | valid loss  4.95 | valid ppl   141.10
-----------------------------------------------------------------------------------------
| epoch  28 |   500/15983 batches | lr 0.12 | ms/batch  4.95 | loss  4.63 | ppl   102.39
| epoch  28 |  1000/15983 batches | lr 0.12 | ms/batch  4.94 | loss  4.63 | ppl   102.92
| epoch  28 |  1500/15983 batches | lr 0.12 | ms/batch  4.94 | loss  4.65 | ppl   104.59
| epoch  28 |  2000/15983 batches | lr 0.12 | ms/batch  4.94 | loss  4.59 | ppl    98.25
| epoch  28 |  2500/15983 batches | lr 0.12 | ms/batch  4.94 | loss  4.59 | ppl    98.08
| epoch  28 |  3000/15983 batches | lr 0.12 | ms/batch  4.94 | loss  4.63 | ppl   102.46
| epoch  28 |  3500/15983 batches | lr 0.12 | ms/batch  4.94 | loss  4.64 | ppl   103.15
| epoch  28 |  4000/15983 batches | lr 0.12 | ms/batch  4.94 | loss  4.61 | ppl   100.90
| epoch  28 |  4500/15983 batches | lr 0.12 | ms/batch  4.94 | loss  4.62 | ppl   101.90
| epoch  28 |  5000/15983 batches | lr 0.12 | ms/batch  4.94 | loss  4.64 | ppl   103.67
| epoch  28 |  5500/15983 batches | lr 0.12 | ms/batch  4.94 | loss  4.65 | ppl   104.73
| epoch  28 |  6000/15983 batches | lr 0.12 | ms/batch  4.94 | loss  4.67 | ppl   106.66
| epoch  28 |  6500/15983 batches | lr 0.12 | ms/batch  4.93 | loss  4.62 | ppl   101.76
| epoch  28 |  7000/15983 batches | lr 0.12 | ms/batch  4.93 | loss  4.62 | ppl   101.69
| epoch  28 |  7500/15983 batches | lr 0.12 | ms/batch  4.94 | loss  4.60 | ppl    99.63
| epoch  28 |  8000/15983 batches | lr 0.12 | ms/batch  4.94 | loss  4.66 | ppl   105.57
| epoch  28 |  8500/15983 batches | lr 0.12 | ms/batch  4.93 | loss  4.61 | ppl   100.77
| epoch  28 |  9000/15983 batches | lr 0.12 | ms/batch  4.94 | loss  4.57 | ppl    97.00
| epoch  28 |  9500/15983 batches | lr 0.12 | ms/batch  4.94 | loss  4.59 | ppl    98.65
| epoch  28 | 10000/15983 batches | lr 0.12 | ms/batch  4.94 | loss  4.57 | ppl    96.85
| epoch  28 | 10500/15983 batches | lr 0.12 | ms/batch  4.94 | loss  4.63 | ppl   102.29
| epoch  28 | 11000/15983 batches | lr 0.12 | ms/batch  4.94 | loss  4.64 | ppl   103.93
| epoch  28 | 11500/15983 batches | lr 0.12 | ms/batch  4.94 | loss  4.61 | ppl   100.47
| epoch  28 | 12000/15983 batches | lr 0.12 | ms/batch  4.94 | loss  4.61 | ppl   100.01
| epoch  28 | 12500/15983 batches | lr 0.12 | ms/batch  4.94 | loss  4.57 | ppl    97.01
| epoch  28 | 13000/15983 batches | lr 0.12 | ms/batch  4.94 | loss  4.60 | ppl    99.26
| epoch  28 | 13500/15983 batches | lr 0.12 | ms/batch  4.94 | loss  4.60 | ppl    99.14
| epoch  28 | 14000/15983 batches | lr 0.12 | ms/batch  4.94 | loss  4.61 | ppl   100.69
| epoch  28 | 14500/15983 batches | lr 0.12 | ms/batch  4.94 | loss  4.58 | ppl    97.72
| epoch  28 | 15000/15983 batches | lr 0.12 | ms/batch  4.94 | loss  4.58 | ppl    97.86
| epoch  28 | 15500/15983 batches | lr 0.12 | ms/batch  4.94 | loss  4.56 | ppl    96.02
-----------------------------------------------------------------------------------------
| end of epoch  28 | time: 79.38s | valid loss  4.95 | valid ppl   140.85
-----------------------------------------------------------------------------------------
| epoch  29 |   500/15983 batches | lr 0.12 | ms/batch  4.95 | loss  4.63 | ppl   102.03
| epoch  29 |  1000/15983 batches | lr 0.12 | ms/batch  4.94 | loss  4.63 | ppl   102.80
| epoch  29 |  1500/15983 batches | lr 0.12 | ms/batch  4.94 | loss  4.65 | ppl   104.34
| epoch  29 |  2000/15983 batches | lr 0.12 | ms/batch  4.94 | loss  4.58 | ppl    97.79
| epoch  29 |  2500/15983 batches | lr 0.12 | ms/batch  4.94 | loss  4.58 | ppl    97.67
| epoch  29 |  3000/15983 batches | lr 0.12 | ms/batch  4.94 | loss  4.63 | ppl   102.19
| epoch  29 |  3500/15983 batches | lr 0.12 | ms/batch  4.94 | loss  4.64 | ppl   103.12
| epoch  29 |  4000/15983 batches | lr 0.12 | ms/batch  4.94 | loss  4.61 | ppl   100.73
| epoch  29 |  4500/15983 batches | lr 0.12 | ms/batch  4.94 | loss  4.62 | ppl   101.75
| epoch  29 |  5000/15983 batches | lr 0.12 | ms/batch  4.94 | loss  4.64 | ppl   103.22
| epoch  29 |  5500/15983 batches | lr 0.12 | ms/batch  4.94 | loss  4.65 | ppl   104.29
| epoch  29 |  6000/15983 batches | lr 0.12 | ms/batch  4.94 | loss  4.67 | ppl   106.31
| epoch  29 |  6500/15983 batches | lr 0.12 | ms/batch  4.94 | loss  4.62 | ppl   101.39
| epoch  29 |  7000/15983 batches | lr 0.12 | ms/batch  4.94 | loss  4.62 | ppl   101.55
| epoch  29 |  7500/15983 batches | lr 0.12 | ms/batch  4.94 | loss  4.60 | ppl    99.14
| epoch  29 |  8000/15983 batches | lr 0.12 | ms/batch  4.94 | loss  4.66 | ppl   105.19
| epoch  29 |  8500/15983 batches | lr 0.12 | ms/batch  4.94 | loss  4.61 | ppl   100.57
| epoch  29 |  9000/15983 batches | lr 0.12 | ms/batch  4.94 | loss  4.57 | ppl    96.92
| epoch  29 |  9500/15983 batches | lr 0.12 | ms/batch  4.94 | loss  4.59 | ppl    98.34
| epoch  29 | 10000/15983 batches | lr 0.12 | ms/batch  4.94 | loss  4.57 | ppl    96.52
| epoch  29 | 10500/15983 batches | lr 0.12 | ms/batch  4.94 | loss  4.63 | ppl   102.21
| epoch  29 | 11000/15983 batches | lr 0.12 | ms/batch  4.94 | loss  4.64 | ppl   103.52
| epoch  29 | 11500/15983 batches | lr 0.12 | ms/batch  4.94 | loss  4.61 | ppl   100.36
| epoch  29 | 12000/15983 batches | lr 0.12 | ms/batch  4.94 | loss  4.61 | ppl   100.08
| epoch  29 | 12500/15983 batches | lr 0.12 | ms/batch  4.94 | loss  4.57 | ppl    97.02
| epoch  29 | 13000/15983 batches | lr 0.12 | ms/batch  4.94 | loss  4.59 | ppl    98.88
| epoch  29 | 13500/15983 batches | lr 0.12 | ms/batch  4.94 | loss  4.59 | ppl    98.83
| epoch  29 | 14000/15983 batches | lr 0.12 | ms/batch  4.94 | loss  4.61 | ppl   100.50
| epoch  29 | 14500/15983 batches | lr 0.12 | ms/batch  4.94 | loss  4.58 | ppl    97.52
| epoch  29 | 15000/15983 batches | lr 0.12 | ms/batch  4.94 | loss  4.58 | ppl    97.65
| epoch  29 | 15500/15983 batches | lr 0.12 | ms/batch  4.94 | loss  4.57 | ppl    96.11
-----------------------------------------------------------------------------------------
| end of epoch  29 | time: 79.39s | valid loss  4.95 | valid ppl   141.15
-----------------------------------------------------------------------------------------
| epoch  30 |   500/15983 batches | lr 0.03 | ms/batch  4.95 | loss  4.63 | ppl   102.56
| epoch  30 |  1000/15983 batches | lr 0.03 | ms/batch  4.94 | loss  4.64 | ppl   103.69
| epoch  30 |  1500/15983 batches | lr 0.03 | ms/batch  4.94 | loss  4.66 | ppl   105.12
| epoch  30 |  2000/15983 batches | lr 0.03 | ms/batch  4.94 | loss  4.59 | ppl    98.55
| epoch  30 |  2500/15983 batches | lr 0.03 | ms/batch  4.94 | loss  4.59 | ppl    98.11
| epoch  30 |  3000/15983 batches | lr 0.03 | ms/batch  4.94 | loss  4.63 | ppl   102.74
| epoch  30 |  3500/15983 batches | lr 0.03 | ms/batch  4.94 | loss  4.64 | ppl   103.42
| epoch  30 |  4000/15983 batches | lr 0.03 | ms/batch  4.94 | loss  4.62 | ppl   101.15
| epoch  30 |  4500/15983 batches | lr 0.03 | ms/batch  4.94 | loss  4.63 | ppl   102.02
| epoch  30 |  5000/15983 batches | lr 0.03 | ms/batch  4.94 | loss  4.64 | ppl   103.57
| epoch  30 |  5500/15983 batches | lr 0.03 | ms/batch  4.94 | loss  4.65 | ppl   104.95
| epoch  30 |  6000/15983 batches | lr 0.03 | ms/batch  4.94 | loss  4.67 | ppl   106.85
| epoch  30 |  6500/15983 batches | lr 0.03 | ms/batch  4.94 | loss  4.62 | ppl   101.66
| epoch  30 |  7000/15983 batches | lr 0.03 | ms/batch  4.94 | loss  4.62 | ppl   101.94
| epoch  30 |  7500/15983 batches | lr 0.03 | ms/batch  4.94 | loss  4.60 | ppl    99.56
| epoch  30 |  8000/15983 batches | lr 0.03 | ms/batch  4.94 | loss  4.66 | ppl   105.25
| epoch  30 |  8500/15983 batches | lr 0.03 | ms/batch  4.94 | loss  4.61 | ppl   100.84
| epoch  30 |  9000/15983 batches | lr 0.03 | ms/batch  4.94 | loss  4.57 | ppl    96.94
| epoch  30 |  9500/15983 batches | lr 0.03 | ms/batch  4.94 | loss  4.59 | ppl    98.42
| epoch  30 | 10000/15983 batches | lr 0.03 | ms/batch  4.94 | loss  4.57 | ppl    96.57
| epoch  30 | 10500/15983 batches | lr 0.03 | ms/batch  4.93 | loss  4.63 | ppl   102.08
| epoch  30 | 11000/15983 batches | lr 0.03 | ms/batch  4.93 | loss  4.64 | ppl   103.48
| epoch  30 | 11500/15983 batches | lr 0.03 | ms/batch  4.94 | loss  4.60 | ppl    99.86
| epoch  30 | 12000/15983 batches | lr 0.03 | ms/batch  4.94 | loss  4.60 | ppl    99.60
| epoch  30 | 12500/15983 batches | lr 0.03 | ms/batch  4.94 | loss  4.57 | ppl    96.83
| epoch  30 | 13000/15983 batches | lr 0.03 | ms/batch  4.94 | loss  4.59 | ppl    98.44
| epoch  30 | 13500/15983 batches | lr 0.03 | ms/batch  4.94 | loss  4.59 | ppl    98.40
| epoch  30 | 14000/15983 batches | lr 0.03 | ms/batch  4.94 | loss  4.60 | ppl    99.97
| epoch  30 | 14500/15983 batches | lr 0.03 | ms/batch  4.94 | loss  4.58 | ppl    97.05
| epoch  30 | 15000/15983 batches | lr 0.03 | ms/batch  4.94 | loss  4.58 | ppl    97.17
| epoch  30 | 15500/15983 batches | lr 0.03 | ms/batch  4.94 | loss  4.56 | ppl    95.45
-----------------------------------------------------------------------------------------
| end of epoch  30 | time: 79.39s | valid loss  4.94 | valid ppl   139.70
-----------------------------------------------------------------------------------------
=========================================================================================
| End of training | test loss  5.00 | test ppl   148.09
=========================================================================================
