Vocabulary Size:  27710
Total number of model parameters: 38.92M
| epoch   1 |   500/15983 batches | lr 1.00 | ms/batch  6.90 | loss  7.16 | ppl  1282.64
| epoch   1 |  1000/15983 batches | lr 1.00 | ms/batch  6.16 | loss  6.66 | ppl   784.21
| epoch   1 |  1500/15983 batches | lr 1.00 | ms/batch  6.15 | loss  6.44 | ppl   628.48
| epoch   1 |  2000/15983 batches | lr 1.00 | ms/batch  6.15 | loss  6.20 | ppl   494.99
| epoch   1 |  2500/15983 batches | lr 1.00 | ms/batch  6.15 | loss  6.03 | ppl   417.08
| epoch   1 |  3000/15983 batches | lr 1.00 | ms/batch  6.15 | loss  6.04 | ppl   421.22
| epoch   1 |  3500/15983 batches | lr 1.00 | ms/batch  6.15 | loss  6.01 | ppl   405.86
| epoch   1 |  4000/15983 batches | lr 1.00 | ms/batch  6.15 | loss  5.99 | ppl   400.10
| epoch   1 |  4500/15983 batches | lr 1.00 | ms/batch  6.15 | loss  5.96 | ppl   386.09
| epoch   1 |  5000/15983 batches | lr 1.00 | ms/batch  6.15 | loss  5.92 | ppl   372.62
| epoch   1 |  5500/15983 batches | lr 1.00 | ms/batch  6.15 | loss  5.86 | ppl   349.17
| epoch   1 |  6000/15983 batches | lr 1.00 | ms/batch  6.16 | loss  5.84 | ppl   345.23
| epoch   1 |  6500/15983 batches | lr 1.00 | ms/batch  6.15 | loss  5.77 | ppl   320.00
| epoch   1 |  7000/15983 batches | lr 1.00 | ms/batch  6.15 | loss  5.78 | ppl   323.43
| epoch   1 |  7500/15983 batches | lr 1.00 | ms/batch  6.15 | loss  5.71 | ppl   302.72
| epoch   1 |  8000/15983 batches | lr 1.00 | ms/batch  6.15 | loss  5.77 | ppl   320.50
| epoch   1 |  8500/15983 batches | lr 1.00 | ms/batch  6.15 | loss  5.68 | ppl   294.22
| epoch   1 |  9000/15983 batches | lr 1.00 | ms/batch  6.15 | loss  5.63 | ppl   279.82
| epoch   1 |  9500/15983 batches | lr 1.00 | ms/batch  6.15 | loss  5.63 | ppl   279.65
| epoch   1 | 10000/15983 batches | lr 1.00 | ms/batch  6.15 | loss  5.62 | ppl   277.25
| epoch   1 | 10500/15983 batches | lr 1.00 | ms/batch  6.16 | loss  5.64 | ppl   280.10
| epoch   1 | 11000/15983 batches | lr 1.00 | ms/batch  6.15 | loss  5.63 | ppl   277.51
| epoch   1 | 11500/15983 batches | lr 1.00 | ms/batch  6.15 | loss  5.59 | ppl   268.86
| epoch   1 | 12000/15983 batches | lr 1.00 | ms/batch  6.15 | loss  5.55 | ppl   257.80
| epoch   1 | 12500/15983 batches | lr 1.00 | ms/batch  6.15 | loss  5.51 | ppl   247.52
| epoch   1 | 13000/15983 batches | lr 1.00 | ms/batch  6.15 | loss  5.53 | ppl   253.11
| epoch   1 | 13500/15983 batches | lr 1.00 | ms/batch  6.15 | loss  5.55 | ppl   256.69
| epoch   1 | 14000/15983 batches | lr 1.00 | ms/batch  6.15 | loss  5.57 | ppl   262.49
| epoch   1 | 14500/15983 batches | lr 1.00 | ms/batch  6.15 | loss  5.46 | ppl   234.25
| epoch   1 | 15000/15983 batches | lr 1.00 | ms/batch  6.15 | loss  5.42 | ppl   226.60
| epoch   1 | 15500/15983 batches | lr 1.00 | ms/batch  6.16 | loss  5.45 | ppl   232.64
-----------------------------------------------------------------------------------------
| end of epoch   1 | time: 99.35s | valid loss  5.57 | valid ppl   261.91
-----------------------------------------------------------------------------------------
| epoch   2 |   500/15983 batches | lr 1.00 | ms/batch  6.16 | loss  5.51 | ppl   246.38
| epoch   2 |  1000/15983 batches | lr 1.00 | ms/batch  6.15 | loss  5.51 | ppl   248.33
| epoch   2 |  1500/15983 batches | lr 1.00 | ms/batch  6.15 | loss  5.56 | ppl   259.90
| epoch   2 |  2000/15983 batches | lr 1.00 | ms/batch  6.15 | loss  5.45 | ppl   232.47
| epoch   2 |  2500/15983 batches | lr 1.00 | ms/batch  6.15 | loss  5.37 | ppl   214.76
| epoch   2 |  3000/15983 batches | lr 1.00 | ms/batch  6.15 | loss  5.45 | ppl   232.65
| epoch   2 |  3500/15983 batches | lr 1.00 | ms/batch  6.15 | loss  5.46 | ppl   234.91
| epoch   2 |  4000/15983 batches | lr 1.00 | ms/batch  6.16 | loss  5.47 | ppl   238.30
| epoch   2 |  4500/15983 batches | lr 1.00 | ms/batch  6.15 | loss  5.48 | ppl   240.47
| epoch   2 |  5000/15983 batches | lr 1.00 | ms/batch  6.15 | loss  5.47 | ppl   238.19
| epoch   2 |  5500/15983 batches | lr 1.00 | ms/batch  6.15 | loss  5.45 | ppl   231.81
| epoch   2 |  6000/15983 batches | lr 1.00 | ms/batch  6.15 | loss  5.46 | ppl   235.23
| epoch   2 |  6500/15983 batches | lr 1.00 | ms/batch  6.15 | loss  5.40 | ppl   220.81
| epoch   2 |  7000/15983 batches | lr 1.00 | ms/batch  6.15 | loss  5.41 | ppl   224.44
| epoch   2 |  7500/15983 batches | lr 1.00 | ms/batch  6.15 | loss  5.37 | ppl   214.33
| epoch   2 |  8000/15983 batches | lr 1.00 | ms/batch  6.15 | loss  5.45 | ppl   232.26
| epoch   2 |  8500/15983 batches | lr 1.00 | ms/batch  6.15 | loss  5.36 | ppl   213.54
| epoch   2 |  9000/15983 batches | lr 1.00 | ms/batch  6.16 | loss  5.32 | ppl   204.13
| epoch   2 |  9500/15983 batches | lr 1.00 | ms/batch  6.15 | loss  5.33 | ppl   205.76
| epoch   2 | 10000/15983 batches | lr 1.00 | ms/batch  6.15 | loss  5.33 | ppl   205.86
| epoch   2 | 10500/15983 batches | lr 1.00 | ms/batch  6.15 | loss  5.36 | ppl   213.12
| epoch   2 | 11000/15983 batches | lr 1.00 | ms/batch  6.15 | loss  5.36 | ppl   213.50
| epoch   2 | 11500/15983 batches | lr 1.00 | ms/batch  6.15 | loss  5.34 | ppl   209.52
| epoch   2 | 12000/15983 batches | lr 1.00 | ms/batch  6.15 | loss  5.32 | ppl   205.05
| epoch   2 | 12500/15983 batches | lr 1.00 | ms/batch  6.15 | loss  5.28 | ppl   196.92
| epoch   2 | 13000/15983 batches | lr 1.00 | ms/batch  6.15 | loss  5.30 | ppl   199.48
| epoch   2 | 13500/15983 batches | lr 1.00 | ms/batch  6.16 | loss  5.32 | ppl   204.40
| epoch   2 | 14000/15983 batches | lr 1.00 | ms/batch  6.15 | loss  5.34 | ppl   208.90
| epoch   2 | 14500/15983 batches | lr 1.00 | ms/batch  6.15 | loss  5.25 | ppl   190.24
| epoch   2 | 15000/15983 batches | lr 1.00 | ms/batch  6.15 | loss  5.23 | ppl   186.64
| epoch   2 | 15500/15983 batches | lr 1.00 | ms/batch  6.15 | loss  5.26 | ppl   191.74
-----------------------------------------------------------------------------------------
| end of epoch   2 | time: 98.95s | valid loss  5.44 | valid ppl   229.99
-----------------------------------------------------------------------------------------
| epoch   3 |   500/15983 batches | lr 1.00 | ms/batch  6.16 | loss  5.32 | ppl   205.22
| epoch   3 |  1000/15983 batches | lr 1.00 | ms/batch  6.15 | loss  5.31 | ppl   202.13
| epoch   3 |  1500/15983 batches | lr 1.00 | ms/batch  6.15 | loss  5.34 | ppl   209.30
| epoch   3 |  2000/15983 batches | lr 1.00 | ms/batch  6.16 | loss  5.26 | ppl   192.11
| epoch   3 |  2500/15983 batches | lr 1.00 | ms/batch  6.15 | loss  5.20 | ppl   182.07
| epoch   3 |  3000/15983 batches | lr 1.00 | ms/batch  6.15 | loss  5.27 | ppl   193.88
| epoch   3 |  3500/15983 batches | lr 1.00 | ms/batch  6.15 | loss  5.29 | ppl   197.98
| epoch   3 |  4000/15983 batches | lr 1.00 | ms/batch  6.15 | loss  5.30 | ppl   201.24
| epoch   3 |  4500/15983 batches | lr 1.00 | ms/batch  6.15 | loss  5.32 | ppl   204.30
| epoch   3 |  5000/15983 batches | lr 1.00 | ms/batch  6.15 | loss  5.31 | ppl   203.24
| epoch   3 |  5500/15983 batches | lr 1.00 | ms/batch  6.15 | loss  5.30 | ppl   199.37
| epoch   3 |  6000/15983 batches | lr 1.00 | ms/batch  6.15 | loss  5.31 | ppl   202.14
| epoch   3 |  6500/15983 batches | lr 1.00 | ms/batch  6.15 | loss  5.26 | ppl   192.04
| epoch   3 |  7000/15983 batches | lr 1.00 | ms/batch  6.16 | loss  5.27 | ppl   193.77
| epoch   3 |  7500/15983 batches | lr 1.00 | ms/batch  6.15 | loss  5.24 | ppl   187.86
| epoch   3 |  8000/15983 batches | lr 1.00 | ms/batch  6.15 | loss  5.32 | ppl   203.44
| epoch   3 |  8500/15983 batches | lr 1.00 | ms/batch  6.15 | loss  5.23 | ppl   187.72
| epoch   3 |  9000/15983 batches | lr 1.00 | ms/batch  6.15 | loss  5.19 | ppl   179.87
| epoch   3 |  9500/15983 batches | lr 1.00 | ms/batch  6.15 | loss  5.21 | ppl   182.19
| epoch   3 | 10000/15983 batches | lr 1.00 | ms/batch  6.15 | loss  5.20 | ppl   181.01
| epoch   3 | 10500/15983 batches | lr 1.00 | ms/batch  6.15 | loss  5.23 | ppl   187.70
| epoch   3 | 11000/15983 batches | lr 1.00 | ms/batch  6.15 | loss  5.25 | ppl   190.72
| epoch   3 | 11500/15983 batches | lr 1.00 | ms/batch  6.15 | loss  5.22 | ppl   184.23
| epoch   3 | 12000/15983 batches | lr 1.00 | ms/batch  6.15 | loss  5.21 | ppl   182.24
| epoch   3 | 12500/15983 batches | lr 1.00 | ms/batch  6.15 | loss  5.16 | ppl   174.24
| epoch   3 | 13000/15983 batches | lr 1.00 | ms/batch  6.15 | loss  5.18 | ppl   177.58
| epoch   3 | 13500/15983 batches | lr 1.00 | ms/batch  6.15 | loss  5.20 | ppl   180.64
| epoch   3 | 14000/15983 batches | lr 1.00 | ms/batch  6.15 | loss  5.22 | ppl   185.13
| epoch   3 | 14500/15983 batches | lr 1.00 | ms/batch  6.15 | loss  5.14 | ppl   170.46
| epoch   3 | 15000/15983 batches | lr 1.00 | ms/batch  6.15 | loss  5.12 | ppl   168.13
| epoch   3 | 15500/15983 batches | lr 1.00 | ms/batch  6.15 | loss  5.14 | ppl   171.03
-----------------------------------------------------------------------------------------
| end of epoch   3 | time: 98.91s | valid loss  5.35 | valid ppl   211.25
-----------------------------------------------------------------------------------------
| epoch   4 |   500/15983 batches | lr 1.00 | ms/batch  6.17 | loss  5.20 | ppl   180.64
| epoch   4 |  1000/15983 batches | lr 1.00 | ms/batch  6.15 | loss  5.20 | ppl   181.98
| epoch   4 |  1500/15983 batches | lr 1.00 | ms/batch  6.15 | loss  5.24 | ppl   187.85
| epoch   4 |  2000/15983 batches | lr 1.00 | ms/batch  6.15 | loss  5.16 | ppl   174.02
| epoch   4 |  2500/15983 batches | lr 1.00 | ms/batch  6.15 | loss  5.11 | ppl   165.24
| epoch   4 |  3000/15983 batches | lr 1.00 | ms/batch  6.15 | loss  5.17 | ppl   175.21
| epoch   4 |  3500/15983 batches | lr 1.00 | ms/batch  6.15 | loss  5.19 | ppl   179.16
| epoch   4 |  4000/15983 batches | lr 1.00 | ms/batch  6.15 | loss  5.19 | ppl   180.08
| epoch   4 |  4500/15983 batches | lr 1.00 | ms/batch  6.15 | loss  5.21 | ppl   182.85
| epoch   4 |  5000/15983 batches | lr 1.00 | ms/batch  6.16 | loss  5.22 | ppl   184.29
| epoch   4 |  5500/15983 batches | lr 1.00 | ms/batch  6.15 | loss  5.19 | ppl   179.82
| epoch   4 |  6000/15983 batches | lr 1.00 | ms/batch  6.15 | loss  5.22 | ppl   184.23
| epoch   4 |  6500/15983 batches | lr 1.00 | ms/batch  6.15 | loss  5.16 | ppl   174.46
| epoch   4 |  7000/15983 batches | lr 1.00 | ms/batch  6.15 | loss  5.17 | ppl   175.73
| epoch   4 |  7500/15983 batches | lr 1.00 | ms/batch  6.15 | loss  5.14 | ppl   170.49
| epoch   4 |  8000/15983 batches | lr 1.00 | ms/batch  6.15 | loss  5.22 | ppl   184.28
| epoch   4 |  8500/15983 batches | lr 1.00 | ms/batch  6.15 | loss  5.14 | ppl   171.12
| epoch   4 |  9000/15983 batches | lr 1.00 | ms/batch  6.15 | loss  5.10 | ppl   164.26
| epoch   4 |  9500/15983 batches | lr 1.00 | ms/batch  6.15 | loss  5.12 | ppl   166.64
| epoch   4 | 10000/15983 batches | lr 1.00 | ms/batch  6.16 | loss  5.11 | ppl   165.37
| epoch   4 | 10500/15983 batches | lr 1.00 | ms/batch  6.15 | loss  5.15 | ppl   171.79
| epoch   4 | 11000/15983 batches | lr 1.00 | ms/batch  6.15 | loss  5.16 | ppl   174.09
| epoch   4 | 11500/15983 batches | lr 1.00 | ms/batch  6.15 | loss  5.12 | ppl   167.90
| epoch   4 | 12000/15983 batches | lr 1.00 | ms/batch  6.15 | loss  5.12 | ppl   167.35
| epoch   4 | 12500/15983 batches | lr 1.00 | ms/batch  6.15 | loss  5.08 | ppl   160.10
| epoch   4 | 13000/15983 batches | lr 1.00 | ms/batch  6.15 | loss  5.10 | ppl   164.06
| epoch   4 | 13500/15983 batches | lr 1.00 | ms/batch  6.15 | loss  5.11 | ppl   165.93
| epoch   4 | 14000/15983 batches | lr 1.00 | ms/batch  6.15 | loss  5.14 | ppl   170.55
| epoch   4 | 14500/15983 batches | lr 1.00 | ms/batch  6.15 | loss  5.06 | ppl   157.67
| epoch   4 | 15000/15983 batches | lr 1.00 | ms/batch  6.15 | loss  5.05 | ppl   156.39
| epoch   4 | 15500/15983 batches | lr 1.00 | ms/batch  6.15 | loss  5.06 | ppl   157.80
-----------------------------------------------------------------------------------------
| end of epoch   4 | time: 98.91s | valid loss  5.29 | valid ppl   198.87
-----------------------------------------------------------------------------------------
| epoch   5 |   500/15983 batches | lr 1.00 | ms/batch  6.16 | loss  5.12 | ppl   166.78
| epoch   5 |  1000/15983 batches | lr 1.00 | ms/batch  6.15 | loss  5.12 | ppl   167.93
| epoch   5 |  1500/15983 batches | lr 1.00 | ms/batch  6.15 | loss  5.16 | ppl   173.37
| epoch   5 |  2000/15983 batches | lr 1.00 | ms/batch  6.15 | loss  5.08 | ppl   160.27
| epoch   5 |  2500/15983 batches | lr 1.00 | ms/batch  6.15 | loss  5.04 | ppl   153.73
| epoch   5 |  3000/15983 batches | lr 1.00 | ms/batch  6.15 | loss  5.10 | ppl   163.59
| epoch   5 |  3500/15983 batches | lr 1.00 | ms/batch  6.16 | loss  5.11 | ppl   166.09
| epoch   5 |  4000/15983 batches | lr 1.00 | ms/batch  6.15 | loss  5.11 | ppl   166.45
| epoch   5 |  4500/15983 batches | lr 1.00 | ms/batch  6.15 | loss  5.13 | ppl   168.64
| epoch   5 |  5000/15983 batches | lr 1.00 | ms/batch  6.15 | loss  5.13 | ppl   169.33
| epoch   5 |  5500/15983 batches | lr 1.00 | ms/batch  6.15 | loss  5.12 | ppl   168.04
| epoch   5 |  6000/15983 batches | lr 1.00 | ms/batch  6.15 | loss  5.15 | ppl   171.98
| epoch   5 |  6500/15983 batches | lr 1.00 | ms/batch  6.15 | loss  5.09 | ppl   162.73
| epoch   5 |  7000/15983 batches | lr 1.00 | ms/batch  6.15 | loss  5.10 | ppl   164.08
| epoch   5 |  7500/15983 batches | lr 1.00 | ms/batch  6.15 | loss  5.07 | ppl   159.28
| epoch   5 |  8000/15983 batches | lr 1.00 | ms/batch  6.16 | loss  5.15 | ppl   171.64
| epoch   5 |  8500/15983 batches | lr 1.00 | ms/batch  6.15 | loss  5.08 | ppl   160.10
| epoch   5 |  9000/15983 batches | lr 1.00 | ms/batch  6.15 | loss  5.03 | ppl   153.33
| epoch   5 |  9500/15983 batches | lr 1.00 | ms/batch  6.15 | loss  5.04 | ppl   155.14
| epoch   5 | 10000/15983 batches | lr 1.00 | ms/batch  6.15 | loss  5.04 | ppl   154.00
| epoch   5 | 10500/15983 batches | lr 1.00 | ms/batch  6.15 | loss  5.08 | ppl   160.81
| epoch   5 | 11000/15983 batches | lr 1.00 | ms/batch  6.15 | loss  5.10 | ppl   163.25
| epoch   5 | 11500/15983 batches | lr 1.00 | ms/batch  6.15 | loss  5.06 | ppl   157.11
| epoch   5 | 12000/15983 batches | lr 1.00 | ms/batch  6.15 | loss  5.06 | ppl   157.12
| epoch   5 | 12500/15983 batches | lr 1.00 | ms/batch  6.15 | loss  5.02 | ppl   151.09
| epoch   5 | 13000/15983 batches | lr 1.00 | ms/batch  6.16 | loss  5.04 | ppl   153.93
| epoch   5 | 13500/15983 batches | lr 1.00 | ms/batch  6.15 | loss  5.06 | ppl   156.82
| epoch   5 | 14000/15983 batches | lr 1.00 | ms/batch  6.15 | loss  5.08 | ppl   160.27
| epoch   5 | 14500/15983 batches | lr 1.00 | ms/batch  6.14 | loss  5.01 | ppl   149.27
| epoch   5 | 15000/15983 batches | lr 1.00 | ms/batch  6.15 | loss  4.99 | ppl   147.04
| epoch   5 | 15500/15983 batches | lr 1.00 | ms/batch  6.15 | loss  5.00 | ppl   148.49
-----------------------------------------------------------------------------------------
| end of epoch   5 | time: 98.91s | valid loss  5.26 | valid ppl   191.85
-----------------------------------------------------------------------------------------
| epoch   6 |   500/15983 batches | lr 1.00 | ms/batch  6.17 | loss  5.06 | ppl   157.04
| epoch   6 |  1000/15983 batches | lr 1.00 | ms/batch  6.15 | loss  5.06 | ppl   157.76
| epoch   6 |  1500/15983 batches | lr 1.00 | ms/batch  6.16 | loss  5.09 | ppl   162.96
| epoch   6 |  2000/15983 batches | lr 1.00 | ms/batch  6.15 | loss  5.01 | ppl   150.64
| epoch   6 |  2500/15983 batches | lr 1.00 | ms/batch  6.15 | loss  4.98 | ppl   145.65
| epoch   6 |  3000/15983 batches | lr 1.00 | ms/batch  6.15 | loss  5.04 | ppl   155.21
| epoch   6 |  3500/15983 batches | lr 1.00 | ms/batch  6.15 | loss  5.05 | ppl   156.71
| epoch   6 |  4000/15983 batches | lr 1.00 | ms/batch  6.15 | loss  5.05 | ppl   156.62
| epoch   6 |  4500/15983 batches | lr 1.00 | ms/batch  6.15 | loss  5.06 | ppl   158.34
| epoch   6 |  5000/15983 batches | lr 1.00 | ms/batch  6.15 | loss  5.08 | ppl   160.05
| epoch   6 |  5500/15983 batches | lr 1.00 | ms/batch  6.15 | loss  5.06 | ppl   158.00
| epoch   6 |  6000/15983 batches | lr 1.00 | ms/batch  6.15 | loss  5.09 | ppl   161.75
| epoch   6 |  6500/15983 batches | lr 1.00 | ms/batch  6.16 | loss  5.04 | ppl   154.05
| epoch   6 |  7000/15983 batches | lr 1.00 | ms/batch  6.15 | loss  5.04 | ppl   154.83
| epoch   6 |  7500/15983 batches | lr 1.00 | ms/batch  6.15 | loss  5.01 | ppl   150.08
| epoch   6 |  8000/15983 batches | lr 1.00 | ms/batch  6.15 | loss  5.09 | ppl   161.96
| epoch   6 |  8500/15983 batches | lr 1.00 | ms/batch  6.15 | loss  5.02 | ppl   151.53
| epoch   6 |  9000/15983 batches | lr 1.00 | ms/batch  6.15 | loss  4.98 | ppl   144.80
| epoch   6 |  9500/15983 batches | lr 1.00 | ms/batch  6.15 | loss  4.99 | ppl   147.06
| epoch   6 | 10000/15983 batches | lr 1.00 | ms/batch  6.15 | loss  4.98 | ppl   146.06
| epoch   6 | 10500/15983 batches | lr 1.00 | ms/batch  6.15 | loss  5.02 | ppl   152.16
| epoch   6 | 11000/15983 batches | lr 1.00 | ms/batch  6.16 | loss  5.04 | ppl   154.48
| epoch   6 | 11500/15983 batches | lr 1.00 | ms/batch  6.15 | loss  5.00 | ppl   148.94
| epoch   6 | 12000/15983 batches | lr 1.00 | ms/batch  6.15 | loss  5.00 | ppl   148.30
| epoch   6 | 12500/15983 batches | lr 1.00 | ms/batch  6.15 | loss  4.96 | ppl   142.95
| epoch   6 | 13000/15983 batches | lr 1.00 | ms/batch  6.15 | loss  4.99 | ppl   146.37
| epoch   6 | 13500/15983 batches | lr 1.00 | ms/batch  6.15 | loss  5.00 | ppl   148.12
| epoch   6 | 14000/15983 batches | lr 1.00 | ms/batch  6.15 | loss  5.02 | ppl   151.26
| epoch   6 | 14500/15983 batches | lr 1.00 | ms/batch  6.15 | loss  4.96 | ppl   142.18
| epoch   6 | 15000/15983 batches | lr 1.00 | ms/batch  6.15 | loss  4.94 | ppl   140.38
| epoch   6 | 15500/15983 batches | lr 1.00 | ms/batch  6.15 | loss  4.95 | ppl   140.95
-----------------------------------------------------------------------------------------
| end of epoch   6 | time: 98.94s | valid loss  5.24 | valid ppl   187.99
-----------------------------------------------------------------------------------------
| epoch   7 |   500/15983 batches | lr 1.00 | ms/batch  6.16 | loss  5.00 | ppl   148.76
| epoch   7 |  1000/15983 batches | lr 1.00 | ms/batch  6.15 | loss  5.01 | ppl   149.35
| epoch   7 |  1500/15983 batches | lr 1.00 | ms/batch  6.15 | loss  5.03 | ppl   153.57
| epoch   7 |  2000/15983 batches | lr 1.00 | ms/batch  6.15 | loss  4.96 | ppl   142.81
| epoch   7 |  2500/15983 batches | lr 1.00 | ms/batch  6.15 | loss  4.93 | ppl   139.01
| epoch   7 |  3000/15983 batches | lr 1.00 | ms/batch  6.15 | loss  4.99 | ppl   146.27
| epoch   7 |  3500/15983 batches | lr 1.00 | ms/batch  6.15 | loss  5.00 | ppl   148.52
| epoch   7 |  4000/15983 batches | lr 1.00 | ms/batch  6.15 | loss  5.00 | ppl   148.75
| epoch   7 |  4500/15983 batches | lr 1.00 | ms/batch  6.16 | loss  5.02 | ppl   151.07
| epoch   7 |  5000/15983 batches | lr 1.00 | ms/batch  6.15 | loss  5.02 | ppl   151.92
| epoch   7 |  5500/15983 batches | lr 1.00 | ms/batch  6.15 | loss  5.02 | ppl   150.77
| epoch   7 |  6000/15983 batches | lr 1.00 | ms/batch  6.15 | loss  5.04 | ppl   154.29
| epoch   7 |  6500/15983 batches | lr 1.00 | ms/batch  6.15 | loss  4.98 | ppl   146.15
| epoch   7 |  7000/15983 batches | lr 1.00 | ms/batch  6.15 | loss  4.99 | ppl   146.91
| epoch   7 |  7500/15983 batches | lr 1.00 | ms/batch  6.15 | loss  4.96 | ppl   143.08
| epoch   7 |  8000/15983 batches | lr 1.00 | ms/batch  6.15 | loss  5.04 | ppl   154.54
| epoch   7 |  8500/15983 batches | lr 1.00 | ms/batch  6.15 | loss  4.97 | ppl   144.53
| epoch   7 |  9000/15983 batches | lr 1.00 | ms/batch  6.15 | loss  4.93 | ppl   138.46
| epoch   7 |  9500/15983 batches | lr 1.00 | ms/batch  6.15 | loss  4.95 | ppl   140.66
| epoch   7 | 10000/15983 batches | lr 1.00 | ms/batch  6.15 | loss  4.93 | ppl   138.95
| epoch   7 | 10500/15983 batches | lr 1.00 | ms/batch  6.15 | loss  4.98 | ppl   145.35
| epoch   7 | 11000/15983 batches | lr 1.00 | ms/batch  6.15 | loss  5.00 | ppl   148.05
| epoch   7 | 11500/15983 batches | lr 1.00 | ms/batch  6.15 | loss  4.96 | ppl   142.46
| epoch   7 | 12000/15983 batches | lr 1.00 | ms/batch  6.15 | loss  4.96 | ppl   142.94
| epoch   7 | 12500/15983 batches | lr 1.00 | ms/batch  6.15 | loss  4.92 | ppl   137.26
| epoch   7 | 13000/15983 batches | lr 1.00 | ms/batch  6.15 | loss  4.94 | ppl   139.88
| epoch   7 | 13500/15983 batches | lr 1.00 | ms/batch  6.15 | loss  4.96 | ppl   142.10
| epoch   7 | 14000/15983 batches | lr 1.00 | ms/batch  6.16 | loss  4.97 | ppl   144.55
| epoch   7 | 14500/15983 batches | lr 1.00 | ms/batch  6.15 | loss  4.92 | ppl   136.89
| epoch   7 | 15000/15983 batches | lr 1.00 | ms/batch  6.15 | loss  4.91 | ppl   135.21
| epoch   7 | 15500/15983 batches | lr 1.00 | ms/batch  6.15 | loss  4.91 | ppl   135.96
-----------------------------------------------------------------------------------------
| end of epoch   7 | time: 98.92s | valid loss  5.21 | valid ppl   183.86
-----------------------------------------------------------------------------------------
| epoch   8 |   500/15983 batches | lr 1.00 | ms/batch  6.16 | loss  4.96 | ppl   142.46
| epoch   8 |  1000/15983 batches | lr 1.00 | ms/batch  6.15 | loss  4.97 | ppl   143.42
| epoch   8 |  1500/15983 batches | lr 1.00 | ms/batch  6.15 | loss  4.99 | ppl   146.96
| epoch   8 |  2000/15983 batches | lr 1.00 | ms/batch  6.15 | loss  4.92 | ppl   136.55
| epoch   8 |  2500/15983 batches | lr 1.00 | ms/batch  6.16 | loss  4.90 | ppl   133.68
| epoch   8 |  3000/15983 batches | lr 1.00 | ms/batch  6.15 | loss  4.95 | ppl   141.70
| epoch   8 |  3500/15983 batches | lr 1.00 | ms/batch  6.15 | loss  4.96 | ppl   142.85
| epoch   8 |  4000/15983 batches | lr 1.00 | ms/batch  6.15 | loss  4.96 | ppl   142.22
| epoch   8 |  4500/15983 batches | lr 1.00 | ms/batch  6.15 | loss  4.97 | ppl   144.40
| epoch   8 |  5000/15983 batches | lr 1.00 | ms/batch  6.15 | loss  4.98 | ppl   146.14
| epoch   8 |  5500/15983 batches | lr 1.00 | ms/batch  6.15 | loss  4.97 | ppl   144.74
| epoch   8 |  6000/15983 batches | lr 1.00 | ms/batch  6.15 | loss  5.00 | ppl   147.75
| epoch   8 |  6500/15983 batches | lr 1.00 | ms/batch  6.15 | loss  4.95 | ppl   140.86
| epoch   8 |  7000/15983 batches | lr 1.00 | ms/batch  6.15 | loss  4.95 | ppl   141.46
| epoch   8 |  7500/15983 batches | lr 1.00 | ms/batch  6.16 | loss  4.93 | ppl   137.87
| epoch   8 |  8000/15983 batches | lr 1.00 | ms/batch  6.15 | loss  5.00 | ppl   148.95
| epoch   8 |  8500/15983 batches | lr 1.00 | ms/batch  6.15 | loss  4.94 | ppl   139.55
| epoch   8 |  9000/15983 batches | lr 1.00 | ms/batch  6.15 | loss  4.89 | ppl   133.16
| epoch   8 |  9500/15983 batches | lr 1.00 | ms/batch  6.15 | loss  4.92 | ppl   136.36
| epoch   8 | 10000/15983 batches | lr 1.00 | ms/batch  6.15 | loss  4.90 | ppl   134.45
| epoch   8 | 10500/15983 batches | lr 1.00 | ms/batch  6.15 | loss  4.94 | ppl   140.46
| epoch   8 | 11000/15983 batches | lr 1.00 | ms/batch  6.15 | loss  4.96 | ppl   143.19
| epoch   8 | 11500/15983 batches | lr 1.00 | ms/batch  6.15 | loss  4.92 | ppl   137.60
| epoch   8 | 12000/15983 batches | lr 1.00 | ms/batch  6.16 | loss  4.93 | ppl   138.57
| epoch   8 | 12500/15983 batches | lr 1.00 | ms/batch  6.15 | loss  4.89 | ppl   133.26
| epoch   8 | 13000/15983 batches | lr 1.00 | ms/batch  6.15 | loss  4.91 | ppl   135.36
| epoch   8 | 13500/15983 batches | lr 1.00 | ms/batch  6.15 | loss  4.92 | ppl   136.61
| epoch   8 | 14000/15983 batches | lr 1.00 | ms/batch  6.15 | loss  4.94 | ppl   139.65
| epoch   8 | 14500/15983 batches | lr 1.00 | ms/batch  6.15 | loss  4.88 | ppl   131.90
| epoch   8 | 15000/15983 batches | lr 1.00 | ms/batch  6.15 | loss  4.87 | ppl   130.82
| epoch   8 | 15500/15983 batches | lr 1.00 | ms/batch  6.15 | loss  4.87 | ppl   130.70
-----------------------------------------------------------------------------------------
| end of epoch   8 | time: 98.91s | valid loss  5.19 | valid ppl   179.56
-----------------------------------------------------------------------------------------
| epoch   9 |   500/15983 batches | lr 1.00 | ms/batch  6.17 | loss  4.92 | ppl   137.32
| epoch   9 |  1000/15983 batches | lr 1.00 | ms/batch  6.15 | loss  4.93 | ppl   138.18
| epoch   9 |  1500/15983 batches | lr 1.00 | ms/batch  6.15 | loss  4.95 | ppl   141.11
| epoch   9 |  2000/15983 batches | lr 1.00 | ms/batch  6.15 | loss  4.88 | ppl   131.72
| epoch   9 |  2500/15983 batches | lr 1.00 | ms/batch  6.15 | loss  4.86 | ppl   129.59
| epoch   9 |  3000/15983 batches | lr 1.00 | ms/batch  6.15 | loss  4.92 | ppl   136.67
| epoch   9 |  3500/15983 batches | lr 1.00 | ms/batch  6.15 | loss  4.92 | ppl   137.67
| epoch   9 |  4000/15983 batches | lr 1.00 | ms/batch  6.15 | loss  4.93 | ppl   137.84
| epoch   9 |  4500/15983 batches | lr 1.00 | ms/batch  6.15 | loss  4.94 | ppl   139.36
| epoch   9 |  5000/15983 batches | lr 1.00 | ms/batch  6.15 | loss  4.95 | ppl   140.61
| epoch   9 |  5500/15983 batches | lr 1.00 | ms/batch  6.16 | loss  4.95 | ppl   140.67
| epoch   9 |  6000/15983 batches | lr 1.00 | ms/batch  6.15 | loss  4.97 | ppl   143.31
| epoch   9 |  6500/15983 batches | lr 1.00 | ms/batch  6.15 | loss  4.91 | ppl   135.98
| epoch   9 |  7000/15983 batches | lr 1.00 | ms/batch  6.15 | loss  4.92 | ppl   136.64
| epoch   9 |  7500/15983 batches | lr 1.00 | ms/batch  6.15 | loss  4.89 | ppl   133.12
| epoch   9 |  8000/15983 batches | lr 1.00 | ms/batch  6.15 | loss  4.97 | ppl   143.77
| epoch   9 |  8500/15983 batches | lr 1.00 | ms/batch  6.15 | loss  4.90 | ppl   134.71
| epoch   9 |  9000/15983 batches | lr 1.00 | ms/batch  6.15 | loss  4.86 | ppl   128.87
| epoch   9 |  9500/15983 batches | lr 1.00 | ms/batch  6.15 | loss  4.88 | ppl   131.80
| epoch   9 | 10000/15983 batches | lr 1.00 | ms/batch  6.15 | loss  4.86 | ppl   129.45
| epoch   9 | 10500/15983 batches | lr 1.00 | ms/batch  6.16 | loss  4.92 | ppl   137.07
| epoch   9 | 11000/15983 batches | lr 1.00 | ms/batch  6.15 | loss  4.93 | ppl   138.55
| epoch   9 | 11500/15983 batches | lr 1.00 | ms/batch  6.15 | loss  4.89 | ppl   133.58
| epoch   9 | 12000/15983 batches | lr 1.00 | ms/batch  6.15 | loss  4.90 | ppl   133.77
| epoch   9 | 12500/15983 batches | lr 1.00 | ms/batch  6.15 | loss  4.86 | ppl   128.45
| epoch   9 | 13000/15983 batches | lr 1.00 | ms/batch  6.15 | loss  4.88 | ppl   131.32
| epoch   9 | 13500/15983 batches | lr 1.00 | ms/batch  6.15 | loss  4.89 | ppl   132.30
| epoch   9 | 14000/15983 batches | lr 1.00 | ms/batch  6.15 | loss  4.91 | ppl   135.04
| epoch   9 | 14500/15983 batches | lr 1.00 | ms/batch  6.15 | loss  4.85 | ppl   128.06
| epoch   9 | 15000/15983 batches | lr 1.00 | ms/batch  6.16 | loss  4.85 | ppl   127.22
| epoch   9 | 15500/15983 batches | lr 1.00 | ms/batch  6.15 | loss  4.84 | ppl   126.84
-----------------------------------------------------------------------------------------
| end of epoch   9 | time: 98.94s | valid loss  5.17 | valid ppl   176.48
-----------------------------------------------------------------------------------------
| epoch  10 |   500/15983 batches | lr 1.00 | ms/batch  6.16 | loss  4.89 | ppl   133.35
| epoch  10 |  1000/15983 batches | lr 1.00 | ms/batch  6.15 | loss  4.90 | ppl   133.89
| epoch  10 |  1500/15983 batches | lr 1.00 | ms/batch  6.15 | loss  4.92 | ppl   137.17
| epoch  10 |  2000/15983 batches | lr 1.00 | ms/batch  6.15 | loss  4.85 | ppl   127.29
| epoch  10 |  2500/15983 batches | lr 1.00 | ms/batch  6.15 | loss  4.83 | ppl   125.72
| epoch  10 |  3000/15983 batches | lr 1.00 | ms/batch  6.15 | loss  4.89 | ppl   133.00
| epoch  10 |  3500/15983 batches | lr 1.00 | ms/batch  6.16 | loss  4.90 | ppl   134.32
| epoch  10 |  4000/15983 batches | lr 1.00 | ms/batch  6.15 | loss  4.89 | ppl   133.16
| epoch  10 |  4500/15983 batches | lr 1.00 | ms/batch  6.15 | loss  4.91 | ppl   135.22
| epoch  10 |  5000/15983 batches | lr 1.00 | ms/batch  6.15 | loss  4.92 | ppl   136.71
| epoch  10 |  5500/15983 batches | lr 1.00 | ms/batch  6.15 | loss  4.91 | ppl   135.88
| epoch  10 |  6000/15983 batches | lr 1.00 | ms/batch  6.15 | loss  4.93 | ppl   138.60
| epoch  10 |  6500/15983 batches | lr 1.00 | ms/batch  6.15 | loss  4.88 | ppl   131.64
| epoch  10 |  7000/15983 batches | lr 1.00 | ms/batch  6.15 | loss  4.89 | ppl   132.48
| epoch  10 |  7500/15983 batches | lr 1.00 | ms/batch  6.15 | loss  4.86 | ppl   129.20
| epoch  10 |  8000/15983 batches | lr 1.00 | ms/batch  6.15 | loss  4.93 | ppl   139.03
| epoch  10 |  8500/15983 batches | lr 1.00 | ms/batch  6.16 | loss  4.87 | ppl   130.71
| epoch  10 |  9000/15983 batches | lr 1.00 | ms/batch  6.15 | loss  4.83 | ppl   125.44
| epoch  10 |  9500/15983 batches | lr 1.00 | ms/batch  6.15 | loss  4.85 | ppl   127.94
| epoch  10 | 10000/15983 batches | lr 1.00 | ms/batch  6.15 | loss  4.83 | ppl   125.65
| epoch  10 | 10500/15983 batches | lr 1.00 | ms/batch  6.15 | loss  4.88 | ppl   132.03
| epoch  10 | 11000/15983 batches | lr 1.00 | ms/batch  6.15 | loss  4.90 | ppl   134.33
| epoch  10 | 11500/15983 batches | lr 1.00 | ms/batch  6.15 | loss  4.86 | ppl   129.62
| epoch  10 | 12000/15983 batches | lr 1.00 | ms/batch  6.15 | loss  4.87 | ppl   130.47
| epoch  10 | 12500/15983 batches | lr 1.00 | ms/batch  6.15 | loss  4.83 | ppl   125.23
| epoch  10 | 13000/15983 batches | lr 1.00 | ms/batch  6.16 | loss  4.85 | ppl   127.21
| epoch  10 | 13500/15983 batches | lr 1.00 | ms/batch  6.15 | loss  4.86 | ppl   128.70
| epoch  10 | 14000/15983 batches | lr 1.00 | ms/batch  6.15 | loss  4.88 | ppl   131.23
| epoch  10 | 14500/15983 batches | lr 1.00 | ms/batch  6.15 | loss  4.83 | ppl   124.72
| epoch  10 | 15000/15983 batches | lr 1.00 | ms/batch  6.15 | loss  4.82 | ppl   123.56
| epoch  10 | 15500/15983 batches | lr 1.00 | ms/batch  6.15 | loss  4.81 | ppl   123.03
-----------------------------------------------------------------------------------------
| end of epoch  10 | time: 98.90s | valid loss  5.15 | valid ppl   172.85
-----------------------------------------------------------------------------------------
| epoch  11 |   500/15983 batches | lr 1.00 | ms/batch  6.16 | loss  4.87 | ppl   129.69
| epoch  11 |  1000/15983 batches | lr 1.00 | ms/batch  6.15 | loss  4.87 | ppl   129.90
| epoch  11 |  1500/15983 batches | lr 1.00 | ms/batch  6.15 | loss  4.88 | ppl   132.28
| epoch  11 |  2000/15983 batches | lr 1.00 | ms/batch  6.15 | loss  4.82 | ppl   123.92
| epoch  11 |  2500/15983 batches | lr 1.00 | ms/batch  6.15 | loss  4.81 | ppl   122.64
| epoch  11 |  3000/15983 batches | lr 1.00 | ms/batch  6.15 | loss  4.85 | ppl   128.26
| epoch  11 |  3500/15983 batches | lr 1.00 | ms/batch  6.15 | loss  4.86 | ppl   129.44
| epoch  11 |  4000/15983 batches | lr 1.00 | ms/batch  6.15 | loss  4.86 | ppl   128.63
| epoch  11 |  4500/15983 batches | lr 1.00 | ms/batch  6.15 | loss  4.87 | ppl   130.87
| epoch  11 |  5000/15983 batches | lr 1.00 | ms/batch  6.15 | loss  4.88 | ppl   131.86
| epoch  11 |  5500/15983 batches | lr 1.00 | ms/batch  6.15 | loss  4.88 | ppl   131.98
| epoch  11 |  6000/15983 batches | lr 1.00 | ms/batch  6.15 | loss  4.91 | ppl   134.99
| epoch  11 |  6500/15983 batches | lr 1.00 | ms/batch  6.16 | loss  4.86 | ppl   128.47
| epoch  11 |  7000/15983 batches | lr 1.00 | ms/batch  6.15 | loss  4.86 | ppl   129.19
| epoch  11 |  7500/15983 batches | lr 1.00 | ms/batch  6.15 | loss  4.83 | ppl   125.41
| epoch  11 |  8000/15983 batches | lr 1.00 | ms/batch  6.15 | loss  4.90 | ppl   134.65
| epoch  11 |  8500/15983 batches | lr 1.00 | ms/batch  6.15 | loss  4.85 | ppl   127.35
| epoch  11 |  9000/15983 batches | lr 1.00 | ms/batch  6.15 | loss  4.81 | ppl   122.40
| epoch  11 |  9500/15983 batches | lr 1.00 | ms/batch  6.15 | loss  4.83 | ppl   124.65
| epoch  11 | 10000/15983 batches | lr 1.00 | ms/batch  6.15 | loss  4.81 | ppl   122.41
| epoch  11 | 10500/15983 batches | lr 1.00 | ms/batch  6.15 | loss  4.86 | ppl   128.60
| epoch  11 | 11000/15983 batches | lr 1.00 | ms/batch  6.15 | loss  4.87 | ppl   130.61
| epoch  11 | 11500/15983 batches | lr 1.00 | ms/batch  6.15 | loss  4.84 | ppl   126.17
| epoch  11 | 12000/15983 batches | lr 1.00 | ms/batch  6.15 | loss  4.84 | ppl   126.53
| epoch  11 | 12500/15983 batches | lr 1.00 | ms/batch  6.15 | loss  4.80 | ppl   121.67
| epoch  11 | 13000/15983 batches | lr 1.00 | ms/batch  6.15 | loss  4.82 | ppl   123.96
| epoch  11 | 13500/15983 batches | lr 1.00 | ms/batch  6.15 | loss  4.83 | ppl   125.42
| epoch  11 | 14000/15983 batches | lr 1.00 | ms/batch  6.15 | loss  4.85 | ppl   127.95
| epoch  11 | 14500/15983 batches | lr 1.00 | ms/batch  6.15 | loss  4.80 | ppl   121.84
| epoch  11 | 15000/15983 batches | lr 1.00 | ms/batch  6.15 | loss  4.79 | ppl   120.59
| epoch  11 | 15500/15983 batches | lr 1.00 | ms/batch  6.15 | loss  4.79 | ppl   119.91
-----------------------------------------------------------------------------------------
| end of epoch  11 | time: 98.91s | valid loss  5.14 | valid ppl   170.80
-----------------------------------------------------------------------------------------
| epoch  12 |   500/15983 batches | lr 1.00 | ms/batch  6.16 | loss  4.84 | ppl   126.31
| epoch  12 |  1000/15983 batches | lr 1.00 | ms/batch  6.15 | loss  4.84 | ppl   126.38
| epoch  12 |  1500/15983 batches | lr 1.00 | ms/batch  6.15 | loss  4.86 | ppl   129.01
| epoch  12 |  2000/15983 batches | lr 1.00 | ms/batch  6.15 | loss  4.79 | ppl   120.22
| epoch  12 |  2500/15983 batches | lr 1.00 | ms/batch  6.15 | loss  4.78 | ppl   119.64
| epoch  12 |  3000/15983 batches | lr 1.00 | ms/batch  6.15 | loss  4.83 | ppl   125.49
| epoch  12 |  3500/15983 batches | lr 1.00 | ms/batch  6.15 | loss  4.84 | ppl   126.59
| epoch  12 |  4000/15983 batches | lr 1.00 | ms/batch  6.15 | loss  4.83 | ppl   125.13
| epoch  12 |  4500/15983 batches | lr 1.00 | ms/batch  6.16 | loss  4.85 | ppl   127.32
| epoch  12 |  5000/15983 batches | lr 1.00 | ms/batch  6.15 | loss  4.86 | ppl   128.82
| epoch  12 |  5500/15983 batches | lr 1.00 | ms/batch  6.15 | loss  4.86 | ppl   128.72
| epoch  12 |  6000/15983 batches | lr 1.00 | ms/batch  6.15 | loss  4.88 | ppl   131.44
| epoch  12 |  6500/15983 batches | lr 1.00 | ms/batch  6.15 | loss  4.83 | ppl   124.72
| epoch  12 |  7000/15983 batches | lr 1.00 | ms/batch  6.15 | loss  4.83 | ppl   125.61
| epoch  12 |  7500/15983 batches | lr 1.00 | ms/batch  6.15 | loss  4.81 | ppl   122.59
| epoch  12 |  8000/15983 batches | lr 1.00 | ms/batch  6.15 | loss  4.88 | ppl   131.55
| epoch  12 |  8500/15983 batches | lr 1.00 | ms/batch  6.15 | loss  4.83 | ppl   124.61
| epoch  12 |  9000/15983 batches | lr 1.00 | ms/batch  6.15 | loss  4.78 | ppl   119.52
| epoch  12 |  9500/15983 batches | lr 1.00 | ms/batch  6.16 | loss  4.80 | ppl   121.74
| epoch  12 | 10000/15983 batches | lr 1.00 | ms/batch  6.15 | loss  4.78 | ppl   119.46
| epoch  12 | 10500/15983 batches | lr 1.00 | ms/batch  6.15 | loss  4.84 | ppl   126.43
| epoch  12 | 11000/15983 batches | lr 1.00 | ms/batch  6.15 | loss  4.85 | ppl   127.99
| epoch  12 | 11500/15983 batches | lr 1.00 | ms/batch  6.15 | loss  4.82 | ppl   123.72
| epoch  12 | 12000/15983 batches | lr 1.00 | ms/batch  6.15 | loss  4.82 | ppl   124.36
| epoch  12 | 12500/15983 batches | lr 1.00 | ms/batch  6.15 | loss  4.79 | ppl   119.91
| epoch  12 | 13000/15983 batches | lr 1.00 | ms/batch  6.15 | loss  4.80 | ppl   121.98
| epoch  12 | 13500/15983 batches | lr 1.00 | ms/batch  6.15 | loss  4.81 | ppl   123.06
| epoch  12 | 14000/15983 batches | lr 1.00 | ms/batch  6.15 | loss  4.83 | ppl   125.31
| epoch  12 | 14500/15983 batches | lr 1.00 | ms/batch  6.15 | loss  4.78 | ppl   119.58
| epoch  12 | 15000/15983 batches | lr 1.00 | ms/batch  6.15 | loss  4.78 | ppl   118.74
| epoch  12 | 15500/15983 batches | lr 1.00 | ms/batch  6.15 | loss  4.77 | ppl   117.49
-----------------------------------------------------------------------------------------
| end of epoch  12 | time: 98.92s | valid loss  5.14 | valid ppl   170.11
-----------------------------------------------------------------------------------------
| epoch  13 |   500/15983 batches | lr 1.00 | ms/batch  6.16 | loss  4.82 | ppl   124.00
| epoch  13 |  1000/15983 batches | lr 1.00 | ms/batch  6.15 | loss  4.82 | ppl   124.26
| epoch  13 |  1500/15983 batches | lr 1.00 | ms/batch  6.15 | loss  4.84 | ppl   126.56
| epoch  13 |  2000/15983 batches | lr 1.00 | ms/batch  6.15 | loss  4.77 | ppl   118.05
| epoch  13 |  2500/15983 batches | lr 1.00 | ms/batch  6.15 | loss  4.77 | ppl   117.40
| epoch  13 |  3000/15983 batches | lr 1.00 | ms/batch  6.16 | loss  4.81 | ppl   122.89
| epoch  13 |  3500/15983 batches | lr 1.00 | ms/batch  6.15 | loss  4.82 | ppl   124.19
| epoch  13 |  4000/15983 batches | lr 1.00 | ms/batch  6.15 | loss  4.82 | ppl   123.35
| epoch  13 |  4500/15983 batches | lr 1.00 | ms/batch  6.15 | loss  4.83 | ppl   124.73
| epoch  13 |  5000/15983 batches | lr 1.00 | ms/batch  6.15 | loss  4.84 | ppl   126.26
| epoch  13 |  5500/15983 batches | lr 1.00 | ms/batch  6.15 | loss  4.84 | ppl   126.38
| epoch  13 |  6000/15983 batches | lr 1.00 | ms/batch  6.15 | loss  4.86 | ppl   128.59
| epoch  13 |  6500/15983 batches | lr 1.00 | ms/batch  6.15 | loss  4.81 | ppl   122.52
| epoch  13 |  7000/15983 batches | lr 1.00 | ms/batch  6.15 | loss  4.81 | ppl   123.00
| epoch  13 |  7500/15983 batches | lr 1.00 | ms/batch  6.16 | loss  4.79 | ppl   120.03
| epoch  13 |  8000/15983 batches | lr 1.00 | ms/batch  6.15 | loss  4.86 | ppl   128.73
| epoch  13 |  8500/15983 batches | lr 1.00 | ms/batch  6.15 | loss  4.80 | ppl   121.70
| epoch  13 |  9000/15983 batches | lr 1.00 | ms/batch  6.15 | loss  4.76 | ppl   116.87
| epoch  13 |  9500/15983 batches | lr 1.00 | ms/batch  6.15 | loss  4.78 | ppl   118.71
| epoch  13 | 10000/15983 batches | lr 1.00 | ms/batch  6.15 | loss  4.76 | ppl   116.93
| epoch  13 | 10500/15983 batches | lr 1.00 | ms/batch  6.15 | loss  4.81 | ppl   123.29
| epoch  13 | 11000/15983 batches | lr 1.00 | ms/batch  6.15 | loss  4.83 | ppl   125.54
| epoch  13 | 11500/15983 batches | lr 1.00 | ms/batch  6.15 | loss  4.80 | ppl   121.47
| epoch  13 | 12000/15983 batches | lr 1.00 | ms/batch  6.15 | loss  4.80 | ppl   121.26
| epoch  13 | 12500/15983 batches | lr 1.00 | ms/batch  6.16 | loss  4.76 | ppl   116.84
| epoch  13 | 13000/15983 batches | lr 1.00 | ms/batch  6.15 | loss  4.78 | ppl   119.51
| epoch  13 | 13500/15983 batches | lr 1.00 | ms/batch  6.15 | loss  4.79 | ppl   120.25
| epoch  13 | 14000/15983 batches | lr 1.00 | ms/batch  6.15 | loss  4.81 | ppl   122.39
| epoch  13 | 14500/15983 batches | lr 1.00 | ms/batch  6.15 | loss  4.76 | ppl   117.19
| epoch  13 | 15000/15983 batches | lr 1.00 | ms/batch  6.15 | loss  4.76 | ppl   116.40
| epoch  13 | 15500/15983 batches | lr 1.00 | ms/batch  6.15 | loss  4.75 | ppl   115.26
-----------------------------------------------------------------------------------------
| end of epoch  13 | time: 98.90s | valid loss  5.13 | valid ppl   169.54
-----------------------------------------------------------------------------------------
| epoch  14 |   500/15983 batches | lr 1.00 | ms/batch  6.16 | loss  4.80 | ppl   121.49
| epoch  14 |  1000/15983 batches | lr 1.00 | ms/batch  6.16 | loss  4.80 | ppl   121.40
| epoch  14 |  1500/15983 batches | lr 1.00 | ms/batch  6.15 | loss  4.81 | ppl   123.25
| epoch  14 |  2000/15983 batches | lr 1.00 | ms/batch  6.15 | loss  4.75 | ppl   115.47
| epoch  14 |  2500/15983 batches | lr 1.00 | ms/batch  6.15 | loss  4.74 | ppl   114.68
| epoch  14 |  3000/15983 batches | lr 1.00 | ms/batch  6.15 | loss  4.79 | ppl   119.81
| epoch  14 |  3500/15983 batches | lr 1.00 | ms/batch  6.15 | loss  4.80 | ppl   121.25
| epoch  14 |  4000/15983 batches | lr 1.00 | ms/batch  6.15 | loss  4.79 | ppl   120.15
| epoch  14 |  4500/15983 batches | lr 1.00 | ms/batch  6.15 | loss  4.80 | ppl   122.00
| epoch  14 |  5000/15983 batches | lr 1.00 | ms/batch  6.15 | loss  4.81 | ppl   123.06
| epoch  14 |  5500/15983 batches | lr 1.00 | ms/batch  6.15 | loss  4.82 | ppl   123.67
| epoch  14 |  6000/15983 batches | lr 1.00 | ms/batch  6.15 | loss  4.84 | ppl   126.60
| epoch  14 |  6500/15983 batches | lr 1.00 | ms/batch  6.15 | loss  4.79 | ppl   120.74
| epoch  14 |  7000/15983 batches | lr 1.00 | ms/batch  6.15 | loss  4.79 | ppl   120.24
| epoch  14 |  7500/15983 batches | lr 1.00 | ms/batch  6.15 | loss  4.76 | ppl   117.28
| epoch  14 |  8000/15983 batches | lr 1.00 | ms/batch  6.15 | loss  4.83 | ppl   125.73
| epoch  14 |  8500/15983 batches | lr 1.00 | ms/batch  6.15 | loss  4.78 | ppl   119.16
| epoch  14 |  9000/15983 batches | lr 1.00 | ms/batch  6.15 | loss  4.74 | ppl   114.78
| epoch  14 |  9500/15983 batches | lr 1.00 | ms/batch  6.15 | loss  4.76 | ppl   116.94
| epoch  14 | 10000/15983 batches | lr 1.00 | ms/batch  6.15 | loss  4.74 | ppl   114.70
| epoch  14 | 10500/15983 batches | lr 1.00 | ms/batch  6.16 | loss  4.80 | ppl   121.10
| epoch  14 | 11000/15983 batches | lr 1.00 | ms/batch  6.15 | loss  4.81 | ppl   122.72
| epoch  14 | 11500/15983 batches | lr 1.00 | ms/batch  6.15 | loss  4.78 | ppl   118.94
| epoch  14 | 12000/15983 batches | lr 1.00 | ms/batch  6.15 | loss  4.78 | ppl   119.36
| epoch  14 | 12500/15983 batches | lr 1.00 | ms/batch  6.15 | loss  4.75 | ppl   115.02
| epoch  14 | 13000/15983 batches | lr 1.00 | ms/batch  6.15 | loss  4.76 | ppl   116.76
| epoch  14 | 13500/15983 batches | lr 1.00 | ms/batch  6.15 | loss  4.77 | ppl   117.76
| epoch  14 | 14000/15983 batches | lr 1.00 | ms/batch  6.15 | loss  4.79 | ppl   119.97
| epoch  14 | 14500/15983 batches | lr 1.00 | ms/batch  6.15 | loss  4.74 | ppl   114.94
| epoch  14 | 15000/15983 batches | lr 1.00 | ms/batch  6.15 | loss  4.74 | ppl   114.06
| epoch  14 | 15500/15983 batches | lr 1.00 | ms/batch  6.15 | loss  4.73 | ppl   112.84
-----------------------------------------------------------------------------------------
| end of epoch  14 | time: 98.91s | valid loss  5.13 | valid ppl   169.67
-----------------------------------------------------------------------------------------
| epoch  15 |   500/15983 batches | lr 0.25 | ms/batch  6.16 | loss  4.78 | ppl   119.21
| epoch  15 |  1000/15983 batches | lr 0.25 | ms/batch  6.15 | loss  4.77 | ppl   118.50
| epoch  15 |  1500/15983 batches | lr 0.25 | ms/batch  6.15 | loss  4.79 | ppl   120.66
| epoch  15 |  2000/15983 batches | lr 0.25 | ms/batch  6.15 | loss  4.72 | ppl   112.18
| epoch  15 |  2500/15983 batches | lr 0.25 | ms/batch  6.15 | loss  4.70 | ppl   109.82
| epoch  15 |  3000/15983 batches | lr 0.25 | ms/batch  6.15 | loss  4.75 | ppl   115.54
| epoch  15 |  3500/15983 batches | lr 0.25 | ms/batch  6.15 | loss  4.76 | ppl   116.25
| epoch  15 |  4000/15983 batches | lr 0.25 | ms/batch  6.16 | loss  4.74 | ppl   114.92
| epoch  15 |  4500/15983 batches | lr 0.25 | ms/batch  6.15 | loss  4.76 | ppl   116.33
| epoch  15 |  5000/15983 batches | lr 0.25 | ms/batch  6.15 | loss  4.77 | ppl   117.53
| epoch  15 |  5500/15983 batches | lr 0.25 | ms/batch  6.15 | loss  4.77 | ppl   118.05
| epoch  15 |  6000/15983 batches | lr 0.25 | ms/batch  6.15 | loss  4.79 | ppl   120.10
| epoch  15 |  6500/15983 batches | lr 0.25 | ms/batch  6.15 | loss  4.74 | ppl   114.24
| epoch  15 |  7000/15983 batches | lr 0.25 | ms/batch  6.15 | loss  4.74 | ppl   114.11
| epoch  15 |  7500/15983 batches | lr 0.25 | ms/batch  6.15 | loss  4.71 | ppl   111.08
| epoch  15 |  8000/15983 batches | lr 0.25 | ms/batch  6.15 | loss  4.78 | ppl   118.68
| epoch  15 |  8500/15983 batches | lr 0.25 | ms/batch  6.15 | loss  4.72 | ppl   112.69
| epoch  15 |  9000/15983 batches | lr 0.25 | ms/batch  6.16 | loss  4.68 | ppl   108.19
| epoch  15 |  9500/15983 batches | lr 0.25 | ms/batch  6.15 | loss  4.70 | ppl   109.90
| epoch  15 | 10000/15983 batches | lr 0.25 | ms/batch  6.15 | loss  4.68 | ppl   107.81
| epoch  15 | 10500/15983 batches | lr 0.25 | ms/batch  6.15 | loss  4.73 | ppl   113.10
| epoch  15 | 11000/15983 batches | lr 0.25 | ms/batch  6.15 | loss  4.74 | ppl   114.84
| epoch  15 | 11500/15983 batches | lr 0.25 | ms/batch  6.15 | loss  4.71 | ppl   110.88
| epoch  15 | 12000/15983 batches | lr 0.25 | ms/batch  6.15 | loss  4.71 | ppl   110.66
| epoch  15 | 12500/15983 batches | lr 0.25 | ms/batch  6.15 | loss  4.67 | ppl   106.76
| epoch  15 | 13000/15983 batches | lr 0.25 | ms/batch  6.15 | loss  4.69 | ppl   108.65
| epoch  15 | 13500/15983 batches | lr 0.25 | ms/batch  6.15 | loss  4.69 | ppl   109.05
| epoch  15 | 14000/15983 batches | lr 0.25 | ms/batch  6.15 | loss  4.71 | ppl   110.78
| epoch  15 | 14500/15983 batches | lr 0.25 | ms/batch  6.15 | loss  4.67 | ppl   106.23
| epoch  15 | 15000/15983 batches | lr 0.25 | ms/batch  6.15 | loss  4.66 | ppl   105.30
| epoch  15 | 15500/15983 batches | lr 0.25 | ms/batch  6.15 | loss  4.64 | ppl   103.92
-----------------------------------------------------------------------------------------
| end of epoch  15 | time: 98.92s | valid loss  5.06 | valid ppl   157.06
-----------------------------------------------------------------------------------------
| epoch  16 |   500/15983 batches | lr 0.25 | ms/batch  6.16 | loss  4.73 | ppl   113.67
| epoch  16 |  1000/15983 batches | lr 0.25 | ms/batch  6.15 | loss  4.73 | ppl   113.76
| epoch  16 |  1500/15983 batches | lr 0.25 | ms/batch  6.15 | loss  4.76 | ppl   116.19
| epoch  16 |  2000/15983 batches | lr 0.25 | ms/batch  6.15 | loss  4.69 | ppl   108.69
| epoch  16 |  2500/15983 batches | lr 0.25 | ms/batch  6.16 | loss  4.68 | ppl   107.24
| epoch  16 |  3000/15983 batches | lr 0.25 | ms/batch  6.15 | loss  4.72 | ppl   112.46
| epoch  16 |  3500/15983 batches | lr 0.25 | ms/batch  6.15 | loss  4.73 | ppl   113.30
| epoch  16 |  4000/15983 batches | lr 0.25 | ms/batch  6.15 | loss  4.72 | ppl   111.96
| epoch  16 |  4500/15983 batches | lr 0.25 | ms/batch  6.15 | loss  4.73 | ppl   113.76
| epoch  16 |  5000/15983 batches | lr 0.25 | ms/batch  6.15 | loss  4.75 | ppl   115.09
| epoch  16 |  5500/15983 batches | lr 0.25 | ms/batch  6.15 | loss  4.75 | ppl   115.43
| epoch  16 |  6000/15983 batches | lr 0.25 | ms/batch  6.15 | loss  4.77 | ppl   117.56
| epoch  16 |  6500/15983 batches | lr 0.25 | ms/batch  6.15 | loss  4.72 | ppl   111.83
| epoch  16 |  7000/15983 batches | lr 0.25 | ms/batch  6.16 | loss  4.72 | ppl   112.22
| epoch  16 |  7500/15983 batches | lr 0.25 | ms/batch  6.15 | loss  4.69 | ppl   109.30
| epoch  16 |  8000/15983 batches | lr 0.25 | ms/batch  6.15 | loss  4.76 | ppl   116.98
| epoch  16 |  8500/15983 batches | lr 0.25 | ms/batch  6.15 | loss  4.71 | ppl   110.86
| epoch  16 |  9000/15983 batches | lr 0.25 | ms/batch  6.15 | loss  4.67 | ppl   106.49
| epoch  16 |  9500/15983 batches | lr 0.25 | ms/batch  6.15 | loss  4.69 | ppl   108.32
| epoch  16 | 10000/15983 batches | lr 0.25 | ms/batch  6.15 | loss  4.67 | ppl   106.48
| epoch  16 | 10500/15983 batches | lr 0.25 | ms/batch  6.15 | loss  4.72 | ppl   111.95
| epoch  16 | 11000/15983 batches | lr 0.25 | ms/batch  6.15 | loss  4.73 | ppl   113.28
| epoch  16 | 11500/15983 batches | lr 0.25 | ms/batch  6.15 | loss  4.70 | ppl   109.68
| epoch  16 | 12000/15983 batches | lr 0.25 | ms/batch  6.16 | loss  4.70 | ppl   109.73
| epoch  16 | 12500/15983 batches | lr 0.25 | ms/batch  6.15 | loss  4.66 | ppl   105.81
| epoch  16 | 13000/15983 batches | lr 0.25 | ms/batch  6.15 | loss  4.68 | ppl   107.69
| epoch  16 | 13500/15983 batches | lr 0.25 | ms/batch  6.15 | loss  4.68 | ppl   108.16
| epoch  16 | 14000/15983 batches | lr 0.25 | ms/batch  6.15 | loss  4.70 | ppl   109.92
| epoch  16 | 14500/15983 batches | lr 0.25 | ms/batch  6.15 | loss  4.66 | ppl   105.55
| epoch  16 | 15000/15983 batches | lr 0.25 | ms/batch  6.15 | loss  4.65 | ppl   104.83
| epoch  16 | 15500/15983 batches | lr 0.25 | ms/batch  6.15 | loss  4.64 | ppl   103.43
-----------------------------------------------------------------------------------------
| end of epoch  16 | time: 98.90s | valid loss  5.05 | valid ppl   156.78
-----------------------------------------------------------------------------------------
| epoch  17 |   500/15983 batches | lr 0.25 | ms/batch  6.17 | loss  4.72 | ppl   111.80
| epoch  17 |  1000/15983 batches | lr 0.25 | ms/batch  6.15 | loss  4.72 | ppl   112.08
| epoch  17 |  1500/15983 batches | lr 0.25 | ms/batch  6.15 | loss  4.74 | ppl   114.63
| epoch  17 |  2000/15983 batches | lr 0.25 | ms/batch  6.15 | loss  4.67 | ppl   107.22
| epoch  17 |  2500/15983 batches | lr 0.25 | ms/batch  6.15 | loss  4.66 | ppl   105.99
| epoch  17 |  3000/15983 batches | lr 0.25 | ms/batch  6.15 | loss  4.71 | ppl   111.01
| epoch  17 |  3500/15983 batches | lr 0.25 | ms/batch  6.15 | loss  4.72 | ppl   112.23
| epoch  17 |  4000/15983 batches | lr 0.25 | ms/batch  6.15 | loss  4.71 | ppl   110.66
| epoch  17 |  4500/15983 batches | lr 0.25 | ms/batch  6.15 | loss  4.72 | ppl   112.22
| epoch  17 |  5000/15983 batches | lr 0.25 | ms/batch  6.15 | loss  4.73 | ppl   113.55
| epoch  17 |  5500/15983 batches | lr 0.25 | ms/batch  6.16 | loss  4.74 | ppl   114.19
| epoch  17 |  6000/15983 batches | lr 0.25 | ms/batch  6.15 | loss  4.76 | ppl   116.17
| epoch  17 |  6500/15983 batches | lr 0.25 | ms/batch  6.15 | loss  4.71 | ppl   110.63
| epoch  17 |  7000/15983 batches | lr 0.25 | ms/batch  6.15 | loss  4.71 | ppl   110.95
| epoch  17 |  7500/15983 batches | lr 0.25 | ms/batch  6.15 | loss  4.68 | ppl   108.24
| epoch  17 |  8000/15983 batches | lr 0.25 | ms/batch  6.15 | loss  4.75 | ppl   115.95
| epoch  17 |  8500/15983 batches | lr 0.25 | ms/batch  6.15 | loss  4.70 | ppl   109.64
| epoch  17 |  9000/15983 batches | lr 0.25 | ms/batch  6.15 | loss  4.66 | ppl   105.71
| epoch  17 |  9500/15983 batches | lr 0.25 | ms/batch  6.15 | loss  4.68 | ppl   107.32
| epoch  17 | 10000/15983 batches | lr 0.25 | ms/batch  6.16 | loss  4.66 | ppl   105.28
| epoch  17 | 10500/15983 batches | lr 0.25 | ms/batch  6.15 | loss  4.71 | ppl   110.79
| epoch  17 | 11000/15983 batches | lr 0.25 | ms/batch  6.15 | loss  4.72 | ppl   112.42
| epoch  17 | 11500/15983 batches | lr 0.25 | ms/batch  6.15 | loss  4.69 | ppl   108.66
| epoch  17 | 12000/15983 batches | lr 0.25 | ms/batch  6.15 | loss  4.69 | ppl   108.68
| epoch  17 | 12500/15983 batches | lr 0.25 | ms/batch  6.15 | loss  4.65 | ppl   104.93
| epoch  17 | 13000/15983 batches | lr 0.25 | ms/batch  6.15 | loss  4.67 | ppl   106.97
| epoch  17 | 13500/15983 batches | lr 0.25 | ms/batch  6.15 | loss  4.68 | ppl   107.36
| epoch  17 | 14000/15983 batches | lr 0.25 | ms/batch  6.15 | loss  4.69 | ppl   109.19
| epoch  17 | 14500/15983 batches | lr 0.25 | ms/batch  6.15 | loss  4.66 | ppl   105.13
| epoch  17 | 15000/15983 batches | lr 0.25 | ms/batch  6.16 | loss  4.65 | ppl   104.16
| epoch  17 | 15500/15983 batches | lr 0.25 | ms/batch  6.15 | loss  4.63 | ppl   102.88
-----------------------------------------------------------------------------------------
| end of epoch  17 | time: 98.92s | valid loss  5.05 | valid ppl   156.24
-----------------------------------------------------------------------------------------
| epoch  18 |   500/15983 batches | lr 0.25 | ms/batch  6.16 | loss  4.71 | ppl   110.88
| epoch  18 |  1000/15983 batches | lr 0.25 | ms/batch  6.15 | loss  4.71 | ppl   111.08
| epoch  18 |  1500/15983 batches | lr 0.25 | ms/batch  6.15 | loss  4.73 | ppl   113.31
| epoch  18 |  2000/15983 batches | lr 0.25 | ms/batch  6.15 | loss  4.67 | ppl   106.18
| epoch  18 |  2500/15983 batches | lr 0.25 | ms/batch  6.15 | loss  4.65 | ppl   104.98
| epoch  18 |  3000/15983 batches | lr 0.25 | ms/batch  6.15 | loss  4.70 | ppl   109.95
| epoch  18 |  3500/15983 batches | lr 0.25 | ms/batch  6.16 | loss  4.71 | ppl   111.17
| epoch  18 |  4000/15983 batches | lr 0.25 | ms/batch  6.15 | loss  4.70 | ppl   109.62
| epoch  18 |  4500/15983 batches | lr 0.25 | ms/batch  6.15 | loss  4.71 | ppl   111.27
| epoch  18 |  5000/15983 batches | lr 0.25 | ms/batch  6.15 | loss  4.73 | ppl   112.79
| epoch  18 |  5500/15983 batches | lr 0.25 | ms/batch  6.15 | loss  4.73 | ppl   113.28
| epoch  18 |  6000/15983 batches | lr 0.25 | ms/batch  6.15 | loss  4.75 | ppl   115.26
| epoch  18 |  6500/15983 batches | lr 0.25 | ms/batch  6.15 | loss  4.70 | ppl   109.60
| epoch  18 |  7000/15983 batches | lr 0.25 | ms/batch  6.15 | loss  4.70 | ppl   109.88
| epoch  18 |  7500/15983 batches | lr 0.25 | ms/batch  6.15 | loss  4.68 | ppl   107.53
| epoch  18 |  8000/15983 batches | lr 0.25 | ms/batch  6.16 | loss  4.74 | ppl   114.77
| epoch  18 |  8500/15983 batches | lr 0.25 | ms/batch  6.15 | loss  4.69 | ppl   108.83
| epoch  18 |  9000/15983 batches | lr 0.25 | ms/batch  6.15 | loss  4.65 | ppl   104.68
| epoch  18 |  9500/15983 batches | lr 0.25 | ms/batch  6.15 | loss  4.67 | ppl   106.80
| epoch  18 | 10000/15983 batches | lr 0.25 | ms/batch  6.15 | loss  4.65 | ppl   104.72
| epoch  18 | 10500/15983 batches | lr 0.25 | ms/batch  6.15 | loss  4.70 | ppl   110.15
| epoch  18 | 11000/15983 batches | lr 0.25 | ms/batch  6.15 | loss  4.72 | ppl   111.70
| epoch  18 | 11500/15983 batches | lr 0.25 | ms/batch  6.15 | loss  4.68 | ppl   107.97
| epoch  18 | 12000/15983 batches | lr 0.25 | ms/batch  6.15 | loss  4.68 | ppl   108.09
| epoch  18 | 12500/15983 batches | lr 0.25 | ms/batch  6.15 | loss  4.65 | ppl   104.16
| epoch  18 | 13000/15983 batches | lr 0.25 | ms/batch  6.16 | loss  4.67 | ppl   106.35
| epoch  18 | 13500/15983 batches | lr 0.25 | ms/batch  6.15 | loss  4.67 | ppl   106.61
| epoch  18 | 14000/15983 batches | lr 0.25 | ms/batch  6.15 | loss  4.69 | ppl   108.40
| epoch  18 | 14500/15983 batches | lr 0.25 | ms/batch  6.15 | loss  4.65 | ppl   104.45
| epoch  18 | 15000/15983 batches | lr 0.25 | ms/batch  6.15 | loss  4.64 | ppl   103.58
| epoch  18 | 15500/15983 batches | lr 0.25 | ms/batch  6.15 | loss  4.63 | ppl   102.29
-----------------------------------------------------------------------------------------
| end of epoch  18 | time: 98.92s | valid loss  5.05 | valid ppl   155.37
-----------------------------------------------------------------------------------------
| epoch  19 |   500/15983 batches | lr 0.25 | ms/batch  6.16 | loss  4.70 | ppl   109.87
| epoch  19 |  1000/15983 batches | lr 0.25 | ms/batch  6.15 | loss  4.70 | ppl   110.16
| epoch  19 |  1500/15983 batches | lr 0.25 | ms/batch  6.16 | loss  4.72 | ppl   112.53
| epoch  19 |  2000/15983 batches | lr 0.25 | ms/batch  6.15 | loss  4.66 | ppl   105.47
| epoch  19 |  2500/15983 batches | lr 0.25 | ms/batch  6.15 | loss  4.65 | ppl   104.46
| epoch  19 |  3000/15983 batches | lr 0.25 | ms/batch  6.15 | loss  4.69 | ppl   109.17
| epoch  19 |  3500/15983 batches | lr 0.25 | ms/batch  6.15 | loss  4.70 | ppl   110.27
| epoch  19 |  4000/15983 batches | lr 0.25 | ms/batch  6.15 | loss  4.69 | ppl   108.74
| epoch  19 |  4500/15983 batches | lr 0.25 | ms/batch  6.15 | loss  4.70 | ppl   110.10
| epoch  19 |  5000/15983 batches | lr 0.25 | ms/batch  6.15 | loss  4.72 | ppl   111.74
| epoch  19 |  5500/15983 batches | lr 0.25 | ms/batch  6.15 | loss  4.72 | ppl   112.26
| epoch  19 |  6000/15983 batches | lr 0.25 | ms/batch  6.15 | loss  4.74 | ppl   114.51
| epoch  19 |  6500/15983 batches | lr 0.25 | ms/batch  6.16 | loss  4.69 | ppl   109.01
| epoch  19 |  7000/15983 batches | lr 0.25 | ms/batch  6.15 | loss  4.69 | ppl   109.02
| epoch  19 |  7500/15983 batches | lr 0.25 | ms/batch  6.15 | loss  4.67 | ppl   106.56
| epoch  19 |  8000/15983 batches | lr 0.25 | ms/batch  6.15 | loss  4.74 | ppl   114.21
| epoch  19 |  8500/15983 batches | lr 0.25 | ms/batch  6.15 | loss  4.68 | ppl   108.26
| epoch  19 |  9000/15983 batches | lr 0.25 | ms/batch  6.15 | loss  4.65 | ppl   104.29
| epoch  19 |  9500/15983 batches | lr 0.25 | ms/batch  6.15 | loss  4.67 | ppl   106.18
| epoch  19 | 10000/15983 batches | lr 0.25 | ms/batch  6.15 | loss  4.64 | ppl   103.89
| epoch  19 | 10500/15983 batches | lr 0.25 | ms/batch  6.15 | loss  4.69 | ppl   109.38
| epoch  19 | 11000/15983 batches | lr 0.25 | ms/batch  6.16 | loss  4.71 | ppl   110.98
| epoch  19 | 11500/15983 batches | lr 0.25 | ms/batch  6.15 | loss  4.68 | ppl   107.25
| epoch  19 | 12000/15983 batches | lr 0.25 | ms/batch  6.15 | loss  4.68 | ppl   107.34
| epoch  19 | 12500/15983 batches | lr 0.25 | ms/batch  6.15 | loss  4.64 | ppl   103.76
| epoch  19 | 13000/15983 batches | lr 0.25 | ms/batch  6.15 | loss  4.66 | ppl   106.00
| epoch  19 | 13500/15983 batches | lr 0.25 | ms/batch  6.15 | loss  4.66 | ppl   106.15
| epoch  19 | 14000/15983 batches | lr 0.25 | ms/batch  6.15 | loss  4.68 | ppl   108.05
| epoch  19 | 14500/15983 batches | lr 0.25 | ms/batch  6.15 | loss  4.64 | ppl   104.05
| epoch  19 | 15000/15983 batches | lr 0.25 | ms/batch  6.15 | loss  4.64 | ppl   103.33
| epoch  19 | 15500/15983 batches | lr 0.25 | ms/batch  6.15 | loss  4.62 | ppl   101.84
-----------------------------------------------------------------------------------------
| end of epoch  19 | time: 98.95s | valid loss  5.05 | valid ppl   155.78
-----------------------------------------------------------------------------------------
| epoch  20 |   500/15983 batches | lr 0.06 | ms/batch  6.16 | loss  4.70 | ppl   110.50
| epoch  20 |  1000/15983 batches | lr 0.06 | ms/batch  6.15 | loss  4.71 | ppl   110.82
| epoch  20 |  1500/15983 batches | lr 0.06 | ms/batch  6.15 | loss  4.73 | ppl   113.32
| epoch  20 |  2000/15983 batches | lr 0.06 | ms/batch  6.15 | loss  4.66 | ppl   105.76
| epoch  20 |  2500/15983 batches | lr 0.06 | ms/batch  6.15 | loss  4.65 | ppl   104.13
| epoch  20 |  3000/15983 batches | lr 0.06 | ms/batch  6.15 | loss  4.69 | ppl   109.28
| epoch  20 |  3500/15983 batches | lr 0.06 | ms/batch  6.15 | loss  4.70 | ppl   109.89
| epoch  20 |  4000/15983 batches | lr 0.06 | ms/batch  6.15 | loss  4.69 | ppl   108.66
| epoch  20 |  4500/15983 batches | lr 0.06 | ms/batch  6.16 | loss  4.70 | ppl   110.13
| epoch  20 |  5000/15983 batches | lr 0.06 | ms/batch  6.15 | loss  4.72 | ppl   111.82
| epoch  20 |  5500/15983 batches | lr 0.06 | ms/batch  6.15 | loss  4.72 | ppl   112.32
| epoch  20 |  6000/15983 batches | lr 0.06 | ms/batch  6.15 | loss  4.74 | ppl   114.17
| epoch  20 |  6500/15983 batches | lr 0.06 | ms/batch  6.15 | loss  4.69 | ppl   108.48
| epoch  20 |  7000/15983 batches | lr 0.06 | ms/batch  6.15 | loss  4.69 | ppl   108.86
| epoch  20 |  7500/15983 batches | lr 0.06 | ms/batch  6.15 | loss  4.67 | ppl   106.41
| epoch  20 |  8000/15983 batches | lr 0.06 | ms/batch  6.15 | loss  4.73 | ppl   113.38
| epoch  20 |  8500/15983 batches | lr 0.06 | ms/batch  6.15 | loss  4.68 | ppl   107.57
| epoch  20 |  9000/15983 batches | lr 0.06 | ms/batch  6.15 | loss  4.64 | ppl   103.23
| epoch  20 |  9500/15983 batches | lr 0.06 | ms/batch  6.16 | loss  4.65 | ppl   104.90
| epoch  20 | 10000/15983 batches | lr 0.06 | ms/batch  6.15 | loss  4.64 | ppl   103.07
| epoch  20 | 10500/15983 batches | lr 0.06 | ms/batch  6.15 | loss  4.68 | ppl   108.23
| epoch  20 | 11000/15983 batches | lr 0.06 | ms/batch  6.15 | loss  4.70 | ppl   109.81
| epoch  20 | 11500/15983 batches | lr 0.06 | ms/batch  6.15 | loss  4.66 | ppl   106.08
| epoch  20 | 12000/15983 batches | lr 0.06 | ms/batch  6.15 | loss  4.66 | ppl   105.70
| epoch  20 | 12500/15983 batches | lr 0.06 | ms/batch  6.15 | loss  4.63 | ppl   102.32
| epoch  20 | 13000/15983 batches | lr 0.06 | ms/batch  6.15 | loss  4.65 | ppl   104.20
| epoch  20 | 13500/15983 batches | lr 0.06 | ms/batch  6.15 | loss  4.65 | ppl   104.62
| epoch  20 | 14000/15983 batches | lr 0.06 | ms/batch  6.16 | loss  4.67 | ppl   106.20
| epoch  20 | 14500/15983 batches | lr 0.06 | ms/batch  6.15 | loss  4.63 | ppl   102.22
| epoch  20 | 15000/15983 batches | lr 0.06 | ms/batch  6.15 | loss  4.62 | ppl   101.42
| epoch  20 | 15500/15983 batches | lr 0.06 | ms/batch  6.15 | loss  4.60 | ppl    99.98
-----------------------------------------------------------------------------------------
| end of epoch  20 | time: 98.92s | valid loss  5.02 | valid ppl   152.15
-----------------------------------------------------------------------------------------
| epoch  21 |   500/15983 batches | lr 0.06 | ms/batch  6.16 | loss  4.69 | ppl   109.01
| epoch  21 |  1000/15983 batches | lr 0.06 | ms/batch  6.15 | loss  4.69 | ppl   109.28
| epoch  21 |  1500/15983 batches | lr 0.06 | ms/batch  6.15 | loss  4.72 | ppl   112.01
| epoch  21 |  2000/15983 batches | lr 0.06 | ms/batch  6.15 | loss  4.65 | ppl   104.84
| epoch  21 |  2500/15983 batches | lr 0.06 | ms/batch  6.16 | loss  4.63 | ppl   102.99
| epoch  21 |  3000/15983 batches | lr 0.06 | ms/batch  6.15 | loss  4.69 | ppl   108.33
| epoch  21 |  3500/15983 batches | lr 0.06 | ms/batch  6.15 | loss  4.69 | ppl   109.28
| epoch  21 |  4000/15983 batches | lr 0.06 | ms/batch  6.15 | loss  4.68 | ppl   107.46
| epoch  21 |  4500/15983 batches | lr 0.06 | ms/batch  6.15 | loss  4.69 | ppl   109.18
| epoch  21 |  5000/15983 batches | lr 0.06 | ms/batch  6.15 | loss  4.71 | ppl   110.89
| epoch  21 |  5500/15983 batches | lr 0.06 | ms/batch  6.15 | loss  4.71 | ppl   111.37
| epoch  21 |  6000/15983 batches | lr 0.06 | ms/batch  6.15 | loss  4.73 | ppl   113.35
| epoch  21 |  6500/15983 batches | lr 0.06 | ms/batch  6.15 | loss  4.68 | ppl   107.78
| epoch  21 |  7000/15983 batches | lr 0.06 | ms/batch  6.15 | loss  4.68 | ppl   108.02
| epoch  21 |  7500/15983 batches | lr 0.06 | ms/batch  6.16 | loss  4.66 | ppl   105.66
| epoch  21 |  8000/15983 batches | lr 0.06 | ms/batch  6.15 | loss  4.72 | ppl   112.62
| epoch  21 |  8500/15983 batches | lr 0.06 | ms/batch  6.15 | loss  4.67 | ppl   107.00
| epoch  21 |  9000/15983 batches | lr 0.06 | ms/batch  6.15 | loss  4.63 | ppl   102.76
| epoch  21 |  9500/15983 batches | lr 0.06 | ms/batch  6.15 | loss  4.65 | ppl   104.74
| epoch  21 | 10000/15983 batches | lr 0.06 | ms/batch  6.15 | loss  4.63 | ppl   102.64
| epoch  21 | 10500/15983 batches | lr 0.06 | ms/batch  6.15 | loss  4.68 | ppl   108.11
| epoch  21 | 11000/15983 batches | lr 0.06 | ms/batch  6.15 | loss  4.69 | ppl   109.38
| epoch  21 | 11500/15983 batches | lr 0.06 | ms/batch  6.15 | loss  4.66 | ppl   105.57
| epoch  21 | 12000/15983 batches | lr 0.06 | ms/batch  6.16 | loss  4.66 | ppl   105.74
| epoch  21 | 12500/15983 batches | lr 0.06 | ms/batch  6.15 | loss  4.63 | ppl   102.13
| epoch  21 | 13000/15983 batches | lr 0.06 | ms/batch  6.15 | loss  4.65 | ppl   104.15
| epoch  21 | 13500/15983 batches | lr 0.06 | ms/batch  6.15 | loss  4.65 | ppl   104.39
| epoch  21 | 14000/15983 batches | lr 0.06 | ms/batch  6.15 | loss  4.67 | ppl   106.22
| epoch  21 | 14500/15983 batches | lr 0.06 | ms/batch  6.15 | loss  4.63 | ppl   102.21
| epoch  21 | 15000/15983 batches | lr 0.06 | ms/batch  6.15 | loss  4.62 | ppl   101.45
| epoch  21 | 15500/15983 batches | lr 0.06 | ms/batch  6.15 | loss  4.61 | ppl   100.34
-----------------------------------------------------------------------------------------
| end of epoch  21 | time: 98.92s | valid loss  5.03 | valid ppl   152.36
-----------------------------------------------------------------------------------------
| epoch  22 |   500/15983 batches | lr 0.02 | ms/batch  6.16 | loss  4.69 | ppl   109.11
| epoch  22 |  1000/15983 batches | lr 0.02 | ms/batch  6.16 | loss  4.70 | ppl   109.77
| epoch  22 |  1500/15983 batches | lr 0.02 | ms/batch  6.15 | loss  4.73 | ppl   112.73
| epoch  22 |  2000/15983 batches | lr 0.02 | ms/batch  6.15 | loss  4.66 | ppl   105.66
| epoch  22 |  2500/15983 batches | lr 0.02 | ms/batch  6.15 | loss  4.64 | ppl   103.34
| epoch  22 |  3000/15983 batches | lr 0.02 | ms/batch  6.15 | loss  4.69 | ppl   108.82
| epoch  22 |  3500/15983 batches | lr 0.02 | ms/batch  6.15 | loss  4.69 | ppl   109.21
| epoch  22 |  4000/15983 batches | lr 0.02 | ms/batch  6.15 | loss  4.68 | ppl   107.93
| epoch  22 |  4500/15983 batches | lr 0.02 | ms/batch  6.15 | loss  4.70 | ppl   109.79
| epoch  22 |  5000/15983 batches | lr 0.02 | ms/batch  6.15 | loss  4.71 | ppl   111.45
| epoch  22 |  5500/15983 batches | lr 0.02 | ms/batch  6.16 | loss  4.72 | ppl   112.21
| epoch  22 |  6000/15983 batches | lr 0.02 | ms/batch  6.15 | loss  4.74 | ppl   113.99
| epoch  22 |  6500/15983 batches | lr 0.02 | ms/batch  6.15 | loss  4.68 | ppl   108.16
| epoch  22 |  7000/15983 batches | lr 0.02 | ms/batch  6.15 | loss  4.69 | ppl   108.40
| epoch  22 |  7500/15983 batches | lr 0.02 | ms/batch  6.15 | loss  4.66 | ppl   106.06
| epoch  22 |  8000/15983 batches | lr 0.02 | ms/batch  6.15 | loss  4.72 | ppl   112.62
| epoch  22 |  8500/15983 batches | lr 0.02 | ms/batch  6.15 | loss  4.67 | ppl   106.97
| epoch  22 |  9000/15983 batches | lr 0.02 | ms/batch  6.15 | loss  4.64 | ppl   103.04
| epoch  22 |  9500/15983 batches | lr 0.02 | ms/batch  6.15 | loss  4.65 | ppl   104.69
| epoch  22 | 10000/15983 batches | lr 0.02 | ms/batch  6.15 | loss  4.63 | ppl   102.76
| epoch  22 | 10500/15983 batches | lr 0.02 | ms/batch  6.16 | loss  4.68 | ppl   108.18
| epoch  22 | 11000/15983 batches | lr 0.02 | ms/batch  6.15 | loss  4.70 | ppl   109.53
| epoch  22 | 11500/15983 batches | lr 0.02 | ms/batch  6.15 | loss  4.66 | ppl   105.70
| epoch  22 | 12000/15983 batches | lr 0.02 | ms/batch  6.15 | loss  4.66 | ppl   105.22
| epoch  22 | 12500/15983 batches | lr 0.02 | ms/batch  6.15 | loss  4.63 | ppl   102.21
| epoch  22 | 13000/15983 batches | lr 0.02 | ms/batch  6.15 | loss  4.64 | ppl   103.81
| epoch  22 | 13500/15983 batches | lr 0.02 | ms/batch  6.15 | loss  4.65 | ppl   104.08
| epoch  22 | 14000/15983 batches | lr 0.02 | ms/batch  6.15 | loss  4.66 | ppl   105.98
| epoch  22 | 14500/15983 batches | lr 0.02 | ms/batch  6.15 | loss  4.62 | ppl   101.64
| epoch  22 | 15000/15983 batches | lr 0.02 | ms/batch  6.16 | loss  4.61 | ppl   100.92
| epoch  22 | 15500/15983 batches | lr 0.02 | ms/batch  6.15 | loss  4.60 | ppl    99.79
-----------------------------------------------------------------------------------------
| end of epoch  22 | time: 98.93s | valid loss  5.02 | valid ppl   150.78
-----------------------------------------------------------------------------------------
| epoch  23 |   500/15983 batches | lr 0.02 | ms/batch  6.16 | loss  4.69 | ppl   108.82
| epoch  23 |  1000/15983 batches | lr 0.02 | ms/batch  6.15 | loss  4.69 | ppl   109.11
| epoch  23 |  1500/15983 batches | lr 0.02 | ms/batch  6.15 | loss  4.72 | ppl   112.33
| epoch  23 |  2000/15983 batches | lr 0.02 | ms/batch  6.15 | loss  4.65 | ppl   105.00
| epoch  23 |  2500/15983 batches | lr 0.02 | ms/batch  6.15 | loss  4.63 | ppl   102.95
| epoch  23 |  3000/15983 batches | lr 0.02 | ms/batch  6.15 | loss  4.69 | ppl   108.53
| epoch  23 |  3500/15983 batches | lr 0.02 | ms/batch  6.16 | loss  4.69 | ppl   109.04
| epoch  23 |  4000/15983 batches | lr 0.02 | ms/batch  6.15 | loss  4.68 | ppl   107.44
| epoch  23 |  4500/15983 batches | lr 0.02 | ms/batch  6.15 | loss  4.69 | ppl   109.16
| epoch  23 |  5000/15983 batches | lr 0.02 | ms/batch  6.15 | loss  4.71 | ppl   110.81
| epoch  23 |  5500/15983 batches | lr 0.02 | ms/batch  6.15 | loss  4.71 | ppl   111.60
| epoch  23 |  6000/15983 batches | lr 0.02 | ms/batch  6.15 | loss  4.73 | ppl   113.50
| epoch  23 |  6500/15983 batches | lr 0.02 | ms/batch  6.15 | loss  4.68 | ppl   107.75
| epoch  23 |  7000/15983 batches | lr 0.02 | ms/batch  6.15 | loss  4.68 | ppl   108.02
| epoch  23 |  7500/15983 batches | lr 0.02 | ms/batch  6.15 | loss  4.66 | ppl   105.84
| epoch  23 |  8000/15983 batches | lr 0.02 | ms/batch  6.15 | loss  4.72 | ppl   112.36
| epoch  23 |  8500/15983 batches | lr 0.02 | ms/batch  6.16 | loss  4.67 | ppl   106.58
| epoch  23 |  9000/15983 batches | lr 0.02 | ms/batch  6.15 | loss  4.63 | ppl   102.75
| epoch  23 |  9500/15983 batches | lr 0.02 | ms/batch  6.15 | loss  4.65 | ppl   104.39
| epoch  23 | 10000/15983 batches | lr 0.02 | ms/batch  6.15 | loss  4.63 | ppl   102.68
| epoch  23 | 10500/15983 batches | lr 0.02 | ms/batch  6.15 | loss  4.68 | ppl   107.98
| epoch  23 | 11000/15983 batches | lr 0.02 | ms/batch  6.15 | loss  4.70 | ppl   109.49
| epoch  23 | 11500/15983 batches | lr 0.02 | ms/batch  6.15 | loss  4.66 | ppl   105.42
| epoch  23 | 12000/15983 batches | lr 0.02 | ms/batch  6.15 | loss  4.66 | ppl   105.36
| epoch  23 | 12500/15983 batches | lr 0.02 | ms/batch  6.15 | loss  4.63 | ppl   102.16
| epoch  23 | 13000/15983 batches | lr 0.02 | ms/batch  6.16 | loss  4.64 | ppl   103.88
| epoch  23 | 13500/15983 batches | lr 0.02 | ms/batch  6.16 | loss  4.65 | ppl   104.07
| epoch  23 | 14000/15983 batches | lr 0.02 | ms/batch  6.15 | loss  4.66 | ppl   105.75
| epoch  23 | 14500/15983 batches | lr 0.02 | ms/batch  6.15 | loss  4.62 | ppl   101.79
| epoch  23 | 15000/15983 batches | lr 0.02 | ms/batch  6.15 | loss  4.62 | ppl   101.00
| epoch  23 | 15500/15983 batches | lr 0.02 | ms/batch  6.15 | loss  4.60 | ppl    99.65
-----------------------------------------------------------------------------------------
| end of epoch  23 | time: 98.93s | valid loss  5.02 | valid ppl   150.75
-----------------------------------------------------------------------------------------
| epoch  24 |   500/15983 batches | lr 0.02 | ms/batch  6.16 | loss  4.69 | ppl   108.62
| epoch  24 |  1000/15983 batches | lr 0.02 | ms/batch  6.15 | loss  4.69 | ppl   108.84
| epoch  24 |  1500/15983 batches | lr 0.02 | ms/batch  6.15 | loss  4.72 | ppl   112.13
| epoch  24 |  2000/15983 batches | lr 0.02 | ms/batch  6.16 | loss  4.65 | ppl   104.81
| epoch  24 |  2500/15983 batches | lr 0.02 | ms/batch  6.15 | loss  4.63 | ppl   102.78
| epoch  24 |  3000/15983 batches | lr 0.02 | ms/batch  6.15 | loss  4.68 | ppl   108.16
| epoch  24 |  3500/15983 batches | lr 0.02 | ms/batch  6.15 | loss  4.69 | ppl   108.74
| epoch  24 |  4000/15983 batches | lr 0.02 | ms/batch  6.15 | loss  4.67 | ppl   107.08
| epoch  24 |  4500/15983 batches | lr 0.02 | ms/batch  6.15 | loss  4.69 | ppl   108.97
| epoch  24 |  5000/15983 batches | lr 0.02 | ms/batch  6.15 | loss  4.71 | ppl   110.65
| epoch  24 |  5500/15983 batches | lr 0.02 | ms/batch  6.15 | loss  4.71 | ppl   111.47
| epoch  24 |  6000/15983 batches | lr 0.02 | ms/batch  6.15 | loss  4.73 | ppl   113.36
| epoch  24 |  6500/15983 batches | lr 0.02 | ms/batch  6.16 | loss  4.68 | ppl   107.77
| epoch  24 |  7000/15983 batches | lr 0.02 | ms/batch  6.15 | loss  4.68 | ppl   107.85
| epoch  24 |  7500/15983 batches | lr 0.02 | ms/batch  6.15 | loss  4.66 | ppl   105.57
| epoch  24 |  8000/15983 batches | lr 0.02 | ms/batch  6.15 | loss  4.72 | ppl   112.41
| epoch  24 |  8500/15983 batches | lr 0.02 | ms/batch  6.15 | loss  4.67 | ppl   106.44
| epoch  24 |  9000/15983 batches | lr 0.02 | ms/batch  6.15 | loss  4.63 | ppl   102.63
| epoch  24 |  9500/15983 batches | lr 0.02 | ms/batch  6.15 | loss  4.65 | ppl   104.28
| epoch  24 | 10000/15983 batches | lr 0.02 | ms/batch  6.15 | loss  4.63 | ppl   102.52
| epoch  24 | 10500/15983 batches | lr 0.02 | ms/batch  6.15 | loss  4.68 | ppl   107.84
| epoch  24 | 11000/15983 batches | lr 0.02 | ms/batch  6.15 | loss  4.69 | ppl   109.22
| epoch  24 | 11500/15983 batches | lr 0.02 | ms/batch  6.16 | loss  4.66 | ppl   105.31
| epoch  24 | 12000/15983 batches | lr 0.02 | ms/batch  6.15 | loss  4.66 | ppl   105.42
| epoch  24 | 12500/15983 batches | lr 0.02 | ms/batch  6.15 | loss  4.62 | ppl   101.97
| epoch  24 | 13000/15983 batches | lr 0.02 | ms/batch  6.15 | loss  4.64 | ppl   103.83
| epoch  24 | 13500/15983 batches | lr 0.02 | ms/batch  6.15 | loss  4.64 | ppl   103.91
| epoch  24 | 14000/15983 batches | lr 0.02 | ms/batch  6.15 | loss  4.66 | ppl   105.87
| epoch  24 | 14500/15983 batches | lr 0.02 | ms/batch  6.15 | loss  4.62 | ppl   101.86
| epoch  24 | 15000/15983 batches | lr 0.02 | ms/batch  6.15 | loss  4.62 | ppl   101.10
| epoch  24 | 15500/15983 batches | lr 0.02 | ms/batch  6.15 | loss  4.60 | ppl    99.84
-----------------------------------------------------------------------------------------
| end of epoch  24 | time: 98.94s | valid loss  5.01 | valid ppl   150.63
-----------------------------------------------------------------------------------------
| epoch  25 |   500/15983 batches | lr 0.02 | ms/batch  6.16 | loss  4.69 | ppl   108.39
| epoch  25 |  1000/15983 batches | lr 0.02 | ms/batch  6.15 | loss  4.69 | ppl   108.81
| epoch  25 |  1500/15983 batches | lr 0.02 | ms/batch  6.15 | loss  4.72 | ppl   111.70
| epoch  25 |  2000/15983 batches | lr 0.02 | ms/batch  6.15 | loss  4.65 | ppl   104.69
| epoch  25 |  2500/15983 batches | lr 0.02 | ms/batch  6.15 | loss  4.63 | ppl   102.72
| epoch  25 |  3000/15983 batches | lr 0.02 | ms/batch  6.15 | loss  4.68 | ppl   108.09
| epoch  25 |  3500/15983 batches | lr 0.02 | ms/batch  6.15 | loss  4.69 | ppl   108.56
| epoch  25 |  4000/15983 batches | lr 0.02 | ms/batch  6.15 | loss  4.67 | ppl   107.02
| epoch  25 |  4500/15983 batches | lr 0.02 | ms/batch  6.15 | loss  4.69 | ppl   108.86
| epoch  25 |  5000/15983 batches | lr 0.02 | ms/batch  6.16 | loss  4.71 | ppl   110.72
| epoch  25 |  5500/15983 batches | lr 0.02 | ms/batch  6.15 | loss  4.71 | ppl   111.32
| epoch  25 |  6000/15983 batches | lr 0.02 | ms/batch  6.15 | loss  4.73 | ppl   113.16
| epoch  25 |  6500/15983 batches | lr 0.02 | ms/batch  6.15 | loss  4.68 | ppl   107.46
| epoch  25 |  7000/15983 batches | lr 0.02 | ms/batch  6.15 | loss  4.68 | ppl   107.65
| epoch  25 |  7500/15983 batches | lr 0.02 | ms/batch  6.15 | loss  4.66 | ppl   105.30
| epoch  25 |  8000/15983 batches | lr 0.02 | ms/batch  6.15 | loss  4.72 | ppl   112.28
| epoch  25 |  8500/15983 batches | lr 0.02 | ms/batch  6.15 | loss  4.67 | ppl   106.59
| epoch  25 |  9000/15983 batches | lr 0.02 | ms/batch  6.15 | loss  4.63 | ppl   102.21
| epoch  25 |  9500/15983 batches | lr 0.02 | ms/batch  6.16 | loss  4.65 | ppl   104.24
| epoch  25 | 10000/15983 batches | lr 0.02 | ms/batch  6.15 | loss  4.63 | ppl   102.51
| epoch  25 | 10500/15983 batches | lr 0.02 | ms/batch  6.15 | loss  4.68 | ppl   107.70
| epoch  25 | 11000/15983 batches | lr 0.02 | ms/batch  6.15 | loss  4.69 | ppl   109.36
| epoch  25 | 11500/15983 batches | lr 0.02 | ms/batch  6.15 | loss  4.66 | ppl   105.41
| epoch  25 | 12000/15983 batches | lr 0.02 | ms/batch  6.15 | loss  4.65 | ppl   105.04
| epoch  25 | 12500/15983 batches | lr 0.02 | ms/batch  6.15 | loss  4.63 | ppl   102.21
| epoch  25 | 13000/15983 batches | lr 0.02 | ms/batch  6.15 | loss  4.64 | ppl   103.97
| epoch  25 | 13500/15983 batches | lr 0.02 | ms/batch  6.15 | loss  4.64 | ppl   104.05
| epoch  25 | 14000/15983 batches | lr 0.02 | ms/batch  6.15 | loss  4.66 | ppl   105.90
| epoch  25 | 14500/15983 batches | lr 0.02 | ms/batch  6.16 | loss  4.62 | ppl   101.76
| epoch  25 | 15000/15983 batches | lr 0.02 | ms/batch  6.15 | loss  4.62 | ppl   101.03
| epoch  25 | 15500/15983 batches | lr 0.02 | ms/batch  6.15 | loss  4.61 | ppl   100.08
-----------------------------------------------------------------------------------------
| end of epoch  25 | time: 98.93s | valid loss  5.01 | valid ppl   150.53
-----------------------------------------------------------------------------------------
| epoch  26 |   500/15983 batches | lr 0.02 | ms/batch  6.17 | loss  4.68 | ppl   108.29
| epoch  26 |  1000/15983 batches | lr 0.02 | ms/batch  6.15 | loss  4.69 | ppl   108.50
| epoch  26 |  1500/15983 batches | lr 0.02 | ms/batch  6.15 | loss  4.71 | ppl   111.54
| epoch  26 |  2000/15983 batches | lr 0.02 | ms/batch  6.15 | loss  4.65 | ppl   104.45
| epoch  26 |  2500/15983 batches | lr 0.02 | ms/batch  6.15 | loss  4.63 | ppl   102.53
| epoch  26 |  3000/15983 batches | lr 0.02 | ms/batch  6.16 | loss  4.68 | ppl   107.91
| epoch  26 |  3500/15983 batches | lr 0.02 | ms/batch  6.15 | loss  4.69 | ppl   108.38
| epoch  26 |  4000/15983 batches | lr 0.02 | ms/batch  6.15 | loss  4.67 | ppl   106.85
| epoch  26 |  4500/15983 batches | lr 0.02 | ms/batch  6.15 | loss  4.69 | ppl   108.46
| epoch  26 |  5000/15983 batches | lr 0.02 | ms/batch  6.15 | loss  4.70 | ppl   110.46
| epoch  26 |  5500/15983 batches | lr 0.02 | ms/batch  6.15 | loss  4.71 | ppl   111.19
| epoch  26 |  6000/15983 batches | lr 0.02 | ms/batch  6.15 | loss  4.73 | ppl   113.03
| epoch  26 |  6500/15983 batches | lr 0.02 | ms/batch  6.15 | loss  4.68 | ppl   107.48
| epoch  26 |  7000/15983 batches | lr 0.02 | ms/batch  6.15 | loss  4.68 | ppl   107.61
| epoch  26 |  7500/15983 batches | lr 0.02 | ms/batch  6.15 | loss  4.66 | ppl   105.29
| epoch  26 |  8000/15983 batches | lr 0.02 | ms/batch  6.16 | loss  4.72 | ppl   112.22
| epoch  26 |  8500/15983 batches | lr 0.02 | ms/batch  6.15 | loss  4.67 | ppl   106.53
| epoch  26 |  9000/15983 batches | lr 0.02 | ms/batch  6.15 | loss  4.63 | ppl   102.21
| epoch  26 |  9500/15983 batches | lr 0.02 | ms/batch  6.15 | loss  4.64 | ppl   104.06
| epoch  26 | 10000/15983 batches | lr 0.02 | ms/batch  6.15 | loss  4.63 | ppl   102.33
| epoch  26 | 10500/15983 batches | lr 0.02 | ms/batch  6.15 | loss  4.68 | ppl   107.63
| epoch  26 | 11000/15983 batches | lr 0.02 | ms/batch  6.15 | loss  4.69 | ppl   109.10
| epoch  26 | 11500/15983 batches | lr 0.02 | ms/batch  6.15 | loss  4.66 | ppl   105.54
| epoch  26 | 12000/15983 batches | lr 0.02 | ms/batch  6.15 | loss  4.66 | ppl   105.23
| epoch  26 | 12500/15983 batches | lr 0.02 | ms/batch  6.16 | loss  4.63 | ppl   102.20
| epoch  26 | 13000/15983 batches | lr 0.02 | ms/batch  6.15 | loss  4.64 | ppl   103.70
| epoch  26 | 13500/15983 batches | lr 0.02 | ms/batch  6.15 | loss  4.65 | ppl   104.15
| epoch  26 | 14000/15983 batches | lr 0.02 | ms/batch  6.15 | loss  4.66 | ppl   105.72
| epoch  26 | 14500/15983 batches | lr 0.02 | ms/batch  6.15 | loss  4.62 | ppl   101.58
| epoch  26 | 15000/15983 batches | lr 0.02 | ms/batch  6.15 | loss  4.62 | ppl   101.13
| epoch  26 | 15500/15983 batches | lr 0.02 | ms/batch  6.15 | loss  4.61 | ppl   100.17
-----------------------------------------------------------------------------------------
| end of epoch  26 | time: 98.95s | valid loss  5.01 | valid ppl   150.35
-----------------------------------------------------------------------------------------
| epoch  27 |   500/15983 batches | lr 0.02 | ms/batch  6.16 | loss  4.68 | ppl   108.12
| epoch  27 |  1000/15983 batches | lr 0.02 | ms/batch  6.16 | loss  4.69 | ppl   108.41
| epoch  27 |  1500/15983 batches | lr 0.02 | ms/batch  6.15 | loss  4.71 | ppl   111.52
| epoch  27 |  2000/15983 batches | lr 0.02 | ms/batch  6.15 | loss  4.65 | ppl   104.59
| epoch  27 |  2500/15983 batches | lr 0.02 | ms/batch  6.15 | loss  4.63 | ppl   102.45
| epoch  27 |  3000/15983 batches | lr 0.02 | ms/batch  6.15 | loss  4.68 | ppl   107.81
| epoch  27 |  3500/15983 batches | lr 0.02 | ms/batch  6.15 | loss  4.69 | ppl   108.55
| epoch  27 |  4000/15983 batches | lr 0.02 | ms/batch  6.15 | loss  4.67 | ppl   106.64
| epoch  27 |  4500/15983 batches | lr 0.02 | ms/batch  6.15 | loss  4.69 | ppl   108.57
| epoch  27 |  5000/15983 batches | lr 0.02 | ms/batch  6.15 | loss  4.70 | ppl   110.35
| epoch  27 |  5500/15983 batches | lr 0.02 | ms/batch  6.15 | loss  4.71 | ppl   111.07
| epoch  27 |  6000/15983 batches | lr 0.02 | ms/batch  6.16 | loss  4.73 | ppl   112.95
| epoch  27 |  6500/15983 batches | lr 0.02 | ms/batch  6.15 | loss  4.68 | ppl   107.49
| epoch  27 |  7000/15983 batches | lr 0.02 | ms/batch  6.15 | loss  4.68 | ppl   107.48
| epoch  27 |  7500/15983 batches | lr 0.02 | ms/batch  6.15 | loss  4.66 | ppl   105.11
| epoch  27 |  8000/15983 batches | lr 0.02 | ms/batch  6.15 | loss  4.72 | ppl   111.96
| epoch  27 |  8500/15983 batches | lr 0.02 | ms/batch  6.15 | loss  4.67 | ppl   106.38
| epoch  27 |  9000/15983 batches | lr 0.02 | ms/batch  6.15 | loss  4.63 | ppl   102.14
| epoch  27 |  9500/15983 batches | lr 0.02 | ms/batch  6.15 | loss  4.64 | ppl   103.98
| epoch  27 | 10000/15983 batches | lr 0.02 | ms/batch  6.15 | loss  4.63 | ppl   102.24
| epoch  27 | 10500/15983 batches | lr 0.02 | ms/batch  6.15 | loss  4.68 | ppl   107.55
| epoch  27 | 11000/15983 batches | lr 0.02 | ms/batch  6.15 | loss  4.69 | ppl   109.22
| epoch  27 | 11500/15983 batches | lr 0.02 | ms/batch  6.15 | loss  4.66 | ppl   105.26
| epoch  27 | 12000/15983 batches | lr 0.02 | ms/batch  6.15 | loss  4.66 | ppl   105.15
| epoch  27 | 12500/15983 batches | lr 0.02 | ms/batch  6.15 | loss  4.62 | ppl   101.85
| epoch  27 | 13000/15983 batches | lr 0.02 | ms/batch  6.15 | loss  4.64 | ppl   103.94
| epoch  27 | 13500/15983 batches | lr 0.02 | ms/batch  6.15 | loss  4.64 | ppl   104.04
| epoch  27 | 14000/15983 batches | lr 0.02 | ms/batch  6.15 | loss  4.66 | ppl   105.82
| epoch  27 | 14500/15983 batches | lr 0.02 | ms/batch  6.15 | loss  4.62 | ppl   101.70
| epoch  27 | 15000/15983 batches | lr 0.02 | ms/batch  6.15 | loss  4.62 | ppl   101.17
| epoch  27 | 15500/15983 batches | lr 0.02 | ms/batch  6.16 | loss  4.60 | ppl    99.74
-----------------------------------------------------------------------------------------
| end of epoch  27 | time: 98.95s | valid loss  5.01 | valid ppl   150.15
-----------------------------------------------------------------------------------------
| epoch  28 |   500/15983 batches | lr 0.02 | ms/batch  6.16 | loss  4.68 | ppl   108.26
| epoch  28 |  1000/15983 batches | lr 0.02 | ms/batch  6.15 | loss  4.69 | ppl   108.35
| epoch  28 |  1500/15983 batches | lr 0.02 | ms/batch  6.15 | loss  4.71 | ppl   111.22
| epoch  28 |  2000/15983 batches | lr 0.02 | ms/batch  6.15 | loss  4.65 | ppl   104.12
| epoch  28 |  2500/15983 batches | lr 0.02 | ms/batch  6.15 | loss  4.63 | ppl   102.63
| epoch  28 |  3000/15983 batches | lr 0.02 | ms/batch  6.15 | loss  4.68 | ppl   107.72
| epoch  28 |  3500/15983 batches | lr 0.02 | ms/batch  6.15 | loss  4.69 | ppl   108.34
| epoch  28 |  4000/15983 batches | lr 0.02 | ms/batch  6.16 | loss  4.67 | ppl   106.63
| epoch  28 |  4500/15983 batches | lr 0.02 | ms/batch  6.15 | loss  4.68 | ppl   108.26
| epoch  28 |  5000/15983 batches | lr 0.02 | ms/batch  6.15 | loss  4.70 | ppl   110.27
| epoch  28 |  5500/15983 batches | lr 0.02 | ms/batch  6.15 | loss  4.71 | ppl   111.03
| epoch  28 |  6000/15983 batches | lr 0.02 | ms/batch  6.15 | loss  4.73 | ppl   112.86
| epoch  28 |  6500/15983 batches | lr 0.02 | ms/batch  6.15 | loss  4.68 | ppl   107.27
| epoch  28 |  7000/15983 batches | lr 0.02 | ms/batch  6.15 | loss  4.68 | ppl   107.32
| epoch  28 |  7500/15983 batches | lr 0.02 | ms/batch  6.15 | loss  4.65 | ppl   105.06
| epoch  28 |  8000/15983 batches | lr 0.02 | ms/batch  6.15 | loss  4.72 | ppl   112.05
| epoch  28 |  8500/15983 batches | lr 0.02 | ms/batch  6.15 | loss  4.67 | ppl   106.21
| epoch  28 |  9000/15983 batches | lr 0.02 | ms/batch  6.16 | loss  4.63 | ppl   102.21
| epoch  28 |  9500/15983 batches | lr 0.02 | ms/batch  6.15 | loss  4.64 | ppl   103.94
| epoch  28 | 10000/15983 batches | lr 0.02 | ms/batch  6.15 | loss  4.63 | ppl   102.24
| epoch  28 | 10500/15983 batches | lr 0.02 | ms/batch  6.15 | loss  4.68 | ppl   107.57
| epoch  28 | 11000/15983 batches | lr 0.02 | ms/batch  6.15 | loss  4.69 | ppl   109.11
| epoch  28 | 11500/15983 batches | lr 0.02 | ms/batch  6.15 | loss  4.66 | ppl   105.29
| epoch  28 | 12000/15983 batches | lr 0.02 | ms/batch  6.15 | loss  4.65 | ppl   105.08
| epoch  28 | 12500/15983 batches | lr 0.02 | ms/batch  6.15 | loss  4.62 | ppl   101.99
| epoch  28 | 13000/15983 batches | lr 0.02 | ms/batch  6.15 | loss  4.64 | ppl   103.65
| epoch  28 | 13500/15983 batches | lr 0.02 | ms/batch  6.16 | loss  4.64 | ppl   103.95
| epoch  28 | 14000/15983 batches | lr 0.02 | ms/batch  6.15 | loss  4.66 | ppl   105.83
| epoch  28 | 14500/15983 batches | lr 0.02 | ms/batch  6.15 | loss  4.62 | ppl   101.79
| epoch  28 | 15000/15983 batches | lr 0.02 | ms/batch  6.15 | loss  4.61 | ppl   100.96
| epoch  28 | 15500/15983 batches | lr 0.02 | ms/batch  6.15 | loss  4.60 | ppl    99.82
-----------------------------------------------------------------------------------------
| end of epoch  28 | time: 98.94s | valid loss  5.01 | valid ppl   150.35
-----------------------------------------------------------------------------------------
=========================================================================================
| End of training | test loss  5.07 | test ppl   159.75
=========================================================================================
