Vocabulary Size:  27710
Total number of model parameters: 11.27M
| epoch   1 |   500/15983 batches | lr 20.00 | ms/batch 331.41 | loss 18.76 | ppl 139969355.96
| epoch   1 |  1000/15983 batches | lr 20.00 | ms/batch 321.79 | loss 18.52 | ppl 110210037.48
| epoch   1 |  1500/15983 batches | lr 20.00 | ms/batch 322.69 | loss 19.05 | ppl 186715207.32
| epoch   1 |  2000/15983 batches | lr 20.00 | ms/batch 327.19 | loss 19.28 | ppl 237302804.09
| epoch   1 |  2500/15983 batches | lr 20.00 | ms/batch 327.19 | loss 19.24 | ppl 227063390.98
| epoch   1 |  3000/15983 batches | lr 20.00 | ms/batch 326.89 | loss 18.97 | ppl 172981989.15
| epoch   1 |  3500/15983 batches | lr 20.00 | ms/batch 331.10 | loss 19.16 | ppl 209458812.25
| epoch   1 |  4000/15983 batches | lr 20.00 | ms/batch 332.70 | loss 18.79 | ppl 144536014.59
| epoch   1 |  4500/15983 batches | lr 20.00 | ms/batch 332.00 | loss 18.88 | ppl 158752226.19
| epoch   1 |  5000/15983 batches | lr 20.00 | ms/batch 332.15 | loss 18.86 | ppl 154598469.01
| epoch   1 |  5500/15983 batches | lr 20.00 | ms/batch 331.00 | loss 18.59 | ppl 118802439.58
| epoch   1 |  6000/15983 batches | lr 20.00 | ms/batch 331.47 | loss 18.69 | ppl 130822310.45
| epoch   1 |  6500/15983 batches | lr 20.00 | ms/batch 330.08 | loss 19.11 | ppl 198844464.77
| epoch   1 |  7000/15983 batches | lr 20.00 | ms/batch 328.76 | loss 18.91 | ppl 162432882.56
| epoch   1 |  7500/15983 batches | lr 20.00 | ms/batch 328.45 | loss 18.86 | ppl 155804314.18
| epoch   1 |  8000/15983 batches | lr 20.00 | ms/batch 325.77 | loss 19.46 | ppl 282191823.78
| epoch   1 |  8500/15983 batches | lr 20.00 | ms/batch 325.23 | loss 19.01 | ppl 180707142.02
| epoch   1 |  9000/15983 batches | lr 20.00 | ms/batch 325.50 | loss 19.05 | ppl 188112531.37
| epoch   1 |  9500/15983 batches | lr 20.00 | ms/batch 326.29 | loss 19.02 | ppl 182596731.21
| epoch   1 | 10000/15983 batches | lr 20.00 | ms/batch 325.88 | loss 18.76 | ppl 139835574.07
| epoch   1 | 10500/15983 batches | lr 20.00 | ms/batch 326.39 | loss 18.87 | ppl 157268714.16
| epoch   1 | 11000/15983 batches | lr 20.00 | ms/batch 327.77 | loss 19.26 | ppl 232071012.31
| epoch   1 | 11500/15983 batches | lr 20.00 | ms/batch 328.58 | loss 18.64 | ppl 124089389.49
| epoch   1 | 12000/15983 batches | lr 20.00 | ms/batch 325.45 | loss 18.75 | ppl 138598386.79
| epoch   1 | 12500/15983 batches | lr 20.00 | ms/batch 328.15 | loss 18.77 | ppl 141260154.72
| epoch   1 | 13000/15983 batches | lr 20.00 | ms/batch 328.19 | loss 19.45 | ppl 280838583.56
| epoch   1 | 13500/15983 batches | lr 20.00 | ms/batch 328.60 | loss 18.72 | ppl 134387308.31
| epoch   1 | 14000/15983 batches | lr 20.00 | ms/batch 328.54 | loss 18.62 | ppl 122530773.24
| epoch   1 | 14500/15983 batches | lr 20.00 | ms/batch 328.41 | loss 19.04 | ppl 185792737.50
| epoch   1 | 15000/15983 batches | lr 20.00 | ms/batch 327.73 | loss 18.78 | ppl 143033779.57
| epoch   1 | 15500/15983 batches | lr 20.00 | ms/batch 326.11 | loss 18.55 | ppl 113985083.11
-----------------------------------------------------------------------------------------
| end of epoch   1 | time: 5260.93s | valid loss 20.37 | valid ppl 700028418.12
-----------------------------------------------------------------------------------------
| epoch   2 |   500/15983 batches | lr 20.00 | ms/batch 327.40 | loss 19.26 | ppl 232333175.46
| epoch   2 |  1000/15983 batches | lr 20.00 | ms/batch 326.10 | loss 19.01 | ppl 179824079.60
| epoch   2 |  1500/15983 batches | lr 20.00 | ms/batch 326.35 | loss 19.29 | ppl 238915376.99
| epoch   2 |  2000/15983 batches | lr 20.00 | ms/batch 326.86 | loss 19.36 | ppl 256928372.93
| epoch   2 |  2500/15983 batches | lr 20.00 | ms/batch 327.76 | loss 18.86 | ppl 155204124.60
| epoch   2 |  3000/15983 batches | lr 20.00 | ms/batch 331.33 | loss 18.86 | ppl 154554774.39
| epoch   2 |  3500/15983 batches | lr 20.00 | ms/batch 331.58 | loss 18.60 | ppl 119598516.46
| epoch   2 |  4000/15983 batches | lr 20.00 | ms/batch 331.89 | loss 18.10 | ppl 72457517.77
| epoch   2 |  4500/15983 batches | lr 20.00 | ms/batch 331.97 | loss 16.40 | ppl 13321469.79
| epoch   2 |  5000/15983 batches | lr 20.00 | ms/batch 332.41 | loss 16.50 | ppl 14682579.36
| epoch   2 |  5500/15983 batches | lr 20.00 | ms/batch 334.22 | loss 15.94 | ppl 8335549.99
| epoch   2 |  6000/15983 batches | lr 20.00 | ms/batch 334.73 | loss 14.14 | ppl 1376631.26
| epoch   2 |  6500/15983 batches | lr 20.00 | ms/batch 331.01 | loss 13.98 | ppl 1180087.00
| epoch   2 |  7000/15983 batches | lr 20.00 | ms/batch 329.52 | loss 14.14 | ppl 1377273.93
| epoch   2 |  7500/15983 batches | lr 20.00 | ms/batch 328.90 | loss 13.94 | ppl 1133609.93
| epoch   2 |  8000/15983 batches | lr 20.00 | ms/batch 328.50 | loss 14.11 | ppl 1346443.98
| epoch   2 |  8500/15983 batches | lr 20.00 | ms/batch 329.18 | loss 13.91 | ppl 1101997.62
| epoch   2 |  9000/15983 batches | lr 20.00 | ms/batch 325.99 | loss 13.85 | ppl 1030020.60
| epoch   2 |  9500/15983 batches | lr 20.00 | ms/batch 325.52 | loss 13.97 | ppl 1169580.08
| epoch   2 | 10000/15983 batches | lr 20.00 | ms/batch 326.13 | loss 13.88 | ppl 1063333.80
| epoch   2 | 10500/15983 batches | lr 20.00 | ms/batch 326.48 | loss 13.96 | ppl 1159942.89
| epoch   2 | 11000/15983 batches | lr 20.00 | ms/batch 326.27 | loss 13.94 | ppl 1130688.86
| epoch   2 | 11500/15983 batches | lr 20.00 | ms/batch 323.36 | loss 14.07 | ppl 1291642.92
| epoch   2 | 12000/15983 batches | lr 20.00 | ms/batch 324.43 | loss 14.30 | ppl 1624319.68
| epoch   2 | 12500/15983 batches | lr 20.00 | ms/batch 325.25 | loss 14.09 | ppl 1309929.13
| epoch   2 | 13000/15983 batches | lr 20.00 | ms/batch 325.15 | loss 14.29 | ppl 1613283.18
| epoch   2 | 13500/15983 batches | lr 20.00 | ms/batch 325.89 | loss 14.12 | ppl 1350394.96
| epoch   2 | 14000/15983 batches | lr 20.00 | ms/batch 326.24 | loss 14.14 | ppl 1389436.78
| epoch   2 | 14500/15983 batches | lr 20.00 | ms/batch 325.63 | loss 14.00 | ppl 1200525.68
| epoch   2 | 15000/15983 batches | lr 20.00 | ms/batch 325.67 | loss 13.85 | ppl 1035823.71
| epoch   2 | 15500/15983 batches | lr 20.00 | ms/batch 326.99 | loss 13.92 | ppl 1108098.85
-----------------------------------------------------------------------------------------
| end of epoch   2 | time: 5260.23s | valid loss 13.79 | valid ppl 974966.30
-----------------------------------------------------------------------------------------
| epoch   3 |   500/15983 batches | lr 20.00 | ms/batch 326.87 | loss 13.74 | ppl 925124.25
| epoch   3 |  1000/15983 batches | lr 20.00 | ms/batch 324.04 | loss 13.78 | ppl 967880.05
| epoch   3 |  1500/15983 batches | lr 20.00 | ms/batch 325.32 | loss 13.89 | ppl 1077478.88
| epoch   3 |  2000/15983 batches | lr 20.00 | ms/batch 331.62 | loss 13.80 | ppl 983708.55
| epoch   3 |  2500/15983 batches | lr 20.00 | ms/batch 332.29 | loss 13.64 | ppl 835833.16
| epoch   3 |  3000/15983 batches | lr 20.00 | ms/batch 333.93 | loss 13.81 | ppl 995342.28
| epoch   3 |  3500/15983 batches | lr 20.00 | ms/batch 333.15 | loss 13.81 | ppl 997544.37
| epoch   3 |  4000/15983 batches | lr 20.00 | ms/batch 330.49 | loss 13.79 | ppl 979349.65
| epoch   3 |  4500/15983 batches | lr 20.00 | ms/batch 330.97 | loss 13.85 | ppl 1038494.70
| epoch   3 |  5000/15983 batches | lr 20.00 | ms/batch 329.94 | loss 13.71 | ppl 900656.19
| epoch   3 |  5500/15983 batches | lr 20.00 | ms/batch 328.60 | loss 13.72 | ppl 904715.51
| epoch   3 |  6000/15983 batches | lr 20.00 | ms/batch 322.79 | loss 13.70 | ppl 891149.31
| epoch   3 |  6500/15983 batches | lr 20.00 | ms/batch 324.58 | loss 13.65 | ppl 846389.13
| epoch   3 |  7000/15983 batches | lr 20.00 | ms/batch 322.04 | loss 13.72 | ppl 904891.33
| epoch   3 |  7500/15983 batches | lr 20.00 | ms/batch 324.97 | loss 13.88 | ppl 1067509.17
| epoch   3 |  8000/15983 batches | lr 20.00 | ms/batch 323.02 | loss 13.86 | ppl 1046140.34
| epoch   3 |  8500/15983 batches | lr 20.00 | ms/batch 323.78 | loss 13.76 | ppl 943477.87
| epoch   3 |  9000/15983 batches | lr 20.00 | ms/batch 324.01 | loss 13.70 | ppl 890837.71
| epoch   3 |  9500/15983 batches | lr 20.00 | ms/batch 324.15 | loss 13.94 | ppl 1133197.46
| epoch   3 | 10000/15983 batches | lr 20.00 | ms/batch 324.17 | loss 13.81 | ppl 993241.24
| epoch   3 | 10500/15983 batches | lr 20.00 | ms/batch 325.50 | loss 13.84 | ppl 1026972.42
| epoch   3 | 11000/15983 batches | lr 20.00 | ms/batch 325.78 | loss 14.09 | ppl 1315745.01
| epoch   3 | 11500/15983 batches | lr 20.00 | ms/batch 325.69 | loss 13.93 | ppl 1117541.75
| epoch   3 | 12000/15983 batches | lr 20.00 | ms/batch 324.41 | loss 13.89 | ppl 1078784.78
| epoch   3 | 12500/15983 batches | lr 20.00 | ms/batch 324.46 | loss 13.95 | ppl 1139333.65
| epoch   3 | 13000/15983 batches | lr 20.00 | ms/batch 326.36 | loss 13.97 | ppl 1170914.82
| epoch   3 | 13500/15983 batches | lr 20.00 | ms/batch 325.69 | loss 13.84 | ppl 1028589.75
| epoch   3 | 14000/15983 batches | lr 20.00 | ms/batch 327.54 | loss 13.91 | ppl 1095800.12
| epoch   3 | 14500/15983 batches | lr 20.00 | ms/batch 328.07 | loss 13.70 | ppl 894335.24
| epoch   3 | 15000/15983 batches | lr 20.00 | ms/batch 327.79 | loss 13.71 | ppl 901373.55
| epoch   3 | 15500/15983 batches | lr 20.00 | ms/batch 326.89 | loss 13.82 | ppl 1002459.52
-----------------------------------------------------------------------------------------
| end of epoch   3 | time: 5239.24s | valid loss 10.72 | valid ppl 45355.98
-----------------------------------------------------------------------------------------
| epoch   4 |   500/15983 batches | lr 20.00 | ms/batch 324.15 | loss 13.89 | ppl 1080441.04
| epoch   4 |  1000/15983 batches | lr 20.00 | ms/batch 324.11 | loss 14.00 | ppl 1198168.00
| epoch   4 |  1500/15983 batches | lr 20.00 | ms/batch 323.92 | loss 13.87 | ppl 1051509.10
| epoch   4 |  2000/15983 batches | lr 20.00 | ms/batch 324.04 | loss 13.86 | ppl 1043561.25
| epoch   4 |  2500/15983 batches | lr 20.00 | ms/batch 324.17 | loss 13.87 | ppl 1051349.62
| epoch   4 |  3000/15983 batches | lr 20.00 | ms/batch 323.35 | loss 13.82 | ppl 1005489.42
| epoch   4 |  3500/15983 batches | lr 20.00 | ms/batch 323.73 | loss 13.87 | ppl 1056280.85
| epoch   4 |  4000/15983 batches | lr 20.00 | ms/batch 323.22 | loss 14.11 | ppl 1348529.54
| epoch   4 |  4500/15983 batches | lr 20.00 | ms/batch 323.28 | loss 13.98 | ppl 1176657.79
| epoch   4 |  5000/15983 batches | lr 20.00 | ms/batch 323.92 | loss 13.95 | ppl 1139656.68
| epoch   4 |  5500/15983 batches | lr 20.00 | ms/batch 322.78 | loss 13.86 | ppl 1043864.90
| epoch   4 |  6000/15983 batches | lr 20.00 | ms/batch 321.67 | loss 14.03 | ppl 1244057.28
| epoch   4 |  6500/15983 batches | lr 20.00 | ms/batch 322.40 | loss 13.99 | ppl 1191550.09
| epoch   4 |  7000/15983 batches | lr 20.00 | ms/batch 322.27 | loss 14.07 | ppl 1296207.31
| epoch   4 |  7500/15983 batches | lr 20.00 | ms/batch 324.01 | loss 14.02 | ppl 1230567.92
| epoch   4 |  8000/15983 batches | lr 20.00 | ms/batch 323.81 | loss 14.05 | ppl 1263994.81
| epoch   4 |  8500/15983 batches | lr 20.00 | ms/batch 322.70 | loss 14.01 | ppl 1208819.33
| epoch   4 |  9000/15983 batches | lr 20.00 | ms/batch 323.13 | loss 13.89 | ppl 1072658.76
| epoch   4 |  9500/15983 batches | lr 20.00 | ms/batch 323.96 | loss 14.05 | ppl 1263484.87
| epoch   4 | 10000/15983 batches | lr 20.00 | ms/batch 326.35 | loss 14.11 | ppl 1342320.01
| epoch   4 | 10500/15983 batches | lr 20.00 | ms/batch 327.28 | loss 14.14 | ppl 1385386.03
| epoch   4 | 11000/15983 batches | lr 20.00 | ms/batch 326.75 | loss 14.01 | ppl 1213707.42
| epoch   4 | 11500/15983 batches | lr 20.00 | ms/batch 324.97 | loss 13.98 | ppl 1178362.20
| epoch   4 | 12000/15983 batches | lr 20.00 | ms/batch 325.68 | loss 14.12 | ppl 1356216.62
| epoch   4 | 12500/15983 batches | lr 20.00 | ms/batch 325.25 | loss 13.96 | ppl 1154749.83
| epoch   4 | 13000/15983 batches | lr 20.00 | ms/batch 326.91 | loss 14.02 | ppl 1230929.83
| epoch   4 | 13500/15983 batches | lr 20.00 | ms/batch 326.39 | loss 13.93 | ppl 1120909.97
| epoch   4 | 14000/15983 batches | lr 20.00 | ms/batch 324.82 | loss 13.88 | ppl 1062863.11
| epoch   4 | 14500/15983 batches | lr 20.00 | ms/batch 325.03 | loss 14.00 | ppl 1205613.05
| epoch   4 | 15000/15983 batches | lr 20.00 | ms/batch 325.35 | loss 13.96 | ppl 1155327.87
| epoch   4 | 15500/15983 batches | lr 20.00 | ms/batch 323.69 | loss 13.84 | ppl 1020925.31
-----------------------------------------------------------------------------------------
| end of epoch   4 | time: 5201.20s | valid loss 13.39 | valid ppl 656161.66
-----------------------------------------------------------------------------------------
| epoch   5 |   500/15983 batches | lr 5.00 | ms/batch 324.06 | loss  7.58 | ppl  1965.00
| epoch   5 |  1000/15983 batches | lr 5.00 | ms/batch 323.86 | loss  7.41 | ppl  1660.55
| epoch   5 |  1500/15983 batches | lr 5.00 | ms/batch 324.41 | loss  7.43 | ppl  1682.60
| epoch   5 |  2000/15983 batches | lr 5.00 | ms/batch 323.28 | loss  7.37 | ppl  1582.04
| epoch   5 |  2500/15983 batches | lr 5.00 | ms/batch 323.63 | loss  7.28 | ppl  1444.44
| epoch   5 |  3000/15983 batches | lr 5.00 | ms/batch 322.69 | loss  7.36 | ppl  1567.05
| epoch   5 |  3500/15983 batches | lr 5.00 | ms/batch 323.15 | loss  7.37 | ppl  1592.78
| epoch   5 |  4000/15983 batches | lr 5.00 | ms/batch 324.36 | loss  7.41 | ppl  1652.94
| epoch   5 |  4500/15983 batches | lr 5.00 | ms/batch 325.21 | loss  7.41 | ppl  1644.71
| epoch   5 |  5000/15983 batches | lr 5.00 | ms/batch 323.10 | loss  7.44 | ppl  1695.61
| epoch   5 |  5500/15983 batches | lr 5.00 | ms/batch 323.56 | loss  7.38 | ppl  1607.71
| epoch   5 |  6000/15983 batches | lr 5.00 | ms/batch 322.76 | loss  7.39 | ppl  1622.36
| epoch   5 |  6500/15983 batches | lr 5.00 | ms/batch 323.72 | loss  7.36 | ppl  1577.17
| epoch   5 |  7000/15983 batches | lr 5.00 | ms/batch 324.63 | loss  7.38 | ppl  1606.66
| epoch   5 |  7500/15983 batches | lr 5.00 | ms/batch 324.85 | loss  7.37 | ppl  1591.50
| epoch   5 |  8000/15983 batches | lr 5.00 | ms/batch 324.39 | loss  7.41 | ppl  1657.50
| epoch   5 |  8500/15983 batches | lr 5.00 | ms/batch 324.34 | loss  7.37 | ppl  1585.95
| epoch   5 |  9000/15983 batches | lr 5.00 | ms/batch 324.46 | loss  7.33 | ppl  1524.53
| epoch   5 |  9500/15983 batches | lr 5.00 | ms/batch 324.97 | loss  7.34 | ppl  1543.47
| epoch   5 | 10000/15983 batches | lr 5.00 | ms/batch 324.07 | loss  7.35 | ppl  1563.71
| epoch   5 | 10500/15983 batches | lr 5.00 | ms/batch 323.37 | loss  7.36 | ppl  1568.90
| epoch   5 | 11000/15983 batches | lr 5.00 | ms/batch 322.11 | loss  7.36 | ppl  1576.34
| epoch   5 | 11500/15983 batches | lr 5.00 | ms/batch 321.93 | loss  7.35 | ppl  1552.46
| epoch   5 | 12000/15983 batches | lr 5.00 | ms/batch 327.21 | loss  7.31 | ppl  1500.66
| epoch   5 | 12500/15983 batches | lr 5.00 | ms/batch 322.70 | loss  7.29 | ppl  1467.08
| epoch   5 | 13000/15983 batches | lr 5.00 | ms/batch 326.44 | loss  7.34 | ppl  1534.01
| epoch   5 | 13500/15983 batches | lr 5.00 | ms/batch 327.92 | loss  7.35 | ppl  1549.46
| epoch   5 | 14000/15983 batches | lr 5.00 | ms/batch 327.21 | loss  7.35 | ppl  1563.33
| epoch   5 | 14500/15983 batches | lr 5.00 | ms/batch 327.96 | loss  7.26 | ppl  1423.35
| epoch   5 | 15000/15983 batches | lr 5.00 | ms/batch 328.36 | loss  7.27 | ppl  1433.60
| epoch   5 | 15500/15983 batches | lr 5.00 | ms/batch 328.72 | loss  7.28 | ppl  1445.29
-----------------------------------------------------------------------------------------
| end of epoch   5 | time: 5207.24s | valid loss  7.34 | valid ppl  1541.33
-----------------------------------------------------------------------------------------
| epoch   6 |   500/15983 batches | lr 5.00 | ms/batch 321.87 | loss  7.38 | ppl  1597.55
| epoch   6 |  1000/15983 batches | lr 5.00 | ms/batch 322.09 | loss  7.37 | ppl  1595.43
| epoch   6 |  1500/15983 batches | lr 5.00 | ms/batch 321.63 | loss  7.40 | ppl  1633.57
| epoch   6 |  2000/15983 batches | lr 5.00 | ms/batch 321.75 | loss  7.35 | ppl  1550.05
| epoch   6 |  2500/15983 batches | lr 5.00 | ms/batch 322.18 | loss  7.26 | ppl  1429.26
| epoch   6 |  3000/15983 batches | lr 5.00 | ms/batch 321.45 | loss  7.35 | ppl  1551.17
| epoch   6 |  3500/15983 batches | lr 5.00 | ms/batch 321.99 | loss  7.36 | ppl  1566.41
| epoch   6 |  4000/15983 batches | lr 5.00 | ms/batch 321.69 | loss  7.39 | ppl  1626.71
| epoch   6 |  4500/15983 batches | lr 5.00 | ms/batch 321.11 | loss  7.40 | ppl  1628.63
| epoch   6 |  5000/15983 batches | lr 5.00 | ms/batch 320.95 | loss  7.42 | ppl  1664.25
| epoch   6 |  5500/15983 batches | lr 5.00 | ms/batch 321.64 | loss  7.37 | ppl  1589.26
| epoch   6 |  6000/15983 batches | lr 5.00 | ms/batch 321.21 | loss  7.38 | ppl  1601.27
| epoch   6 |  6500/15983 batches | lr 5.00 | ms/batch 321.53 | loss  7.37 | ppl  1579.93
| epoch   6 |  7000/15983 batches | lr 5.00 | ms/batch 321.29 | loss  7.38 | ppl  1605.91
| epoch   6 |  7500/15983 batches | lr 5.00 | ms/batch 321.47 | loss  7.35 | ppl  1553.66
| epoch   6 |  8000/15983 batches | lr 5.00 | ms/batch 322.65 | loss  7.41 | ppl  1655.44
| epoch   6 |  8500/15983 batches | lr 5.00 | ms/batch 323.04 | loss  7.35 | ppl  1553.86
| epoch   6 |  9000/15983 batches | lr 5.00 | ms/batch 322.40 | loss  7.31 | ppl  1492.48
| epoch   6 |  9500/15983 batches | lr 5.00 | ms/batch 321.67 | loss  7.35 | ppl  1555.10
| epoch   6 | 10000/15983 batches | lr 5.00 | ms/batch 320.69 | loss  7.34 | ppl  1540.34
| epoch   6 | 10500/15983 batches | lr 5.00 | ms/batch 321.27 | loss  7.34 | ppl  1548.18
| epoch   6 | 11000/15983 batches | lr 5.00 | ms/batch 320.68 | loss  7.36 | ppl  1576.08
| epoch   6 | 11500/15983 batches | lr 5.00 | ms/batch 320.13 | loss  7.33 | ppl  1532.08
| epoch   6 | 12000/15983 batches | lr 5.00 | ms/batch 319.97 | loss  7.31 | ppl  1488.34
| epoch   6 | 12500/15983 batches | lr 5.00 | ms/batch 320.33 | loss  7.29 | ppl  1461.31
| epoch   6 | 13000/15983 batches | lr 5.00 | ms/batch 321.77 | loss  7.32 | ppl  1508.20
| epoch   6 | 13500/15983 batches | lr 5.00 | ms/batch 321.73 | loss  7.33 | ppl  1532.55
| epoch   6 | 14000/15983 batches | lr 5.00 | ms/batch 321.90 | loss  7.34 | ppl  1548.35
| epoch   6 | 14500/15983 batches | lr 5.00 | ms/batch 321.31 | loss  7.26 | ppl  1420.94
| epoch   6 | 15000/15983 batches | lr 5.00 | ms/batch 322.29 | loss  7.27 | ppl  1439.20
| epoch   6 | 15500/15983 batches | lr 5.00 | ms/batch 321.72 | loss  7.28 | ppl  1449.35
-----------------------------------------------------------------------------------------
| end of epoch   6 | time: 5156.46s | valid loss  7.38 | valid ppl  1596.62
-----------------------------------------------------------------------------------------
=========================================================================================
| End of training | test loss  7.42 | test ppl  1676.66
=========================================================================================
